Arguments: 
  C:\Program Files\nodejs\node.exe C:\Users\Dell 3490\AppData\Roaming\npm\node_modules\yarn\bin\yarn.js build-user

PATH: 
  C:\Users\Dell 3490\bin;C:\Program Files\Git\mingw64\bin;C:\Program Files\Git\usr\local\bin;C:\Program Files\Git\usr\bin;C:\Program Files\Git\usr\bin;C:\Program Files\Git\mingw64\bin;C:\Program Files\Git\usr\bin;C:\Users\Dell 3490\bin;C:\Windows\system32;C:\Windows;C:\Windows\System32\Wbem;C:\Windows\System32\WindowsPowerShell\v1.0;C:\Windows\System32\OpenSSH;C:\Program Files\nodejs;C:\Program Files\TortoiseGit\bin;C:\Program Files\Git\cmd;C:\Program Files\dotnet;C:\Program Files\Cloudflare\Cloudflare WARP;C:\Users\Dell 3490\AppData\Local\Microsoft\WindowsApps;C:\Users\Dell 3490\AppData\Roaming\npm;C:\Users\Dell 3490\AppData\Local\Programs\Microsoft VS Code\bin;C:\Program Files\Heroku\bin;C:\Program Files\JetBrains\WebStorm 2022.2.3\bin;C:\Program Files\Git\usr\bin\vendor_perl;C:\Program Files\Git\usr\bin\core_perl

Yarn version: 
  1.22.19

Node version: 
  16.18.0

Platform: 
  win32 x64

Trace: 
  SyntaxError: D:\Learning\BookingEventTicket\frontend\package.json: Unexpected token } in JSON at position 256
      at JSON.parse (<anonymous>)
      at C:\Users\Dell 3490\AppData\Roaming\npm\node_modules\yarn\lib\cli.js:1629:59
      at Generator.next (<anonymous>)
      at step (C:\Users\Dell 3490\AppData\Roaming\npm\node_modules\yarn\lib\cli.js:310:30)
      at C:\Users\Dell 3490\AppData\Roaming\npm\node_modules\yarn\lib\cli.js:321:13

npm manifest: 
  {
    "name": "lotus-ticket",
    "version": "1.0.0",
    "description": "",
    "main": "index.js",
    "scripts": {
      "test": "echo \"Error: no test specified\" && exit 1",
      "build-user": "cd ./user-console && yarn build && netlify deploy --prod && build",
    },
    "author": "longquoc47krb",
    "license": "MIT"
  }

yarn manifest: 
  No manifest

Lockfile: 
  No lockfile
