#
# There is insufficient memory for the Java Runtime Environment to continue.
# Native memory allocation (malloc) failed to allocate 32744 bytes for ChunkPool::allocate
# Possible reasons:
#   The system is out of physical RAM or swap space
#   The process is running with CompressedOops enabled, and the Java Heap may be blocking the growth of the native heap
# Possible solutions:
#   Reduce memory load on the system
#   Increase physical memory or swap space
#   Check if swap backing store is full
#   Decrease Java heap size (-Xmx/-Xms)
#   Decrease number of Java threads
#   Decrease Java thread stack sizes (-Xss)
#   Set larger code cache with -XX:ReservedCodeCacheSize=
#   JVM is running with Unscaled Compressed Oops mode in which the Java heap is
#     placed in the first 4GB address space. The Java Heap base address is the
#     maximum limit for the native heap growth. Please use -XX:HeapBaseMinAddress
#     to set the Java Heap base and to place the Java Heap above 4GB virtual address.
# This output file may be truncated or incomplete.
#
#  Out of Memory Error (./src/hotspot/share/memory/arena.cpp:81), pid=11508, tid=15716
#
# JRE version: OpenJDK Runtime Environment Microsoft-7208460 (11.0.18+10) (build 11.0.18+10-LTS)
# Java VM: OpenJDK 64-Bit Server VM Microsoft-7208460 (11.0.18+10-LTS, mixed mode, tiered, compressed oops, g1 gc, windows-amd64)
# No core dump will be written. Minidumps are not enabled by default on client versions of Windows
#

---------------  S U M M A R Y ------------

Command Line: -Xverify:none -XX:TieredStopAtLevel=1 com.hcmute.bookingevent.BookingEventApplication

Host: Intel(R) Core(TM) i5-8250U CPU @ 1.60GHz, 8 cores, 7G,  Windows 10 , 64 bit Build 19041 (10.0.19041.2913)
Time: Thu Jun  1 21:36:55 2023 SE Asia Standard Time elapsed time: 14165.911936 seconds (0d 3h 56m 5s)

---------------  T H R E A D  ---------------

Current thread (0x000002e9cd534800):  VMThread "VM Thread" [stack: 0x000000faadf00000,0x000000faae000000] [id=15716] _threads_hazard_ptr=0x000002e9d1827f30

Stack: [0x000000faadf00000,0x000000faae000000]
[error occurred during error reporting (printing stack bounds), id 0xc0000005, EXCEPTION_ACCESS_VIOLATION (0xc0000005) at pc=0x000002e9b6c6112d]

Native frames: (J=compiled Java code, j=interpreted, Vv=VM code, C=native code)
V  [jvm.dll+0x62bf8a]
V  [jvm.dll+0x7b8fb9]
V  [jvm.dll+0x7ba6a8]
V  [jvm.dll+0x7bace5]
V  [jvm.dll+0x7bac9b]
V  [jvm.dll+0x62b317]
V  [jvm.dll+0x62ba28]
C  [ntdll.dll+0xa23df]
C  [ntdll.dll+0x514a4]
C  [ntdll.dll+0xa0f0e]
C  0x000002e9b6c6112d

VM_Operation (0x000000fab0dff020): BulkRevokeBias, mode: safepoint, requested by thread 0x000002e9d1f5c800


---------------  P R O C E S S  ---------------

Threads class SMR info:
_java_thread_list=0x000002e9d1827f30, length=37, elements={
0x000002e9cdd60800, 0x000002e9cdd69000, 0x000002e9cddbe000, 0x000002e9cddc0000,
0x000002e9cddc2000, 0x000002e9cddc5800, 0x000002e9cddc6800, 0x000002e9cdf05800,
0x000002e9cfb96000, 0x000002e9d16e0800, 0x000002e9d1737800, 0x000002e9cff6c000,
0x000002e9d16cc800, 0x000002e9d1761800, 0x000002e9d1762000, 0x000002e9d176d800,
0x000002e9d176b000, 0x000002e9d176a000, 0x000002e9d176b800, 0x000002e9d176c800,
0x000002e9d1767800, 0x000002e9d176e000, 0x000002e9d1768800, 0x000002e9d1f5a000,
0x000002e9d1f55800, 0x000002e9d1f57000, 0x000002e9d1f56000, 0x000002e9d1f58800,
0x000002e9d1f5c000, 0x000002e9d1f5d800, 0x000002e9d1f5c800, 0x000002e9d1f59800,
0x000002e9d1f63000, 0x000002e9d1f64000, 0x000002e9d1f5f000, 0x000002e9d1f62800,
0x000002e9d1f5e800
}

Java Threads: ( => current thread )
  0x000002e9cdd60800 JavaThread "Reference Handler" daemon [_thread_blocked, id=12292, stack(0x000000faae000000,0x000000faae100000)]
  0x000002e9cdd69000 JavaThread "Finalizer" daemon [_thread_blocked, id=13260, stack(0x000000faae100000,0x000000faae200000)]
  0x000002e9cddbe000 JavaThread "Signal Dispatcher" daemon [_thread_blocked, id=13052, stack(0x000000faae200000,0x000000faae300000)]
  0x000002e9cddc0000 JavaThread "Attach Listener" daemon [_thread_blocked, id=16288, stack(0x000000faae300000,0x000000faae400000)]
  0x000002e9cddc2000 JavaThread "Service Thread" daemon [_thread_blocked, id=3536, stack(0x000000faae400000,0x000000faae500000)]
  0x000002e9cddc5800 JavaThread "C1 CompilerThread0" daemon [_thread_blocked, id=5636, stack(0x000000faae500000,0x000000faae600000)]
  0x000002e9cddc6800 JavaThread "Sweeper thread" daemon [_thread_blocked, id=12732, stack(0x000000faae600000,0x000000faae700000)]
  0x000002e9cdf05800 JavaThread "Common-Cleaner" daemon [_thread_blocked, id=5620, stack(0x000000faae800000,0x000000faae900000)]
  0x000002e9cfb96000 JavaThread "Thread-4" daemon [_thread_in_native, id=10864, stack(0x000000faaf100000,0x000000faaf200000)]
  0x000002e9d16e0800 JavaThread "BufferPoolPruner-1-thread-1" daemon [_thread_blocked, id=2092, stack(0x000000faaf200000,0x000000faaf300000)]
  0x000002e9d1737800 JavaThread "cluster-ClusterId{value='647875b6edc8137898ae5fde', description='null'}-ac-t6cd1ni-shard-00-01.gf6kkyp.mongodb.net:27017" daemon [_thread_in_native, id=12316, stack(0x000000faaf400000,0x000000faaf500000)]
  0x000002e9cff6c000 JavaThread "cluster-rtt-ClusterId{value='647875b6edc8137898ae5fde', description='null'}-ac-t6cd1ni-shard-00-01.gf6kkyp.mongodb.net:27017" daemon [_thread_blocked, id=8772, stack(0x000000faaf500000,0x000000faaf600000)]
  0x000002e9d16cc800 JavaThread "cluster-ClusterId{value='647875b6edc8137898ae5fde', description='null'}-ac-t6cd1ni-shard-00-02.gf6kkyp.mongodb.net:27017" daemon [_thread_blocked, id=1180, stack(0x000000faaf600000,0x000000faaf700000)]
  0x000002e9d1761800 JavaThread "cluster-rtt-ClusterId{value='647875b6edc8137898ae5fde', description='null'}-ac-t6cd1ni-shard-00-02.gf6kkyp.mongodb.net:27017" daemon [_thread_blocked, id=14192, stack(0x000000faaf700000,0x000000faaf800000)]
  0x000002e9d1762000 JavaThread "cluster-ClusterId{value='647875b6edc8137898ae5fde', description='null'}-ac-t6cd1ni-shard-00-00.gf6kkyp.mongodb.net:27017" daemon [_thread_blocked, id=2120, stack(0x000000faaf800000,0x000000faaf900000)]
  0x000002e9d176d800 JavaThread "cluster-rtt-ClusterId{value='647875b6edc8137898ae5fde', description='null'}-ac-t6cd1ni-shard-00-00.gf6kkyp.mongodb.net:27017" daemon [_thread_blocked, id=10756, stack(0x000000faaf900000,0x000000faafa00000)]
  0x000002e9d176b000 JavaThread "MaintenanceTimer-2-thread-1" daemon [_thread_blocked, id=9012, stack(0x000000faafb00000,0x000000faafc00000)]
  0x000002e9d176a000 JavaThread "MaintenanceTimer-3-thread-1" daemon [_thread_blocked, id=14788, stack(0x000000faafc00000,0x000000faafd00000)]
  0x000002e9d176b800 JavaThread "MaintenanceTimer-4-thread-1" daemon [_thread_blocked, id=16208, stack(0x000000faafd00000,0x000000faafe00000)]
  0x000002e9d176c800 JavaThread "Catalina-utility-1" [_thread_blocked, id=3232, stack(0x000000faafe00000,0x000000faaff00000)]
  0x000002e9d1767800 JavaThread "Catalina-utility-2" [_thread_blocked, id=8096, stack(0x000000faaff00000,0x000000fab0000000)]
  0x000002e9d176e000 JavaThread "container-0" [_thread_blocked, id=9816, stack(0x000000fab0000000,0x000000fab0100000)]
  0x000002e9d1768800 JavaThread "Live Reload Server" daemon [_thread_in_native, id=9936, stack(0x000000fab0200000,0x000000fab0300000)]
  0x000002e9d1f5a000 JavaThread "File Watcher" daemon [_thread_blocked, id=3148, stack(0x000000fab0500000,0x000000fab0600000)]
  0x000002e9d1f55800 JavaThread "http-nio-8080-exec-2" daemon [_thread_blocked, id=7828, stack(0x000000fab0700000,0x000000fab0800000)]
  0x000002e9d1f57000 JavaThread "http-nio-8080-exec-3" daemon [_thread_blocked, id=16276, stack(0x000000fab0800000,0x000000fab0900000)]
  0x000002e9d1f56000 JavaThread "http-nio-8080-exec-4" daemon [_thread_blocked, id=7492, stack(0x000000fab0900000,0x000000fab0a00000)]
  0x000002e9d1f58800 JavaThread "http-nio-8080-exec-5" daemon [_thread_blocked, id=14616, stack(0x000000fab0a00000,0x000000fab0b00000)]
  0x000002e9d1f5c000 JavaThread "http-nio-8080-exec-6" daemon [_thread_blocked, id=9076, stack(0x000000fab0b00000,0x000000fab0c00000)]
  0x000002e9d1f5d800 JavaThread "http-nio-8080-exec-7" daemon [_thread_blocked, id=14268, stack(0x000000fab0c00000,0x000000fab0d00000)]
  0x000002e9d1f5c800 JavaThread "http-nio-8080-exec-8" daemon [_thread_blocked, id=6864, stack(0x000000fab0d00000,0x000000fab0e00000)]
  0x000002e9d1f59800 JavaThread "http-nio-8080-exec-10" daemon [_thread_blocked, id=4172, stack(0x000000fab0f00000,0x000000fab1000000)]
  0x000002e9d1f63000 JavaThread "http-nio-8080-Poller" daemon [_thread_blocked, id=15988, stack(0x000000fab1000000,0x000000fab1100000)]
  0x000002e9d1f64000 JavaThread "http-nio-8080-Acceptor" daemon [_thread_in_native, id=5632, stack(0x000000fab1100000,0x000000fab1200000)]
  0x000002e9d1f5f000 JavaThread "DestroyJavaVM" [_thread_blocked, id=9676, stack(0x000000faad900000,0x000000faada00000)]
  0x000002e9d1f62800 JavaThread "http-nio-8080-exec-11" daemon [_thread_blocked, id=16320, stack(0x000000faad600000,0x000000faad700000)]
  0x000002e9d1f5e800 JavaThread "http-nio-8080-exec-12" daemon [_thread_blocked, id=14320, stack(0x000000faad700000,0x000000faad800000)]

Other Threads:
=>0x000002e9cd534800 VMThread "VM Thread" [stack: 0x000000faadf00000,0x000000faae000000] [id=15716] _threads_hazard_ptr=0x000002e9d1827f30
  0x000002e9cdf04000 WatcherThread [stack: 0x000000faae700000,0x000000faae800000] [id=10124]
  0x000002e9ae500800 GCTaskThread "GC Thread#0" [stack: 0x000000faada00000,0x000000faadb00000] [id=12552]
  0x000002e9ce9a0000 GCTaskThread "GC Thread#1" [stack: 0x000000faaeb00000,0x000000faaec00000] [id=5468]
  0x000002e9ce9a1000 GCTaskThread "GC Thread#2" [stack: 0x000000faaec00000,0x000000faaed00000] [id=9544]
  0x000002e9ce9a2000 GCTaskThread "GC Thread#3" [stack: 0x000000faaed00000,0x000000faaee00000] [id=11332]
  0x000002e9ce9a2800 GCTaskThread "GC Thread#4" [stack: 0x000000faaee00000,0x000000faaef00000] [id=2380]
  0x000002e9ce9a3800 GCTaskThread "GC Thread#5" [stack: 0x000000faaef00000,0x000000faaf000000] [id=2440]
  0x000002e9d1c17000 GCTaskThread "GC Thread#6" [stack: 0x000000fab0300000,0x000000fab0400000] [id=10928]
  0x000002e9d1c42000 GCTaskThread "GC Thread#7" [stack: 0x000000fab0400000,0x000000fab0500000] [id=896]
  0x000002e9ae532000 ConcurrentGCThread "G1 Main Marker" [stack: 0x000000faadb00000,0x000000faadc00000] [id=9140]
  0x000002e9ae537800 ConcurrentGCThread "G1 Conc#0" [stack: 0x000000faadc00000,0x000000faadd00000] [id=14152]
  0x000002e9cf123000 ConcurrentGCThread "G1 Conc#1" [stack: 0x000000faaf000000,0x000000faaf100000] [id=10692]
  0x000002e9cd3a4800 ConcurrentGCThread "G1 Refine#0" [stack: 0x000000faadd00000,0x000000faade00000] [id=2360]
  0x000002e9cd3a5000 ConcurrentGCThread "G1 Young RemSet Sampling" [stack: 0x000000faade00000,0x000000faadf00000] [id=9860]

Threads with active compile tasks:

VM state:at safepoint (normal execution)

VM Mutex/Monitor currently owned by a thread:  ([mutex/lock_event])
[0x000002e9ae4e6100] Threads_lock - owner thread: 0x000002e9cd534800

Heap address: 0x0000000081a00000, size: 2022 MB, Compressed Oops mode: 32-bit
Narrow klass base: 0x0000000000000000, Narrow klass shift: 3
Compressed class space size: 1073741824 Address: 0x0000000100000000

Heap:
 garbage-first heap   total 189440K, used 50057K [0x0000000081a00000, 0x0000000100000000)
  region size 1024K, 10 young (10240K), 1 survivors (1024K)
 Metaspace       used 66470K, capacity 69876K, committed 70140K, reserved 1110016K
  class space    used 8584K, capacity 9940K, committed 10032K, reserved 1048576K
Heap Regions: E=young(eden), S=young(survivor), O=old, HS=humongous(starts), HC=humongous(continues), CS=collection set, F=free, A=archive, TAMS=top-at-mark-start (previous, next)
|   0|0x0000000081a00000, 0x0000000081b00000, 0x0000000081b00000|100%| O|  |TAMS 0x0000000081b00000, 0x0000000081a00000| Untracked 
|   1|0x0000000081b00000, 0x0000000081c00000, 0x0000000081c00000|100%| O|  |TAMS 0x0000000081c00000, 0x0000000081b00000| Untracked 
|   2|0x0000000081c00000, 0x0000000081d00000, 0x0000000081d00000|100%| O|  |TAMS 0x0000000081d00000, 0x0000000081c00000| Untracked 
|   3|0x0000000081d00000, 0x0000000081e00000, 0x0000000081e00000|100%| O|  |TAMS 0x0000000081e00000, 0x0000000081d00000| Untracked 
|   4|0x0000000081e00000, 0x0000000081f00000, 0x0000000081f00000|100%| O|  |TAMS 0x0000000081f00000, 0x0000000081e00000| Untracked 
|   5|0x0000000081f00000, 0x0000000082000000, 0x0000000082000000|100%| O|  |TAMS 0x0000000082000000, 0x0000000081f00000| Untracked 
|   6|0x0000000082000000, 0x0000000082100000, 0x0000000082100000|100%| O|  |TAMS 0x0000000082100000, 0x0000000082000000| Untracked 
|   7|0x0000000082100000, 0x0000000082200000, 0x0000000082200000|100%| O|  |TAMS 0x0000000082200000, 0x0000000082100000| Untracked 
|   8|0x0000000082200000, 0x0000000082300000, 0x0000000082300000|100%| O|  |TAMS 0x0000000082300000, 0x0000000082200000| Untracked 
|   9|0x0000000082300000, 0x0000000082400000, 0x0000000082400000|100%| O|  |TAMS 0x0000000082400000, 0x0000000082300000| Untracked 
|  10|0x0000000082400000, 0x0000000082500000, 0x0000000082500000|100%| O|  |TAMS 0x0000000082500000, 0x0000000082400000| Untracked 
|  11|0x0000000082500000, 0x0000000082600000, 0x0000000082600000|100%| O|  |TAMS 0x0000000082600000, 0x0000000082500000| Untracked 
|  12|0x0000000082600000, 0x0000000082700000, 0x0000000082700000|100%| O|  |TAMS 0x0000000082700000, 0x0000000082600000| Untracked 
|  13|0x0000000082700000, 0x0000000082800000, 0x0000000082800000|100%| O|  |TAMS 0x0000000082800000, 0x0000000082700000| Untracked 
|  14|0x0000000082800000, 0x0000000082900000, 0x0000000082900000|100%| O|  |TAMS 0x0000000082900000, 0x0000000082800000| Untracked 
|  15|0x0000000082900000, 0x0000000082a00000, 0x0000000082a00000|100%| O|  |TAMS 0x0000000082a00000, 0x0000000082900000| Untracked 
|  16|0x0000000082a00000, 0x0000000082b00000, 0x0000000082b00000|100%| O|  |TAMS 0x0000000082b00000, 0x0000000082a00000| Untracked 
|  17|0x0000000082b00000, 0x0000000082c00000, 0x0000000082c00000|100%| O|  |TAMS 0x0000000082c00000, 0x0000000082b00000| Untracked 
|  18|0x0000000082c00000, 0x0000000082d00000, 0x0000000082d00000|100%| O|  |TAMS 0x0000000082d00000, 0x0000000082c00000| Untracked 
|  19|0x0000000082d00000, 0x0000000082e00000, 0x0000000082e00000|100%| O|  |TAMS 0x0000000082e00000, 0x0000000082d00000| Untracked 
|  20|0x0000000082e00000, 0x0000000082f00000, 0x0000000082f00000|100%| O|  |TAMS 0x0000000082f00000, 0x0000000082e00000| Untracked 
|  21|0x0000000082f00000, 0x0000000083000000, 0x0000000083000000|100%| O|  |TAMS 0x0000000083000000, 0x0000000082f00000| Untracked 
|  22|0x0000000083000000, 0x0000000083100000, 0x0000000083100000|100%| O|  |TAMS 0x0000000083100000, 0x0000000083000000| Untracked 
|  23|0x0000000083100000, 0x0000000083200000, 0x0000000083200000|100%| O|  |TAMS 0x0000000083200000, 0x0000000083100000| Untracked 
|  24|0x0000000083200000, 0x0000000083300000, 0x0000000083300000|100%| O|  |TAMS 0x0000000083300000, 0x0000000083200000| Untracked 
|  25|0x0000000083300000, 0x0000000083400000, 0x0000000083400000|100%| O|  |TAMS 0x0000000083400000, 0x0000000083300000| Untracked 
|  26|0x0000000083400000, 0x0000000083500000, 0x0000000083500000|100%| O|  |TAMS 0x00000000834a3400, 0x0000000083400000| Untracked 
|  27|0x0000000083500000, 0x0000000083600000, 0x0000000083600000|100%| O|  |TAMS 0x0000000083500000, 0x0000000083500000| Untracked 
|  28|0x0000000083600000, 0x0000000083700000, 0x0000000083700000|100%| O|  |TAMS 0x0000000083600000, 0x0000000083600000| Untracked 
|  29|0x0000000083700000, 0x0000000083800000, 0x0000000083800000|100%| O|  |TAMS 0x0000000083700000, 0x0000000083700000| Untracked 
|  30|0x0000000083800000, 0x0000000083900000, 0x0000000083900000|100%| O|  |TAMS 0x0000000083800000, 0x0000000083800000| Untracked 
|  31|0x0000000083900000, 0x0000000083a00000, 0x0000000083a00000|100%| O|  |TAMS 0x0000000083900000, 0x0000000083900000| Untracked 
|  32|0x0000000083a00000, 0x0000000083b00000, 0x0000000083b00000|100%| O|  |TAMS 0x0000000083a00000, 0x0000000083a00000| Untracked 
|  33|0x0000000083b00000, 0x0000000083c00000, 0x0000000083c00000|100%| O|  |TAMS 0x0000000083b00000, 0x0000000083b00000| Untracked 
|  34|0x0000000083c00000, 0x0000000083d00000, 0x0000000083d00000|100%| O|  |TAMS 0x0000000083c00000, 0x0000000083c00000| Untracked 
|  35|0x0000000083d00000, 0x0000000083e00000, 0x0000000083e00000|100%| O|  |TAMS 0x0000000083d00000, 0x0000000083d00000| Untracked 
|  36|0x0000000083e00000, 0x0000000083f00000, 0x0000000083f00000|100%| O|  |TAMS 0x0000000083e00000, 0x0000000083e00000| Untracked 
|  37|0x0000000083f00000, 0x0000000084000000, 0x0000000084000000|100%| O|  |TAMS 0x0000000083f00000, 0x0000000083f00000| Untracked 
|  38|0x0000000084000000, 0x0000000084100000, 0x0000000084100000|100%| O|  |TAMS 0x0000000084000000, 0x0000000084000000| Untracked 
|  39|0x0000000084100000, 0x0000000084200000, 0x0000000084200000|100%| O|  |TAMS 0x0000000084100000, 0x0000000084100000| Untracked 
|  40|0x0000000084200000, 0x00000000842cf400, 0x0000000084300000| 80%| O|  |TAMS 0x0000000084200000, 0x0000000084200000| Untracked 
|  41|0x0000000084300000, 0x0000000084300000, 0x0000000084400000|  0%| F|  |TAMS 0x0000000084300000, 0x0000000084300000| Untracked 
|  42|0x0000000084400000, 0x0000000084400000, 0x0000000084500000|  0%| F|  |TAMS 0x0000000084400000, 0x0000000084400000| Untracked 
|  43|0x0000000084500000, 0x0000000084500000, 0x0000000084600000|  0%| F|  |TAMS 0x0000000084500000, 0x0000000084500000| Untracked 
|  44|0x0000000084600000, 0x0000000084600000, 0x0000000084700000|  0%| F|  |TAMS 0x0000000084600000, 0x0000000084600000| Untracked 
|  45|0x0000000084700000, 0x0000000084700000, 0x0000000084800000|  0%| F|  |TAMS 0x0000000084700000, 0x0000000084700000| Untracked 
|  46|0x0000000084800000, 0x0000000084800000, 0x0000000084900000|  0%| F|  |TAMS 0x0000000084800000, 0x0000000084800000| Untracked 
|  47|0x0000000084900000, 0x0000000084900000, 0x0000000084a00000|  0%| F|  |TAMS 0x0000000084900000, 0x0000000084900000| Untracked 
|  48|0x0000000084a00000, 0x0000000084a00000, 0x0000000084b00000|  0%| F|  |TAMS 0x0000000084a00000, 0x0000000084a00000| Untracked 
|  49|0x0000000084b00000, 0x0000000084b00000, 0x0000000084c00000|  0%| F|  |TAMS 0x0000000084b00000, 0x0000000084b00000| Untracked 
|  50|0x0000000084c00000, 0x0000000084c00000, 0x0000000084d00000|  0%| F|  |TAMS 0x0000000084c00000, 0x0000000084c00000| Untracked 
|  51|0x0000000084d00000, 0x0000000084d00000, 0x0000000084e00000|  0%| F|  |TAMS 0x0000000084d00000, 0x0000000084d00000| Untracked 
|  52|0x0000000084e00000, 0x0000000084e00000, 0x0000000084f00000|  0%| F|  |TAMS 0x0000000084e00000, 0x0000000084e00000| Untracked 
|  53|0x0000000084f00000, 0x0000000084f00000, 0x0000000085000000|  0%| F|  |TAMS 0x0000000084f00000, 0x0000000084f00000| Untracked 
|  54|0x0000000085000000, 0x0000000085000000, 0x0000000085100000|  0%| F|  |TAMS 0x0000000085000000, 0x0000000085000000| Untracked 
|  55|0x0000000085100000, 0x0000000085100000, 0x0000000085200000|  0%| F|  |TAMS 0x0000000085100000, 0x0000000085100000| Untracked 
|  56|0x0000000085200000, 0x0000000085200000, 0x0000000085300000|  0%| F|  |TAMS 0x0000000085200000, 0x0000000085200000| Untracked 
|  57|0x0000000085300000, 0x0000000085300000, 0x0000000085400000|  0%| F|  |TAMS 0x0000000085300000, 0x0000000085300000| Untracked 
|  58|0x0000000085400000, 0x0000000085400000, 0x0000000085500000|  0%| F|  |TAMS 0x0000000085400000, 0x0000000085400000| Untracked 
|  59|0x0000000085500000, 0x0000000085500000, 0x0000000085600000|  0%| F|  |TAMS 0x0000000085500000, 0x0000000085500000| Untracked 
|  60|0x0000000085600000, 0x0000000085600000, 0x0000000085700000|  0%| F|  |TAMS 0x0000000085600000, 0x0000000085600000| Untracked 
|  61|0x0000000085700000, 0x0000000085700000, 0x0000000085800000|  0%| F|  |TAMS 0x0000000085700000, 0x0000000085700000| Untracked 
|  62|0x0000000085800000, 0x0000000085800000, 0x0000000085900000|  0%| F|  |TAMS 0x0000000085800000, 0x0000000085800000| Untracked 
|  63|0x0000000085900000, 0x0000000085900000, 0x0000000085a00000|  0%| F|  |TAMS 0x0000000085900000, 0x0000000085900000| Untracked 
|  64|0x0000000085a00000, 0x0000000085a00000, 0x0000000085b00000|  0%| F|  |TAMS 0x0000000085a00000, 0x0000000085a00000| Untracked 
|  65|0x0000000085b00000, 0x0000000085b00000, 0x0000000085c00000|  0%| F|  |TAMS 0x0000000085b00000, 0x0000000085b00000| Untracked 
|  66|0x0000000085c00000, 0x0000000085c00000, 0x0000000085d00000|  0%| F|  |TAMS 0x0000000085c00000, 0x0000000085c00000| Untracked 
|  67|0x0000000085d00000, 0x0000000085d00000, 0x0000000085e00000|  0%| F|  |TAMS 0x0000000085d00000, 0x0000000085d00000| Untracked 
|  68|0x0000000085e00000, 0x0000000085e00000, 0x0000000085f00000|  0%| F|  |TAMS 0x0000000085e00000, 0x0000000085e00000| Untracked 
|  69|0x0000000085f00000, 0x0000000085f00000, 0x0000000086000000|  0%| F|  |TAMS 0x0000000085f00000, 0x0000000085f00000| Untracked 
|  70|0x0000000086000000, 0x0000000086000000, 0x0000000086100000|  0%| F|  |TAMS 0x0000000086000000, 0x0000000086000000| Untracked 
|  71|0x0000000086100000, 0x0000000086100000, 0x0000000086200000|  0%| F|  |TAMS 0x0000000086100000, 0x0000000086100000| Untracked 
|  72|0x0000000086200000, 0x0000000086200000, 0x0000000086300000|  0%| F|  |TAMS 0x0000000086200000, 0x0000000086200000| Untracked 
|  73|0x0000000086300000, 0x0000000086300000, 0x0000000086400000|  0%| F|  |TAMS 0x0000000086300000, 0x0000000086300000| Untracked 
|  74|0x0000000086400000, 0x0000000086400000, 0x0000000086500000|  0%| F|  |TAMS 0x0000000086400000, 0x0000000086400000| Untracked 
|  75|0x0000000086500000, 0x0000000086500000, 0x0000000086600000|  0%| F|  |TAMS 0x0000000086500000, 0x0000000086500000| Untracked 
|  76|0x0000000086600000, 0x0000000086600000, 0x0000000086700000|  0%| F|  |TAMS 0x0000000086600000, 0x0000000086600000| Untracked 
|  77|0x0000000086700000, 0x0000000086700000, 0x0000000086800000|  0%| F|  |TAMS 0x0000000086700000, 0x0000000086700000| Untracked 
|  78|0x0000000086800000, 0x0000000086800000, 0x0000000086900000|  0%| F|  |TAMS 0x0000000086800000, 0x0000000086800000| Untracked 
|  79|0x0000000086900000, 0x0000000086900000, 0x0000000086a00000|  0%| F|  |TAMS 0x0000000086900000, 0x0000000086900000| Untracked 
|  80|0x0000000086a00000, 0x0000000086a00000, 0x0000000086b00000|  0%| F|  |TAMS 0x0000000086a00000, 0x0000000086a00000| Untracked 
|  81|0x0000000086b00000, 0x0000000086b00000, 0x0000000086c00000|  0%| F|  |TAMS 0x0000000086b00000, 0x0000000086b00000| Untracked 
|  82|0x0000000086c00000, 0x0000000086c00000, 0x0000000086d00000|  0%| F|  |TAMS 0x0000000086c00000, 0x0000000086c00000| Untracked 
|  83|0x0000000086d00000, 0x0000000086d00000, 0x0000000086e00000|  0%| F|  |TAMS 0x0000000086d00000, 0x0000000086d00000| Untracked 
|  84|0x0000000086e00000, 0x0000000086e00000, 0x0000000086f00000|  0%| F|  |TAMS 0x0000000086e00000, 0x0000000086e00000| Untracked 
|  85|0x0000000086f00000, 0x0000000086f00000, 0x0000000087000000|  0%| F|  |TAMS 0x0000000086f00000, 0x0000000086f00000| Untracked 
|  86|0x0000000087000000, 0x0000000087000000, 0x0000000087100000|  0%| F|  |TAMS 0x0000000087000000, 0x0000000087000000| Untracked 
|  87|0x0000000087100000, 0x0000000087100000, 0x0000000087200000|  0%| F|  |TAMS 0x0000000087100000, 0x0000000087100000| Untracked 
|  88|0x0000000087200000, 0x0000000087200000, 0x0000000087300000|  0%| F|  |TAMS 0x0000000087200000, 0x0000000087200000| Untracked 
|  89|0x0000000087300000, 0x0000000087300000, 0x0000000087400000|  0%| F|  |TAMS 0x0000000087300000, 0x0000000087300000| Untracked 
|  90|0x0000000087400000, 0x0000000087400000, 0x0000000087500000|  0%| F|  |TAMS 0x0000000087400000, 0x0000000087400000| Untracked 
|  91|0x0000000087500000, 0x0000000087500000, 0x0000000087600000|  0%| F|  |TAMS 0x0000000087500000, 0x0000000087500000| Untracked 
|  92|0x0000000087600000, 0x0000000087600000, 0x0000000087700000|  0%| F|  |TAMS 0x0000000087600000, 0x0000000087600000| Untracked 
|  93|0x0000000087700000, 0x0000000087700000, 0x0000000087800000|  0%| F|  |TAMS 0x0000000087700000, 0x0000000087700000| Untracked 
|  94|0x0000000087800000, 0x0000000087800000, 0x0000000087900000|  0%| F|  |TAMS 0x0000000087800000, 0x0000000087800000| Untracked 
|  95|0x0000000087900000, 0x0000000087900000, 0x0000000087a00000|  0%| F|  |TAMS 0x0000000087900000, 0x0000000087900000| Untracked 
|  96|0x0000000087a00000, 0x0000000087a00000, 0x0000000087b00000|  0%| F|  |TAMS 0x0000000087a00000, 0x0000000087a00000| Untracked 
|  97|0x0000000087b00000, 0x0000000087b00000, 0x0000000087c00000|  0%| F|  |TAMS 0x0000000087b00000, 0x0000000087b00000| Untracked 
|  98|0x0000000087c00000, 0x0000000087c00000, 0x0000000087d00000|  0%| F|  |TAMS 0x0000000087c00000, 0x0000000087c00000| Untracked 
|  99|0x0000000087d00000, 0x0000000087d00000, 0x0000000087e00000|  0%| F|  |TAMS 0x0000000087d00000, 0x0000000087d00000| Untracked 
| 100|0x0000000087e00000, 0x0000000087e00000, 0x0000000087f00000|  0%| F|  |TAMS 0x0000000087e00000, 0x0000000087e00000| Untracked 
| 101|0x0000000087f00000, 0x0000000087f00000, 0x0000000088000000|  0%| F|  |TAMS 0x0000000087f00000, 0x0000000087f00000| Untracked 
| 102|0x0000000088000000, 0x0000000088000000, 0x0000000088100000|  0%| F|  |TAMS 0x0000000088000000, 0x0000000088000000| Untracked 
| 103|0x0000000088100000, 0x0000000088100000, 0x0000000088200000|  0%| F|  |TAMS 0x0000000088100000, 0x0000000088100000| Untracked 
| 104|0x0000000088200000, 0x0000000088200000, 0x0000000088300000|  0%| F|  |TAMS 0x0000000088200000, 0x0000000088200000| Untracked 
| 105|0x0000000088300000, 0x0000000088300000, 0x0000000088400000|  0%| F|  |TAMS 0x0000000088300000, 0x0000000088300000| Untracked 
| 106|0x0000000088400000, 0x0000000088400000, 0x0000000088500000|  0%| F|  |TAMS 0x0000000088400000, 0x0000000088400000| Untracked 
| 107|0x0000000088500000, 0x0000000088500000, 0x0000000088600000|  0%| F|  |TAMS 0x0000000088500000, 0x0000000088500000| Untracked 
| 108|0x0000000088600000, 0x0000000088600000, 0x0000000088700000|  0%| F|  |TAMS 0x0000000088600000, 0x0000000088600000| Untracked 
| 109|0x0000000088700000, 0x0000000088700000, 0x0000000088800000|  0%| F|  |TAMS 0x0000000088700000, 0x0000000088700000| Untracked 
| 110|0x0000000088800000, 0x0000000088800000, 0x0000000088900000|  0%| F|  |TAMS 0x0000000088800000, 0x0000000088800000| Untracked 
| 111|0x0000000088900000, 0x0000000088900000, 0x0000000088a00000|  0%| F|  |TAMS 0x0000000088900000, 0x0000000088900000| Untracked 
| 112|0x0000000088a00000, 0x0000000088a00000, 0x0000000088b00000|  0%| F|  |TAMS 0x0000000088a00000, 0x0000000088a00000| Untracked 
| 113|0x0000000088b00000, 0x0000000088b00000, 0x0000000088c00000|  0%| F|  |TAMS 0x0000000088b00000, 0x0000000088b00000| Untracked 
| 114|0x0000000088c00000, 0x0000000088c00000, 0x0000000088d00000|  0%| F|  |TAMS 0x0000000088c00000, 0x0000000088c00000| Untracked 
| 115|0x0000000088d00000, 0x0000000088d00000, 0x0000000088e00000|  0%| F|  |TAMS 0x0000000088d00000, 0x0000000088d00000| Untracked 
| 116|0x0000000088e00000, 0x0000000088e00000, 0x0000000088f00000|  0%| F|  |TAMS 0x0000000088e00000, 0x0000000088e00000| Untracked 
| 117|0x0000000088f00000, 0x0000000088f00000, 0x0000000089000000|  0%| F|  |TAMS 0x0000000088f00000, 0x0000000088f00000| Untracked 
| 118|0x0000000089000000, 0x0000000089000000, 0x0000000089100000|  0%| F|  |TAMS 0x0000000089000000, 0x0000000089000000| Untracked 
| 119|0x0000000089100000, 0x0000000089100000, 0x0000000089200000|  0%| F|  |TAMS 0x0000000089100000, 0x0000000089100000| Untracked 
| 120|0x0000000089200000, 0x0000000089200000, 0x0000000089300000|  0%| F|  |TAMS 0x0000000089200000, 0x0000000089200000| Untracked 
| 121|0x0000000089300000, 0x0000000089300000, 0x0000000089400000|  0%| F|  |TAMS 0x0000000089300000, 0x0000000089300000| Untracked 
| 122|0x0000000089400000, 0x0000000089400000, 0x0000000089500000|  0%| F|  |TAMS 0x0000000089400000, 0x0000000089400000| Untracked 
| 123|0x0000000089500000, 0x0000000089500000, 0x0000000089600000|  0%| F|  |TAMS 0x0000000089500000, 0x0000000089500000| Untracked 
| 124|0x0000000089600000, 0x0000000089600000, 0x0000000089700000|  0%| F|  |TAMS 0x0000000089600000, 0x0000000089600000| Untracked 
| 125|0x0000000089700000, 0x0000000089700000, 0x0000000089800000|  0%| F|  |TAMS 0x0000000089700000, 0x0000000089700000| Untracked 
| 126|0x0000000089800000, 0x0000000089800000, 0x0000000089900000|  0%| F|  |TAMS 0x0000000089800000, 0x0000000089800000| Untracked 
| 127|0x0000000089900000, 0x0000000089900000, 0x0000000089a00000|  0%| F|  |TAMS 0x0000000089900000, 0x0000000089900000| Untracked 
| 128|0x0000000089a00000, 0x0000000089a00000, 0x0000000089b00000|  0%| F|  |TAMS 0x0000000089a00000, 0x0000000089a00000| Untracked 
| 129|0x0000000089b00000, 0x0000000089b00000, 0x0000000089c00000|  0%| F|  |TAMS 0x0000000089b00000, 0x0000000089b00000| Untracked 
| 130|0x0000000089c00000, 0x0000000089c00000, 0x0000000089d00000|  0%| F|  |TAMS 0x0000000089c00000, 0x0000000089c00000| Untracked 
| 131|0x0000000089d00000, 0x0000000089d00000, 0x0000000089e00000|  0%| F|  |TAMS 0x0000000089d00000, 0x0000000089d00000| Untracked 
| 132|0x0000000089e00000, 0x0000000089e00000, 0x0000000089f00000|  0%| F|  |TAMS 0x0000000089e00000, 0x0000000089e00000| Untracked 
| 133|0x0000000089f00000, 0x0000000089f00000, 0x000000008a000000|  0%| F|  |TAMS 0x0000000089f00000, 0x0000000089f00000| Untracked 
| 134|0x000000008a000000, 0x000000008a000000, 0x000000008a100000|  0%| F|  |TAMS 0x000000008a000000, 0x000000008a000000| Untracked 
| 135|0x000000008a100000, 0x000000008a100000, 0x000000008a200000|  0%| F|  |TAMS 0x000000008a100000, 0x000000008a100000| Untracked 
| 136|0x000000008a200000, 0x000000008a200000, 0x000000008a300000|  0%| F|  |TAMS 0x000000008a200000, 0x000000008a200000| Untracked 
| 137|0x000000008a300000, 0x000000008a300000, 0x000000008a400000|  0%| F|  |TAMS 0x000000008a300000, 0x000000008a300000| Untracked 
| 138|0x000000008a400000, 0x000000008a400000, 0x000000008a500000|  0%| F|  |TAMS 0x000000008a400000, 0x000000008a400000| Untracked 
| 139|0x000000008a500000, 0x000000008a500000, 0x000000008a600000|  0%| F|  |TAMS 0x000000008a500000, 0x000000008a500000| Untracked 
| 140|0x000000008a600000, 0x000000008a600000, 0x000000008a700000|  0%| F|  |TAMS 0x000000008a600000, 0x000000008a600000| Untracked 
| 141|0x000000008a700000, 0x000000008a700000, 0x000000008a800000|  0%| F|  |TAMS 0x000000008a700000, 0x000000008a700000| Untracked 
| 142|0x000000008a800000, 0x000000008a800000, 0x000000008a900000|  0%| F|  |TAMS 0x000000008a800000, 0x000000008a800000| Untracked 
| 143|0x000000008a900000, 0x000000008a900000, 0x000000008aa00000|  0%| F|  |TAMS 0x000000008a900000, 0x000000008a900000| Untracked 
| 144|0x000000008aa00000, 0x000000008aa00000, 0x000000008ab00000|  0%| F|  |TAMS 0x000000008aa00000, 0x000000008aa00000| Untracked 
| 145|0x000000008ab00000, 0x000000008ab00000, 0x000000008ac00000|  0%| F|  |TAMS 0x000000008ab00000, 0x000000008ab00000| Untracked 
| 146|0x000000008ac00000, 0x000000008ac00000, 0x000000008ad00000|  0%| F|  |TAMS 0x000000008ac00000, 0x000000008ac00000| Untracked 
| 147|0x000000008ad00000, 0x000000008ad00000, 0x000000008ae00000|  0%| F|  |TAMS 0x000000008ad00000, 0x000000008ad00000| Untracked 
| 148|0x000000008ae00000, 0x000000008ae00000, 0x000000008af00000|  0%| F|  |TAMS 0x000000008ae00000, 0x000000008ae00000| Untracked 
| 149|0x000000008af00000, 0x000000008af00000, 0x000000008b000000|  0%| F|  |TAMS 0x000000008af00000, 0x000000008af00000| Untracked 
| 150|0x000000008b000000, 0x000000008b000000, 0x000000008b100000|  0%| F|  |TAMS 0x000000008b000000, 0x000000008b000000| Untracked 
| 151|0x000000008b100000, 0x000000008b100000, 0x000000008b200000|  0%| F|  |TAMS 0x000000008b100000, 0x000000008b100000| Untracked 
| 152|0x000000008b200000, 0x000000008b200000, 0x000000008b300000|  0%| F|  |TAMS 0x000000008b200000, 0x000000008b200000| Untracked 
| 153|0x000000008b300000, 0x000000008b300000, 0x000000008b400000|  0%| F|  |TAMS 0x000000008b300000, 0x000000008b300000| Untracked 
| 154|0x000000008b400000, 0x000000008b400000, 0x000000008b500000|  0%| F|  |TAMS 0x000000008b400000, 0x000000008b400000| Untracked 
| 155|0x000000008b500000, 0x000000008b500000, 0x000000008b600000|  0%| F|  |TAMS 0x000000008b500000, 0x000000008b500000| Untracked 
| 156|0x000000008b600000, 0x000000008b600000, 0x000000008b700000|  0%| F|  |TAMS 0x000000008b600000, 0x000000008b600000| Untracked 
| 157|0x000000008b700000, 0x000000008b700000, 0x000000008b800000|  0%| F|  |TAMS 0x000000008b700000, 0x000000008b700000| Untracked 
| 158|0x000000008b800000, 0x000000008b800000, 0x000000008b900000|  0%| F|  |TAMS 0x000000008b800000, 0x000000008b800000| Untracked 
| 159|0x000000008b900000, 0x000000008b900000, 0x000000008ba00000|  0%| F|  |TAMS 0x000000008b900000, 0x000000008b900000| Untracked 
| 160|0x000000008ba00000, 0x000000008ba00000, 0x000000008bb00000|  0%| F|  |TAMS 0x000000008ba00000, 0x000000008ba00000| Untracked 
| 161|0x000000008bb00000, 0x000000008bb00000, 0x000000008bc00000|  0%| F|  |TAMS 0x000000008bb00000, 0x000000008bb00000| Untracked 
| 162|0x000000008bc00000, 0x000000008bc00000, 0x000000008bd00000|  0%| F|  |TAMS 0x000000008bc00000, 0x000000008bc00000| Untracked 
| 163|0x000000008bd00000, 0x000000008bd00000, 0x000000008be00000|  0%| F|  |TAMS 0x000000008bd00000, 0x000000008bd00000| Untracked 
| 164|0x000000008be00000, 0x000000008be00000, 0x000000008bf00000|  0%| F|  |TAMS 0x000000008be00000, 0x000000008be00000| Untracked 
| 165|0x000000008bf00000, 0x000000008bf00000, 0x000000008c000000|  0%| F|  |TAMS 0x000000008bf00000, 0x000000008bf00000| Untracked 
| 166|0x000000008c000000, 0x000000008c000000, 0x000000008c100000|  0%| F|  |TAMS 0x000000008c000000, 0x000000008c000000| Untracked 
| 167|0x000000008c100000, 0x000000008c113040, 0x000000008c200000|  7%| S|CS|TAMS 0x000000008c100000, 0x000000008c100000| Complete 
| 168|0x000000008c200000, 0x000000008c200000, 0x000000008c300000|  0%| F|  |TAMS 0x000000008c200000, 0x000000008c200000| Untracked 
| 169|0x000000008c300000, 0x000000008c300000, 0x000000008c400000|  0%| F|  |TAMS 0x000000008c300000, 0x000000008c300000| Untracked 
| 170|0x000000008c400000, 0x000000008c400000, 0x000000008c500000|  0%| F|  |TAMS 0x000000008c400000, 0x000000008c400000| Untracked 
| 171|0x000000008c500000, 0x000000008c500000, 0x000000008c600000|  0%| F|  |TAMS 0x000000008c500000, 0x000000008c500000| Untracked 
| 172|0x000000008c600000, 0x000000008c600000, 0x000000008c700000|  0%| F|  |TAMS 0x000000008c600000, 0x000000008c600000| Untracked 
| 173|0x000000008c700000, 0x000000008c700000, 0x000000008c800000|  0%| F|  |TAMS 0x000000008c700000, 0x000000008c700000| Untracked 
| 174|0x000000008c800000, 0x000000008c800000, 0x000000008c900000|  0%| F|  |TAMS 0x000000008c800000, 0x000000008c800000| Untracked 
| 175|0x000000008c900000, 0x000000008c900000, 0x000000008ca00000|  0%| F|  |TAMS 0x000000008c900000, 0x000000008c900000| Untracked 
| 176|0x000000008ca00000, 0x000000008cadba08, 0x000000008cb00000| 85%| E|  |TAMS 0x000000008ca00000, 0x000000008ca00000| Complete 
| 177|0x000000008cb00000, 0x000000008cc00000, 0x000000008cc00000|100%| E|CS|TAMS 0x000000008cb00000, 0x000000008cb00000| Complete 
| 178|0x000000008cc00000, 0x000000008cd00000, 0x000000008cd00000|100%| E|CS|TAMS 0x000000008cc00000, 0x000000008cc00000| Complete 
| 179|0x000000008cd00000, 0x000000008ce00000, 0x000000008ce00000|100%| E|CS|TAMS 0x000000008cd00000, 0x000000008cd00000| Complete 
| 180|0x000000008ce00000, 0x000000008cf00000, 0x000000008cf00000|100%| E|CS|TAMS 0x000000008ce00000, 0x000000008ce00000| Complete 
| 181|0x000000008cf00000, 0x000000008d000000, 0x000000008d000000|100%| E|CS|TAMS 0x000000008cf00000, 0x000000008cf00000| Complete 
| 182|0x000000008d000000, 0x000000008d100000, 0x000000008d100000|100%| E|CS|TAMS 0x000000008d000000, 0x000000008d000000| Complete 
| 183|0x000000008d100000, 0x000000008d200000, 0x000000008d200000|100%| E|CS|TAMS 0x000000008d100000, 0x000000008d100000| Complete 
| 184|0x000000008d200000, 0x000000008d300000, 0x000000008d300000|100%| E|CS|TAMS 0x000000008d200000, 0x000000008d200000| Complete 

Card table byte_map: [0x000002e9c6390000,0x000002e9c6790000] _byte_map_base: 0x000002e9c5f83000

Marking Bits (Prev, Next): (CMBitMap*) 0x000002e9ae529770, (CMBitMap*) 0x000002e9ae529738
 Prev Bits: [0x000002e9c8b30000, 0x000002e9caac8000)
 Next Bits: [0x000002e9c6b90000, 0x000002e9c8b28000)

Polling page: 0x000002e9ac480000

Metaspace:

Usage:
  Non-class:     58.53 MB capacity,    56.53 MB ( 97%) used,     1.63 MB (  3%) free+waste,   385.25 KB ( <1%) overhead. 
      Class:      9.71 MB capacity,     8.38 MB ( 86%) used,     1.14 MB ( 12%) free+waste,   191.38 KB (  2%) overhead. 
       Both:     68.24 MB capacity,    64.91 MB ( 95%) used,     2.76 MB (  4%) free+waste,   576.63 KB ( <1%) overhead. 

Virtual space:
  Non-class space:       60.00 MB reserved,      58.70 MB ( 98%) committed 
      Class space:        1.00 GB reserved,       9.80 MB ( <1%) committed 
             Both:        1.06 GB reserved,      68.50 MB (  6%) committed 

Chunk freelists:
   Non-Class:  0 bytes
       Class:  12.00 KB
        Both:  12.00 KB

MaxMetaspaceSize: 17179869184.00 GB
CompressedClassSpaceSize: 1.00 GB
Initial GC threshold: 20.80 MB
Current GC threshold: 97.91 MB
CDS: off

CodeHeap 'non-profiled nmethods': size=238336Kb used=23764Kb max_used=23764Kb free=214571Kb
 bounds [0x000002e9b73a0000, 0x000002e9b8ae0000, 0x000002e9c5c60000]
CodeHeap 'non-nmethods': size=7424Kb used=1321Kb max_used=1321Kb free=6102Kb
 bounds [0x000002e9b6c60000, 0x000002e9b6ed0000, 0x000002e9b73a0000]
 total_blobs=14674 nmethods=14053 adapters=547
 compilation: enabled
              stopped_count=0, restarted_count=0
 full_count=0

Compilation events (20 events):
Event: 13097.556 Thread 0x000002e9cddc5800 14466       1       org.apache.tomcat.util.http.parser.Cookie::readCookieValueRfc6265 (144 bytes)
Event: 13097.592 Thread 0x000002e9cddc5800 nmethod 14466 0x000002e9b8ad0290 code [0x000002e9b8ad0460, 0x000002e9b8ad0758]
Event: 13097.593 Thread 0x000002e9cddc5800 14472       1       org.apache.catalina.connector.CoyoteAdapter::convertMB (94 bytes)
Event: 13097.665 Thread 0x000002e9cddc5800 nmethod 14472 0x000002e9b8ad0990 code [0x000002e9b8ad0b60, 0x000002e9b8ad0de8]
Event: 13262.027 Thread 0x000002e9cddc5800 14473       1       org.apache.tomcat.util.http.parser.Cookie::skipByte (31 bytes)
Event: 13262.035 Thread 0x000002e9cddc5800 nmethod 14473 0x000002e9b8ad1010 code [0x000002e9b8ad11c0, 0x000002e9b8ad1318]
Event: 13262.035 Thread 0x000002e9cddc5800 14474       1       org.apache.tomcat.util.http.parser.Cookie$ByteBuffer::remaining (10 bytes)
Event: 13262.037 Thread 0x000002e9cddc5800 nmethod 14474 0x000002e9b8ad1410 code [0x000002e9b8ad15c0, 0x000002e9b8ad1678]
Event: 13262.038 Thread 0x000002e9cddc5800 14475       1       org.apache.tomcat.util.http.ServerCookie::getName (5 bytes)
Event: 13262.040 Thread 0x000002e9cddc5800 nmethod 14475 0x000002e9b8ad1710 code [0x000002e9b8ad18c0, 0x000002e9b8ad1978]
Event: 13287.866 Thread 0x000002e9cddc5800 14476       1       org.apache.tomcat.util.http.parser.Cookie::readToken (58 bytes)
Event: 13287.875 Thread 0x000002e9cddc5800 nmethod 14476 0x000002e9b8ad1a10 code [0x000002e9b8ad1bc0, 0x000002e9b8ad1e18]
Event: 13820.984 Thread 0x000002e9cddc5800 14477       1       org.apache.tomcat.util.http.parser.Cookie::parseCookie (188 bytes)
Event: 13821.203 Thread 0x000002e9cddc5800 nmethod 14477 0x000002e9b8ad2010 code [0x000002e9b8ad2260, 0x000002e9b8ad28e8]
Event: 13821.204 Thread 0x000002e9cddc5800 14479       1       org.apache.tomcat.util.http.parser.Cookie::parseCookieRfc6265 (204 bytes)
Event: 13821.239 Thread 0x000002e9cddc5800 nmethod 14479 0x000002e9b8ad2d90 code [0x000002e9b8ad3000, 0x000002e9b8ad38e8]
Event: 13823.520 Thread 0x000002e9cddc5800 14480       1       org.apache.tomcat.util.http.ServerCookie::recycle (41 bytes)
Event: 13824.020 Thread 0x000002e9cddc5800 nmethod 14480 0x000002e9b8ad4090 code [0x000002e9b8ad4280, 0x000002e9b8ad4428]
Event: 13887.822 Thread 0x000002e9cddc5800 14481       1       org.apache.tomcat.util.http.ServerCookies::addCookie (160 bytes)
Event: 13890.420 Thread 0x000002e9cddc5800 nmethod 14481 0x000002e9b8ad4590 code [0x000002e9b8ad47c0, 0x000002e9b8ad4f38]

GC Heap History (20 events):
Event: 13763.287 GC heap before
{Heap before GC invocations=208 (full 0):
 garbage-first heap   total 189440K, used 50033K [0x0000000081a00000, 0x0000000100000000)
  region size 1024K, 9 young (9216K), 1 survivors (1024K)
 Metaspace       used 66470K, capacity 69876K, committed 70140K, reserved 1110016K
  class space    used 8584K, capacity 9940K, committed 10032K, reserved 1048576K
}
Event: 13763.305 GC heap after
{Heap after GC invocations=209 (full 0):
 garbage-first heap   total 189440K, used 41808K [0x0000000081a00000, 0x0000000100000000)
  region size 1024K, 1 young (1024K), 1 survivors (1024K)
 Metaspace       used 66470K, capacity 69876K, committed 70140K, reserved 1110016K
  class space    used 8584K, capacity 9940K, committed 10032K, reserved 1048576K
}
Event: 13851.169 GC heap before
{Heap before GC invocations=209 (full 0):
 garbage-first heap   total 189440K, used 63312K [0x0000000081a00000, 0x0000000100000000)
  region size 1024K, 22 young (22528K), 1 survivors (1024K)
 Metaspace       used 66470K, capacity 69876K, committed 70140K, reserved 1110016K
  class space    used 8584K, capacity 9940K, committed 10032K, reserved 1048576K
}
Event: 13851.184 GC heap after
{Heap after GC invocations=210 (full 0):
 garbage-first heap   total 189440K, used 41844K [0x0000000081a00000, 0x0000000100000000)
  region size 1024K, 1 young (1024K), 1 survivors (1024K)
 Metaspace       used 66470K, capacity 69876K, committed 70140K, reserved 1110016K
  class space    used 8584K, capacity 9940K, committed 10032K, reserved 1048576K
}
Event: 13987.869 GC heap before
{Heap before GC invocations=210 (full 0):
 garbage-first heap   total 189440K, used 77684K [0x0000000081a00000, 0x0000000100000000)
  region size 1024K, 36 young (36864K), 1 survivors (1024K)
 Metaspace       used 66470K, capacity 69876K, committed 70140K, reserved 1110016K
  class space    used 8584K, capacity 9940K, committed 10032K, reserved 1048576K
}
Event: 13992.397 GC heap after
{Heap after GC invocations=211 (full 0):
 garbage-first heap   total 189440K, used 41874K [0x0000000081a00000, 0x0000000100000000)
  region size 1024K, 1 young (1024K), 1 survivors (1024K)
 Metaspace       used 66470K, capacity 69876K, committed 70140K, reserved 1110016K
  class space    used 8584K, capacity 9940K, committed 10032K, reserved 1048576K
}
Event: 14004.805 GC heap before
{Heap before GC invocations=211 (full 0):
 garbage-first heap   total 189440K, used 50066K [0x0000000081a00000, 0x0000000100000000)
  region size 1024K, 9 young (9216K), 1 survivors (1024K)
 Metaspace       used 66470K, capacity 69876K, committed 70140K, reserved 1110016K
  class space    used 8584K, capacity 9940K, committed 10032K, reserved 1048576K
}
Event: 14004.821 GC heap after
{Heap after GC invocations=212 (full 0):
 garbage-first heap   total 189440K, used 41885K [0x0000000081a00000, 0x0000000100000000)
  region size 1024K, 1 young (1024K), 1 survivors (1024K)
 Metaspace       used 66470K, capacity 69876K, committed 70140K, reserved 1110016K
  class space    used 8584K, capacity 9940K, committed 10032K, reserved 1048576K
}
Event: 14009.569 GC heap before
{Heap before GC invocations=212 (full 0):
 garbage-first heap   total 189440K, used 49053K [0x0000000081a00000, 0x0000000100000000)
  region size 1024K, 9 young (9216K), 1 survivors (1024K)
 Metaspace       used 66470K, capacity 69876K, committed 70140K, reserved 1110016K
  class space    used 8584K, capacity 9940K, committed 10032K, reserved 1048576K
}
Event: 14009.590 GC heap after
{Heap after GC invocations=213 (full 0):
 garbage-first heap   total 189440K, used 41950K [0x0000000081a00000, 0x0000000100000000)
  region size 1024K, 1 young (1024K), 1 survivors (1024K)
 Metaspace       used 66470K, capacity 69876K, committed 70140K, reserved 1110016K
  class space    used 8584K, capacity 9940K, committed 10032K, reserved 1048576K
}
Event: 14022.373 GC heap before
{Heap before GC invocations=213 (full 0):
 garbage-first heap   total 189440K, used 50142K [0x0000000081a00000, 0x0000000100000000)
  region size 1024K, 9 young (9216K), 1 survivors (1024K)
 Metaspace       used 66470K, capacity 69876K, committed 70140K, reserved 1110016K
  class space    used 8584K, capacity 9940K, committed 10032K, reserved 1048576K
}
Event: 14022.378 GC heap after
{Heap after GC invocations=214 (full 0):
 garbage-first heap   total 189440K, used 41938K [0x0000000081a00000, 0x0000000100000000)
  region size 1024K, 1 young (1024K), 1 survivors (1024K)
 Metaspace       used 66470K, capacity 69876K, committed 70140K, reserved 1110016K
  class space    used 8584K, capacity 9940K, committed 10032K, reserved 1048576K
}
Event: 14035.732 GC heap before
{Heap before GC invocations=214 (full 0):
 garbage-first heap   total 189440K, used 49106K [0x0000000081a00000, 0x0000000100000000)
  region size 1024K, 9 young (9216K), 1 survivors (1024K)
 Metaspace       used 66470K, capacity 69876K, committed 70140K, reserved 1110016K
  class space    used 8584K, capacity 9940K, committed 10032K, reserved 1048576K
}
Event: 14036.009 GC heap after
{Heap after GC invocations=215 (full 0):
 garbage-first heap   total 189440K, used 41901K [0x0000000081a00000, 0x0000000100000000)
  region size 1024K, 1 young (1024K), 1 survivors (1024K)
 Metaspace       used 66470K, capacity 69876K, committed 70140K, reserved 1110016K
  class space    used 8584K, capacity 9940K, committed 10032K, reserved 1048576K
}
Event: 14058.815 GC heap before
{Heap before GC invocations=215 (full 0):
 garbage-first heap   total 189440K, used 50093K [0x0000000081a00000, 0x0000000100000000)
  region size 1024K, 9 young (9216K), 1 survivors (1024K)
 Metaspace       used 66470K, capacity 69876K, committed 70140K, reserved 1110016K
  class space    used 8584K, capacity 9940K, committed 10032K, reserved 1048576K
}
Event: 14059.016 GC heap after
{Heap after GC invocations=216 (full 0):
 garbage-first heap   total 189440K, used 41903K [0x0000000081a00000, 0x0000000100000000)
  region size 1024K, 1 young (1024K), 1 survivors (1024K)
 Metaspace       used 66470K, capacity 69876K, committed 70140K, reserved 1110016K
  class space    used 8584K, capacity 9940K, committed 10032K, reserved 1048576K
}
Event: 14081.533 GC heap before
{Heap before GC invocations=216 (full 0):
 garbage-first heap   total 189440K, used 50095K [0x0000000081a00000, 0x0000000100000000)
  region size 1024K, 9 young (9216K), 1 survivors (1024K)
 Metaspace       used 66470K, capacity 69876K, committed 70140K, reserved 1110016K
  class space    used 8584K, capacity 9940K, committed 10032K, reserved 1048576K
}
Event: 14081.546 GC heap after
{Heap after GC invocations=217 (full 0):
 garbage-first heap   total 189440K, used 41917K [0x0000000081a00000, 0x0000000100000000)
  region size 1024K, 1 young (1024K), 1 survivors (1024K)
 Metaspace       used 66470K, capacity 69876K, committed 70140K, reserved 1110016K
  class space    used 8584K, capacity 9940K, committed 10032K, reserved 1048576K
}
Event: 14137.745 GC heap before
{Heap before GC invocations=217 (full 0):
 garbage-first heap   total 189440K, used 58301K [0x0000000081a00000, 0x0000000100000000)
  region size 1024K, 17 young (17408K), 1 survivors (1024K)
 Metaspace       used 66470K, capacity 69876K, committed 70140K, reserved 1110016K
  class space    used 8584K, capacity 9940K, committed 10032K, reserved 1048576K
}
Event: 14137.758 GC heap after
{Heap after GC invocations=218 (full 0):
 garbage-first heap   total 189440K, used 41865K [0x0000000081a00000, 0x0000000100000000)
  region size 1024K, 1 young (1024K), 1 survivors (1024K)
 Metaspace       used 66470K, capacity 69876K, committed 70140K, reserved 1110016K
  class space    used 8584K, capacity 9940K, committed 10032K, reserved 1048576K
}

Deoptimization events (20 events):
Event: 8.384 Thread 0x000002e9ce99d800 DEOPT PACKING pc=0x000002e9b7c7d22c sp=0x000000faaeafd7d0
Event: 8.384 Thread 0x000002e9ce99d800 DEOPT UNPACKING pc=0x000002e9b6caa95e sp=0x000000faaeafce38 mode 0
Event: 8.384 Thread 0x000002e9ce99d800 DEOPT PACKING pc=0x000002e9b7c7b95c sp=0x000000faaeafda50
Event: 8.384 Thread 0x000002e9ce99d800 DEOPT UNPACKING pc=0x000002e9b6caa95e sp=0x000000faaeafcf48 mode 0
Event: 8.384 Thread 0x000002e9ce99d800 DEOPT PACKING pc=0x000002e9b7c8b2ac sp=0x000000faaeafdb10
Event: 8.384 Thread 0x000002e9ce99d800 DEOPT UNPACKING pc=0x000002e9b6caa95e sp=0x000000faaeafd098 mode 0
Event: 9.327 Thread 0x000002e9ce99d800 DEOPT PACKING pc=0x000002e9b745e3cc sp=0x000000faaeafc890
Event: 9.327 Thread 0x000002e9ce99d800 DEOPT UNPACKING pc=0x000002e9b6caa95e sp=0x000000faaeafbda8 mode 0
Event: 86.353 Thread 0x000002e9d1f5c000 DEOPT PACKING pc=0x000002e9b804e424 sp=0x000000fab0bf9ff0
Event: 86.353 Thread 0x000002e9d1f5c000 DEOPT UNPACKING pc=0x000002e9b6caa95e sp=0x000000fab0bf9580 mode 0
Event: 140.242 Thread 0x000002e9d1f5e800 DEOPT PACKING pc=0x000002e9b7e79b9c sp=0x000000faad7fa6f0
Event: 140.242 Thread 0x000002e9d1f5e800 DEOPT UNPACKING pc=0x000002e9b6caa95e sp=0x000000faad7f9ba0 mode 0
Event: 142.294 Thread 0x000002e9d1f62800 DEOPT PACKING pc=0x000002e9b828a0cc sp=0x000000faad6f9b40
Event: 142.294 Thread 0x000002e9d1f62800 DEOPT UNPACKING pc=0x000002e9b6caa95e sp=0x000000faad6f90e8 mode 0
Event: 142.294 Thread 0x000002e9d1f62800 DEOPT PACKING pc=0x000002e9b828619c sp=0x000000faad6fa380
Event: 142.294 Thread 0x000002e9d1f62800 DEOPT UNPACKING pc=0x000002e9b6caa95e sp=0x000000faad6f9830 mode 0
Event: 142.299 Thread 0x000002e9d1f5b000 DEOPT PACKING pc=0x000002e9b828a0cc sp=0x000000fab06f9270
Event: 142.299 Thread 0x000002e9d1f5b000 DEOPT UNPACKING pc=0x000002e9b6caa95e sp=0x000000fab06f8818 mode 0
Event: 142.299 Thread 0x000002e9d1f5b000 DEOPT PACKING pc=0x000002e9b828619c sp=0x000000fab06f9ab0
Event: 142.299 Thread 0x000002e9d1f5b000 DEOPT UNPACKING pc=0x000002e9b6caa95e sp=0x000000fab06f8f60 mode 0

Classes redefined (0 events):
No events

Internal exceptions (20 events):
Event: 10924.411 Thread 0x000002e9d1f57000 Exception <a 'java/io/IOException'{0x000000008cb02468}> (0x000000008cb02468) thrown at [./src/hotspot/share/prims/jni.cpp, line 617]
Event: 10924.411 Thread 0x000002e9d1f57000 Exception <a 'java/io/IOException'{0x000000008cb04088}> (0x000000008cb04088) thrown at [./src/hotspot/share/prims/jni.cpp, line 617]
Event: 10924.464 Thread 0x000002e9d1762000 Exception <a 'java/net/SocketTimeoutException'{0x000000008cb51118}: Read timed out> (0x000000008cb51118) thrown at [./src/hotspot/share/prims/jni.cpp, line 638]
Event: 10931.152 Thread 0x000002e9d1f62800 Exception <a 'java/net/SocketTimeoutException'{0x000000008bff7758}: Read timed out> (0x000000008bff7758) thrown at [./src/hotspot/share/prims/jni.cpp, line 638]
Event: 10931.152 Thread 0x000002e9d1f62800 Exception <a 'java/net/SocketException'{0x000000008bff87f8}: Connection reset by peer: socket write error> (0x000000008bff87f8) thrown at [./src/hotspot/share/prims/jni.cpp, line 638]
Event: 10931.152 Thread 0x000002e9d1f62800 Exception <a 'java/net/SocketException'{0x000000008bff9868}: Connection reset by peer: socket write error> (0x000000008bff9868) thrown at [./src/hotspot/share/prims/jni.cpp, line 638]
Event: 10931.366 Thread 0x000002e9d1f62800 Exception <a 'java/io/IOException'{0x000000008bebeb20}> (0x000000008bebeb20) thrown at [./src/hotspot/share/prims/jni.cpp, line 617]
Event: 10931.682 Thread 0x000002e9d1f5e800 Exception <a 'java/io/IOException'{0x000000008bdbfb08}> (0x000000008bdbfb08) thrown at [./src/hotspot/share/prims/jni.cpp, line 617]
Event: 10931.682 Thread 0x000002e9d1f5e800 Exception <a 'java/io/IOException'{0x000000008bdc1818}> (0x000000008bdc1818) thrown at [./src/hotspot/share/prims/jni.cpp, line 617]
Event: 10931.682 Thread 0x000002e9d1f5e800 Exception <a 'java/io/IOException'{0x000000008bdc3478}> (0x000000008bdc3478) thrown at [./src/hotspot/share/prims/jni.cpp, line 617]
Event: 10932.156 Thread 0x000002e9d1f59800 Exception <a 'java/io/IOException'{0x000000008bcd0698}> (0x000000008bcd0698) thrown at [./src/hotspot/share/prims/jni.cpp, line 617]
Event: 10932.156 Thread 0x000002e9d1f59800 Exception <a 'java/io/IOException'{0x000000008bcd23a8}> (0x000000008bcd23a8) thrown at [./src/hotspot/share/prims/jni.cpp, line 617]
Event: 10932.156 Thread 0x000002e9d1f59800 Exception <a 'java/io/IOException'{0x000000008bcd4008}> (0x000000008bcd4008) thrown at [./src/hotspot/share/prims/jni.cpp, line 617]
Event: 10980.413 Thread 0x000002e9d1f57000 Exception <a 'java/io/IOException'{0x0000000089e24af8}> (0x0000000089e24af8) thrown at [./src/hotspot/share/prims/jni.cpp, line 617]
Event: 10980.413 Thread 0x000002e9d1f57000 Exception <a 'java/io/IOException'{0x0000000089e26748}> (0x0000000089e26748) thrown at [./src/hotspot/share/prims/jni.cpp, line 617]
Event: 11812.918 Thread 0x000002e9d1737800 Exception <a 'java/net/SocketTimeoutException'{0x000000008d100038}: Read timed out> (0x000000008d100038) thrown at [./src/hotspot/share/prims/jni.cpp, line 638]
Event: 11816.104 Thread 0x000002e9d16cc800 Exception <a 'java/net/SocketTimeoutException'{0x000000008d199aa0}: Read timed out> (0x000000008d199aa0) thrown at [./src/hotspot/share/prims/jni.cpp, line 638]
Event: 11817.473 Thread 0x000002e9d1762000 Exception <a 'java/net/SocketTimeoutException'{0x000000008d000838}: Read timed out> (0x000000008d000838) thrown at [./src/hotspot/share/prims/jni.cpp, line 638]
Event: 11822.931 Thread 0x000002e9d1737800 Exception <a 'java/net/SocketTimeoutException'{0x000000008d101380}: Read timed out> (0x000000008d101380) thrown at [./src/hotspot/share/prims/jni.cpp, line 638]
Event: 11865.569 Thread 0x000002e9d1f58800 Exception <a 'java/io/IOException'{0x000000008c336cd0}> (0x000000008c336cd0) thrown at [./src/hotspot/share/prims/jni.cpp, line 617]

Events (20 events):
Event: 14081.546 Executing VM operation: G1CollectForAllocation done
Event: 14082.834 Executing VM operation: RevokeBias
Event: 14082.916 Executing VM operation: RevokeBias done
Event: 14082.916 Executing VM operation: RevokeBias
Event: 14083.123 Executing VM operation: RevokeBias done
Event: 14087.844 Executing VM operation: RevokeBias
Event: 14087.844 Executing VM operation: RevokeBias done
Event: 14135.257 Executing VM operation: RevokeBias
Event: 14135.257 Executing coalesced safepoint VM operation: RevokeBias
Event: 14135.257 Executing coalesced safepoint VM operation: RevokeBias done
Event: 14135.257 Executing VM operation: RevokeBias done
Event: 14135.257 Executing VM operation: RevokeBias
Event: 14135.257 Executing VM operation: RevokeBias done
Event: 14137.745 Executing VM operation: G1CollectForAllocation
Event: 14137.760 Executing VM operation: G1CollectForAllocation done
Event: 14137.969 Executing VM operation: RevokeBias
Event: 14137.969 Executing VM operation: RevokeBias done
Event: 14165.309 Executing VM operation: RevokeBias
Event: 14165.309 Executing VM operation: RevokeBias done
Event: 14165.310 Executing VM operation: BulkRevokeBias


Dynamic libraries:
0x00007ff7f5a90000 - 0x00007ff7f5a9d000 	C:\Program Files\Microsoft\jdk-11.0.18.10-hotspot\bin\java.exe
0x00007ffa5ea10000 - 0x00007ffa5ec08000 	C:\WINDOWS\SYSTEM32\ntdll.dll
0x00007ffa5e630000 - 0x00007ffa5e6ef000 	C:\WINDOWS\System32\KERNEL32.DLL
0x00007ffa5c3a0000 - 0x00007ffa5c696000 	C:\WINDOWS\System32\KERNELBASE.dll
0x00007ffa5c250000 - 0x00007ffa5c350000 	C:\WINDOWS\System32\ucrtbase.dll
0x00007ffa57690000 - 0x00007ffa576a7000 	C:\Program Files\Microsoft\jdk-11.0.18.10-hotspot\bin\jli.dll
0x00007ffa380a0000 - 0x00007ffa380b5000 	C:\Program Files\Microsoft\jdk-11.0.18.10-hotspot\bin\VCRUNTIME140.dll
0x00007ffa5d9a0000 - 0x00007ffa5db3d000 	C:\WINDOWS\System32\USER32.dll
0x00007ffa5c740000 - 0x00007ffa5c762000 	C:\WINDOWS\System32\win32u.dll
0x00007ffa516a0000 - 0x00007ffa5193a000 	C:\WINDOWS\WinSxS\amd64_microsoft.windows.common-controls_6595b64144ccf1df_6.0.19041.1110_none_60b5254171f9507e\COMCTL32.dll
0x00007ffa5e050000 - 0x00007ffa5e07c000 	C:\WINDOWS\System32\GDI32.dll
0x00007ffa5dc10000 - 0x00007ffa5dcae000 	C:\WINDOWS\System32\msvcrt.dll
0x00007ffa5c770000 - 0x00007ffa5c885000 	C:\WINDOWS\System32\gdi32full.dll
0x00007ffa5c890000 - 0x00007ffa5c92d000 	C:\WINDOWS\System32\msvcp_win.dll
0x00007ffa5dd90000 - 0x00007ffa5ddc0000 	C:\WINDOWS\System32\IMM32.DLL
0x00007ffa13550000 - 0x00007ffa135eb000 	C:\Program Files\Microsoft\jdk-11.0.18.10-hotspot\bin\msvcp140.dll
0x00007ff9eef00000 - 0x00007ff9efa92000 	C:\Program Files\Microsoft\jdk-11.0.18.10-hotspot\bin\server\jvm.dll
0x00007ffa5def0000 - 0x00007ffa5df9f000 	C:\WINDOWS\System32\ADVAPI32.dll
0x00007ffa5e930000 - 0x00007ffa5e9cc000 	C:\WINDOWS\System32\sechost.dll
0x00007ffa5e090000 - 0x00007ffa5e1b6000 	C:\WINDOWS\System32\RPCRT4.dll
0x00007ffa5e080000 - 0x00007ffa5e088000 	C:\WINDOWS\System32\PSAPI.DLL
0x00007ffa557b0000 - 0x00007ffa557ba000 	C:\WINDOWS\SYSTEM32\VERSION.dll
0x00007ffa4b6a0000 - 0x00007ffa4b6a9000 	C:\WINDOWS\SYSTEM32\WSOCK32.dll
0x00007ffa51310000 - 0x00007ffa51337000 	C:\WINDOWS\SYSTEM32\WINMM.dll
0x00007ffa5dba0000 - 0x00007ffa5dc0b000 	C:\WINDOWS\System32\WS2_32.dll
0x00007ffa5abb0000 - 0x00007ffa5abc2000 	C:\WINDOWS\SYSTEM32\kernel.appcore.dll
0x00007ffa38f30000 - 0x00007ffa38f40000 	C:\Program Files\Microsoft\jdk-11.0.18.10-hotspot\bin\verify.dll
0x00007ffa5a640000 - 0x00007ffa5a824000 	C:\WINDOWS\SYSTEM32\DBGHELP.DLL
0x00007ffa47720000 - 0x00007ffa47754000 	C:\WINDOWS\SYSTEM32\dbgcore.DLL
0x00007ffa5c930000 - 0x00007ffa5c9b2000 	C:\WINDOWS\System32\bcryptPrimitives.dll
0x00007ffa378e0000 - 0x00007ffa37908000 	C:\Program Files\Microsoft\jdk-11.0.18.10-hotspot\bin\java.dll
0x00007ffa38f10000 - 0x00007ffa38f1a000 	C:\Program Files\Microsoft\jdk-11.0.18.10-hotspot\bin\jimage.dll
0x00007ffa29190000 - 0x00007ffa291a8000 	C:\Program Files\Microsoft\jdk-11.0.18.10-hotspot\bin\zip.dll
0x00007ffa5d110000 - 0x00007ffa5d854000 	C:\WINDOWS\System32\SHELL32.dll
0x00007ffa59ea0000 - 0x00007ffa5a633000 	C:\WINDOWS\SYSTEM32\windows.storage.dll
0x00007ffa5cd40000 - 0x00007ffa5d094000 	C:\WINDOWS\System32\combase.dll
0x00007ffa5bb50000 - 0x00007ffa5bb7e000 	C:\WINDOWS\SYSTEM32\Wldp.dll
0x00007ffa5dcb0000 - 0x00007ffa5dd5d000 	C:\WINDOWS\System32\SHCORE.dll
0x00007ffa5ddc0000 - 0x00007ffa5de15000 	C:\WINDOWS\System32\shlwapi.dll
0x00007ffa5c030000 - 0x00007ffa5c04f000 	C:\WINDOWS\SYSTEM32\profapi.dll
0x00007ffa28730000 - 0x00007ffa28749000 	C:\Program Files\Microsoft\jdk-11.0.18.10-hotspot\bin\net.dll
0x00007ffa546b0000 - 0x00007ffa547ba000 	C:\WINDOWS\SYSTEM32\WINHTTP.dll
0x00007ffa5b8b0000 - 0x00007ffa5b91a000 	C:\WINDOWS\system32\mswsock.dll
0x00007ffa28710000 - 0x00007ffa28723000 	C:\Program Files\Microsoft\jdk-11.0.18.10-hotspot\bin\nio.dll
0x00007ffa38c60000 - 0x00007ffa38c69000 	C:\Program Files\Microsoft\jdk-11.0.18.10-hotspot\bin\management.dll
0x00007ffa384b0000 - 0x00007ffa384bb000 	C:\Program Files\Microsoft\jdk-11.0.18.10-hotspot\bin\management_ext.dll
0x00007ffa54200000 - 0x00007ffa54217000 	C:\WINDOWS\system32\napinsp.dll
0x00007ffa54220000 - 0x00007ffa5423b000 	C:\WINDOWS\system32\pnrpnsp.dll
0x00007ffa36350000 - 0x00007ffa36365000 	C:\WINDOWS\system32\wshbth.dll
0x00007ffa574e0000 - 0x00007ffa574fd000 	C:\WINDOWS\system32\NLAapi.dll
0x00007ffa5b550000 - 0x00007ffa5b58c000 	C:\WINDOWS\SYSTEM32\IPHLPAPI.DLL
0x00007ffa5b590000 - 0x00007ffa5b65b000 	C:\WINDOWS\SYSTEM32\DNSAPI.dll
0x00007ffa5d100000 - 0x00007ffa5d108000 	C:\WINDOWS\System32\NSI.dll
0x00007ffa54240000 - 0x00007ffa54252000 	C:\WINDOWS\System32\winrnr.dll
0x00007ffa4ffc0000 - 0x00007ffa4ffca000 	C:\Windows\System32\rasadhlp.dll
0x00007ffa511c0000 - 0x00007ffa51242000 	C:\WINDOWS\System32\fwpuclnt.dll
0x00007ffa5c6a0000 - 0x00007ffa5c6c7000 	C:\WINDOWS\System32\bcrypt.dll
0x00007ffa5baa0000 - 0x00007ffa5bab8000 	C:\WINDOWS\SYSTEM32\CRYPTSP.dll
0x00007ffa5b160000 - 0x00007ffa5b194000 	C:\WINDOWS\system32\rsaenh.dll
0x00007ffa5bff0000 - 0x00007ffa5c01e000 	C:\WINDOWS\SYSTEM32\USERENV.dll
0x00007ffa5bac0000 - 0x00007ffa5bacc000 	C:\WINDOWS\SYSTEM32\CRYPTBASE.dll
0x00007ffa550e0000 - 0x00007ffa550f7000 	C:\WINDOWS\SYSTEM32\dhcpcsvc6.DLL
0x00007ffa552d0000 - 0x00007ffa552ed000 	C:\WINDOWS\SYSTEM32\dhcpcsvc.DLL
0x00007ffa382c0000 - 0x00007ffa382ce000 	C:\Program Files\Microsoft\jdk-11.0.18.10-hotspot\bin\sunmscapi.dll
0x00007ffa5c0f0000 - 0x00007ffa5c24e000 	C:\WINDOWS\System32\CRYPT32.dll
0x00007ffa5bbc0000 - 0x00007ffa5bbe8000 	C:\WINDOWS\SYSTEM32\ncrypt.dll
0x00007ffa5bb80000 - 0x00007ffa5bbbb000 	C:\WINDOWS\SYSTEM32\NTASN1.dll
0x00007ffa35a80000 - 0x00007ffa35aa5000 	C:\Program Files\Microsoft\jdk-11.0.18.10-hotspot\bin\sunec.dll

dbghelp: loaded successfully - version: 4.0.5 - missing functions: none
symbol engine: initialized successfully - sym options: 0x614 - pdb path: .;C:\Program Files\Microsoft\jdk-11.0.18.10-hotspot\bin;C:\WINDOWS\SYSTEM32;C:\WINDOWS\WinSxS\amd64_microsoft.windows.common-controls_6595b64144ccf1df_6.0.19041.1110_none_60b5254171f9507e;C:\Program Files\Microsoft\jdk-11.0.18.10-hotspot\bin\server

VM Arguments:
jvm_args: -Xverify:none -XX:TieredStopAtLevel=1 
java_command: com.hcmute.bookingevent.BookingEventApplication
java_class_path (initial): D:\LearningCode\ReactJS\BookingEventTicket\backend\booking-event\booking-event\target\classes;C:\Users\longq\.m2\repository\ch\qos\logback\logback-classic\1.2.11\logback-classic-1.2.11.jar;C:\Users\longq\.m2\repository\ch\qos\logback\logback-core\1.2.11\logback-core-1.2.11.jar;C:\Users\longq\.m2\repository\org\apache\logging\log4j\log4j-to-slf4j\2.17.2\log4j-to-slf4j-2.17.2.jar;C:\Users\longq\.m2\repository\org\apache\logging\log4j\log4j-api\2.17.2\log4j-api-2.17.2.jar;C:\Users\longq\.m2\repository\org\slf4j\jul-to-slf4j\1.7.36\jul-to-slf4j-1.7.36.jar;C:\Users\longq\.m2\repository\jakarta\annotation\jakarta.annotation-api\1.3.5\jakarta.annotation-api-1.3.5.jar;C:\Users\longq\.m2\repository\org\yaml\snakeyaml\1.30\snakeyaml-1.30.jar;C:\Users\longq\.m2\repository\org\mongodb\mongodb-driver-sync\4.6.1\mongodb-driver-sync-4.6.1.jar;C:\Users\longq\.m2\repository\org\mongodb\bson\4.6.1\bson-4.6.1.jar;C:\Users\longq\.m2\repository\org\mongodb\mongodb-driver-core\4.6.1\mongodb-driver-core-4.6.1.jar;C:\Users\longq\.m2\repository\org\mongodb\bson-record-codec\4.6.1\bson-record-codec-4.6.1.jar;C:\Users\longq\.m2\repository\org\springframework\data\spring-data-mongodb\3.4.2\spring-data-mongodb-3.4.2.jar;C:\Users\longq\.m2\repository\org\springframework\spring-expression\5.3.22\spring-expression-5.3.22.jar;C:\Users\longq\.m2\repository\org\springframework\data\spring-data-commons\2.7.2\spring-data-commons-2.7.2.jar;C:\Users\longq\.m2\repository\org\springframework\spring-context-support\5.3.22\spring-context-support-5.3.22.jar;C:\Users\longq\.m2\repository\com\sun\mail\jakarta.mail\1.6.7\jakarta.mail-1.6.7.jar;C:\Users\longq\.m2\repository\com\sun\activation\jakarta.activation\1.2.2\jakarta.activation-1.2.2.jar;C:\Users\longq\.m2\repository\org\springframework\security\spring-security-config\5.7.3\spring-security-config-5.7.3.jar;C:\Users\longq\.m2\repository\org\springframework\security\spring-security-core\5.7.3\spring-security-core-5.7.3.jar;C:\Us
Launcher Type: SUN_STANDARD

[Global flags]
     bool BytecodeVerificationLocal                = false                                     {product} {command line}
     bool BytecodeVerificationRemote               = false                                     {product} {command line}
     intx CICompilerCount                          = 4                                         {product} {ergonomic}
     uint ConcGCThreads                            = 2                                         {product} {ergonomic}
     uint G1ConcRefinementThreads                  = 8                                         {product} {ergonomic}
   size_t G1HeapRegionSize                         = 1048576                                   {product} {ergonomic}
    uintx GCDrainStackTargetSize                   = 64                                        {product} {ergonomic}
   size_t InitialHeapSize                          = 134217728                                 {product} {ergonomic}
   size_t MarkStackSize                            = 4194304                                   {product} {ergonomic}
   size_t MaxHeapSize                              = 2120220672                                {product} {ergonomic}
   size_t MaxNewSize                               = 1271922688                                {product} {ergonomic}
   size_t MinHeapDeltaBytes                        = 1048576                                   {product} {ergonomic}
    uintx NonNMethodCodeHeapSize                   = 7549744                                {pd product} {ergonomic}
    uintx NonProfiledCodeHeapSize                  = 244108496                              {pd product} {ergonomic}
    uintx ProfiledCodeHeapSize                     = 0                                      {pd product} {ergonomic}
    uintx ReservedCodeCacheSize                    = 251658240                              {pd product} {ergonomic}
     bool SegmentedCodeCache                       = true                                      {product} {ergonomic}
     intx TieredStopAtLevel                        = 1                                         {product} {command line}
     bool UseCompressedClassPointers               = true                                 {lp64_product} {ergonomic}
     bool UseCompressedOops                        = true                                 {lp64_product} {ergonomic}
     bool UseG1GC                                  = true                                      {product} {ergonomic}
     bool UseLargePagesIndividualAllocation        = false                                  {pd product} {ergonomic}

Logging:
Log output configuration:
 #0: stdout all=warning uptime,level,tags
 #1: stderr all=off uptime,level,tags

Environment Variables:
JAVA_HOME=C:\Program Files\Microsoft\jdk-11.0.18.10-hotspot\
PATH=C:\Program Files\Microsoft\jdk-11.0.18.10-hotspot\bin;C:\WINDOWS\system32;C:\WINDOWS;C:\WINDOWS\System32\Wbem;C:\WINDOWS\System32\WindowsPowerShell\v1.0\;C:\WINDOWS\System32\OpenSSH\;C:\Program Files\Git\cmd;C:\Program Files\TortoiseGit\bin;C:\Program Files\nodejs\;C:\ProgramData\chocolatey\bin;C:\Program Files\apache-maven-3.9.2\bin;C:\Users\longq\AppData\Local\Microsoft\WindowsApps;C:\Users\longq\AppData\Local\GitHubDesktop\bin;C:\Users\longq\AppData\Local\spicetify;C:\Users\longq\AppData\Local\Programs\Microsoft VS Code\bin;C:\Program Files\heroku\bin;C:\Users\longq\AppData\Roaming\npm
USERNAME=longq
OS=Windows_NT
PROCESSOR_IDENTIFIER=Intel64 Family 6 Model 142 Stepping 10, GenuineIntel
TMP=C:\Users\longq\AppData\Local\Temp
TEMP=C:\Users\longq\AppData\Local\Temp



---------------  S Y S T E M  ---------------

OS: Windows 10 , 64 bit Build 19041 (10.0.19041.2913)
OS uptime: 0 days 4:33 hours

CPU:total 8 (initial active 8) (4 cores per cpu, 2 threads per core) family 6 model 142 stepping 10 microcode 0xf0, cmov, cx8, fxsr, mmx, sse, sse2, sse3, ssse3, sse4.1, sse4.2, popcnt, avx, avx2, aes, clmul, erms, 3dnowpref, lzcnt, ht, tsc, tscinvbit, bmi1, bmi2, adx, fma

Memory: 4k page, system-wide physical 8086M (389M free)
TotalPageFile size 20540M (AvailPageFile size 146M)
current process WorkingSet (physical memory assigned to process): 65M, peak: 293M
current process commit charge ("private bytes"): 391M, peak: 392M

vm_info: OpenJDK 64-Bit Server VM (11.0.18+10-LTS) for windows-amd64 JRE (11.0.18+10-LTS), built on Jan 18 2023 15:56:47 by "MicrosoftCorporation" with MS VC++ 15.9 (VS2017)

END.
