#
# There is insufficient memory for the Java Runtime Environment to continue.
# Native memory allocation (mmap) failed to map 40894464 bytes for G1 virtual space
# Possible reasons:
#   The system is out of physical RAM or swap space
#   The process is running with CompressedOops enabled, and the Java Heap may be blocking the growth of the native heap
# Possible solutions:
#   Reduce memory load on the system
#   Increase physical memory or swap space
#   Check if swap backing store is full
#   Decrease Java heap size (-Xmx/-Xms)
#   Decrease number of Java threads
#   Decrease Java thread stack sizes (-Xss)
#   Set larger code cache with -XX:ReservedCodeCacheSize=
#   JVM is running with Unscaled Compressed Oops mode in which the Java heap is
#     placed in the first 4GB address space. The Java Heap base address is the
#     maximum limit for the native heap growth. Please use -XX:HeapBaseMinAddress
#     to set the Java Heap base and to place the Java Heap above 4GB virtual address.
# This output file may be truncated or incomplete.
#
#  Out of Memory Error (os_windows.cpp:3530), pid=33232, tid=14308
#
# JRE version: OpenJDK Runtime Environment Corretto-18.0.2.9.1 (18.0.2+9) (build 18.0.2+9-FR)
# Java VM: OpenJDK 64-Bit Server VM Corretto-18.0.2.9.1 (18.0.2+9-FR, mixed mode, emulated-client, sharing, tiered, compressed oops, compressed class ptrs, g1 gc, windows-amd64)
# No core dump will be written. Minidumps are not enabled by default on client versions of Windows
#

---------------  S U M M A R Y ------------

Command Line: -XX:TieredStopAtLevel=1 -Dspring.output.ansi.enabled=always -Dcom.sun.management.jmxremote -Dspring.jmx.enabled=true -Dspring.liveBeansView.mbeanDomain -Dspring.application.admin.enabled=true -Dmanagement.endpoints.jmx.exposure.include=* -javaagent:D:\Program Files\JetBrains\IntelliJ IDEA 2023.1\lib\idea_rt.jar=4732:D:\Program Files\JetBrains\IntelliJ IDEA 2023.1\bin -Dfile.encoding=UTF-8 -Dsun.stdout.encoding=UTF-8 -Dsun.stderr.encoding=UTF-8 com.hcmute.bookingevent.BookingEventApplication

Host: Intel(R) Core(TM) i5-8250U CPU @ 1.60GHz, 8 cores, 7G,  Windows 10 , 64 bit Build 19041 (10.0.19041.2913)
Time: Wed May 24 11:10:47 2023 SE Asia Standard Time elapsed time: 102.626752 seconds (0d 0h 1m 42s)

---------------  T H R E A D  ---------------

Current thread (0x000001ac192e8920):  VMThread "VM Thread" [stack: 0x0000008eab000000,0x0000008eab100000] [id=14308]

Stack: [0x0000008eab000000,0x0000008eab100000]
Native frames: (J=compiled Java code, j=interpreted, Vv=VM code, C=native code)
V  [jvm.dll+0x685a2a]
V  [jvm.dll+0x82ae8d]
V  [jvm.dll+0x82c75e]
V  [jvm.dll+0x82ce03]
V  [jvm.dll+0x25ef4b]
V  [jvm.dll+0x6828ca]
V  [jvm.dll+0x67745a]
V  [jvm.dll+0x3243f9]
V  [jvm.dll+0x32ba86]
V  [jvm.dll+0x37e00a]
V  [jvm.dll+0x37e24f]
V  [jvm.dll+0x2fb50a]
V  [jvm.dll+0x2fb5b7]
V  [jvm.dll+0x33f162]
V  [jvm.dll+0x33d8f0]
V  [jvm.dll+0x2fad70]
V  [jvm.dll+0x33cecb]
V  [jvm.dll+0x831b3b]
V  [jvm.dll+0x8328c8]
V  [jvm.dll+0x832e15]
V  [jvm.dll+0x833254]
V  [jvm.dll+0x833315]
V  [jvm.dll+0x7d9cba]
V  [jvm.dll+0x6848a5]
C  [ucrtbase.dll+0x21bb2]
C  [KERNEL32.DLL+0x17614]
C  [ntdll.dll+0x526a1]

VM_Operation (0x0000008eae8f80d0): G1CollectForAllocation, mode: safepoint, requested by thread 0x000001ac31adf450


---------------  P R O C E S S  ---------------

Threads class SMR info:
_java_thread_list=0x000001ac31a78d30, length=44, elements={
0x000001ac2b14e570, 0x000001ac2b1530f0, 0x000001ac2b164690, 0x000001ac2b165200,
0x000001ac2b166ac0, 0x000001ac2b167980, 0x000001ac2b16ae00, 0x000001ac2b1768f0,
0x000001ac2f811f50, 0x000001ac2fbfb7f0, 0x000001ac2fdd6390, 0x000001ac2ff6ac00,
0x000001ac303ead30, 0x000001ac309e7290, 0x000001ac309e8100, 0x000001ac309e55b0,
0x000001ac309e7c30, 0x000001ac309e5a80, 0x000001ac309e50e0, 0x000001ac309e85d0,
0x000001ac309e5f50, 0x000001ac309e8aa0, 0x000001ac309e6420, 0x000001ac31adf920,
0x000001ac31ae02c0, 0x000001ac31adfdf0, 0x000001ac31ada750, 0x000001ac31ae1130,
0x000001ac31adbf60, 0x000001ac31adc900, 0x000001ac31adef80, 0x000001ac31adac20,
0x000001ac31adeab0, 0x000001ac31adf450, 0x000001ac31adb0f0, 0x000001ac31addc40,
0x000001ac31adcdd0, 0x000001ac31adb5c0, 0x000001ac31ae0790, 0x000001ac31adba90,
0x000001ac31ae0c60, 0x000001ac31ad98e0, 0x000001ac31add2a0, 0x000001ac30215140
}

Java Threads: ( => current thread )
  0x000001ac2b14e570 JavaThread "Reference Handler" daemon [_thread_blocked, id=18936, stack(0x0000008eab100000,0x0000008eab200000)]
  0x000001ac2b1530f0 JavaThread "Finalizer" daemon [_thread_blocked, id=16412, stack(0x0000008eab200000,0x0000008eab300000)]
  0x000001ac2b164690 JavaThread "Signal Dispatcher" daemon [_thread_blocked, id=23388, stack(0x0000008eab300000,0x0000008eab400000)]
  0x000001ac2b165200 JavaThread "Attach Listener" daemon [_thread_blocked, id=11276, stack(0x0000008eab400000,0x0000008eab500000)]
  0x000001ac2b166ac0 JavaThread "Service Thread" daemon [_thread_blocked, id=11388, stack(0x0000008eab500000,0x0000008eab600000)]
  0x000001ac2b167980 JavaThread "Monitor Deflation Thread" daemon [_thread_blocked, id=10732, stack(0x0000008eab600000,0x0000008eab700000)]
  0x000001ac2b16ae00 JavaThread "C1 CompilerThread0" daemon [_thread_blocked, id=33484, stack(0x0000008eab700000,0x0000008eab800000)]
  0x000001ac2b1768f0 JavaThread "Sweeper thread" daemon [_thread_blocked, id=27800, stack(0x0000008eab800000,0x0000008eab900000)]
  0x000001ac2f811f50 JavaThread "Common-Cleaner" daemon [_thread_blocked, id=23348, stack(0x0000008eab900000,0x0000008eaba00000)]
  0x000001ac2fbfb7f0 JavaThread "Monitor Ctrl-Break" daemon [_thread_in_native, id=32408, stack(0x0000008eabc00000,0x0000008eabd00000)]
  0x000001ac2fdd6390 JavaThread "Notification Thread" daemon [_thread_blocked, id=9412, stack(0x0000008eabd00000,0x0000008eabe00000)]
  0x000001ac2ff6ac00 JavaThread "RMI TCP Accept-0" daemon [_thread_in_native, id=20428, stack(0x0000008eabe00000,0x0000008eabf00000)]
  0x000001ac303ead30 JavaThread "RMI Scheduler(0)" daemon [_thread_blocked, id=10320, stack(0x0000008eacd00000,0x0000008eace00000)]
  0x000001ac309e7290 JavaThread "Thread-4" daemon [_thread_in_native, id=29872, stack(0x0000008ead000000,0x0000008ead100000)]
  0x000001ac309e8100 JavaThread "BufferPoolPruner-1-thread-1" daemon [_thread_blocked, id=8060, stack(0x0000008ead100000,0x0000008ead200000)]
  0x000001ac309e55b0 JavaThread "cluster-ClusterId{value='646d8de87ac5c5676fb2e489', description='null'}-ac-t6cd1ni-shard-00-01.gf6kkyp.mongodb.net:27017" daemon [_thread_in_native, id=24052, stack(0x0000008ead300000,0x0000008ead400000)]
  0x000001ac309e7c30 JavaThread "cluster-rtt-ClusterId{value='646d8de87ac5c5676fb2e489', description='null'}-ac-t6cd1ni-shard-00-01.gf6kkyp.mongodb.net:27017" daemon [_thread_blocked, id=19856, stack(0x0000008ead400000,0x0000008ead500000)]
  0x000001ac309e5a80 JavaThread "cluster-ClusterId{value='646d8de87ac5c5676fb2e489', description='null'}-ac-t6cd1ni-shard-00-02.gf6kkyp.mongodb.net:27017" daemon [_thread_in_native, id=17556, stack(0x0000008ead500000,0x0000008ead600000)]
  0x000001ac309e50e0 JavaThread "cluster-rtt-ClusterId{value='646d8de87ac5c5676fb2e489', description='null'}-ac-t6cd1ni-shard-00-02.gf6kkyp.mongodb.net:27017" daemon [_thread_blocked, id=30924, stack(0x0000008ead600000,0x0000008ead700000)]
  0x000001ac309e85d0 JavaThread "cluster-ClusterId{value='646d8de87ac5c5676fb2e489', description='null'}-ac-t6cd1ni-shard-00-00.gf6kkyp.mongodb.net:27017" daemon [_thread_in_native, id=15252, stack(0x0000008ead700000,0x0000008ead800000)]
  0x000001ac309e5f50 JavaThread "cluster-rtt-ClusterId{value='646d8de87ac5c5676fb2e489', description='null'}-ac-t6cd1ni-shard-00-00.gf6kkyp.mongodb.net:27017" daemon [_thread_blocked, id=27364, stack(0x0000008ead800000,0x0000008ead900000)]
  0x000001ac309e8aa0 JavaThread "MaintenanceTimer-4-thread-1" daemon [_thread_blocked, id=22304, stack(0x0000008eada00000,0x0000008eadb00000)]
  0x000001ac309e6420 JavaThread "MaintenanceTimer-3-thread-1" daemon [_thread_blocked, id=19760, stack(0x0000008eadb00000,0x0000008eadc00000)]
  0x000001ac31adf920 JavaThread "MaintenanceTimer-2-thread-1" daemon [_thread_blocked, id=31996, stack(0x0000008eadc00000,0x0000008eadd00000)]
  0x000001ac31ae02c0 JavaThread "Catalina-utility-1" [_thread_blocked, id=16828, stack(0x0000008eade00000,0x0000008eadf00000)]
  0x000001ac31adfdf0 JavaThread "Catalina-utility-2" [_thread_blocked, id=19924, stack(0x0000008eadf00000,0x0000008eae000000)]
  0x000001ac31ada750 JavaThread "container-0" [_thread_blocked, id=1748, stack(0x0000008eae000000,0x0000008eae100000)]
  0x000001ac31ae1130 JavaThread "Live Reload Server" daemon [_thread_in_native, id=22824, stack(0x0000008eae100000,0x0000008eae200000)]
  0x000001ac31adbf60 JavaThread "MessageBroker-1" [_thread_blocked, id=22752, stack(0x0000008eae300000,0x0000008eae400000)]
  0x000001ac31adc900 JavaThread "File Watcher" daemon [_thread_blocked, id=21304, stack(0x0000008eae400000,0x0000008eae500000)]
  0x000001ac31adef80 JavaThread "http-nio-8080-exec-1" daemon [_thread_blocked, id=29464, stack(0x0000008eae500000,0x0000008eae600000)]
  0x000001ac31adac20 JavaThread "http-nio-8080-exec-2" daemon [_thread_blocked, id=26564, stack(0x0000008eae600000,0x0000008eae700000)]
  0x000001ac31adeab0 JavaThread "http-nio-8080-exec-3" daemon [_thread_blocked, id=23356, stack(0x0000008eae700000,0x0000008eae800000)]
  0x000001ac31adf450 JavaThread "http-nio-8080-exec-4" daemon [_thread_blocked, id=21872, stack(0x0000008eae800000,0x0000008eae900000)]
  0x000001ac31adb0f0 JavaThread "http-nio-8080-exec-5" daemon [_thread_blocked, id=28168, stack(0x0000008eae900000,0x0000008eaea00000)]
  0x000001ac31addc40 JavaThread "http-nio-8080-exec-6" daemon [_thread_blocked, id=21920, stack(0x0000008eaea00000,0x0000008eaeb00000)]
  0x000001ac31adcdd0 JavaThread "http-nio-8080-exec-7" daemon [_thread_blocked, id=17904, stack(0x0000008eaeb00000,0x0000008eaec00000)]
  0x000001ac31adb5c0 JavaThread "http-nio-8080-exec-8" daemon [_thread_blocked, id=20456, stack(0x0000008eaec00000,0x0000008eaed00000)]
  0x000001ac31ae0790 JavaThread "http-nio-8080-exec-9" daemon [_thread_blocked, id=26872, stack(0x0000008eaed00000,0x0000008eaee00000)]
  0x000001ac31adba90 JavaThread "http-nio-8080-exec-10" daemon [_thread_blocked, id=4216, stack(0x0000008eaee00000,0x0000008eaef00000)]
  0x000001ac31ae0c60 JavaThread "http-nio-8080-Poller" daemon [_thread_blocked, id=9660, stack(0x0000008eaef00000,0x0000008eaf000000)]
  0x000001ac31ad98e0 JavaThread "http-nio-8080-Acceptor" daemon [_thread_in_native, id=21084, stack(0x0000008eaf000000,0x0000008eaf100000)]
  0x000001ac31add2a0 JavaThread "DestroyJavaVM" [_thread_blocked, id=19584, stack(0x0000008eaaa00000,0x0000008eaab00000)]
  0x000001ac30215140 JavaThread "MessageBroker-2" [_thread_blocked, id=9988, stack(0x0000008eaa700000,0x0000008eaa800000)]

Other Threads:
=>0x000001ac192e8920 VMThread "VM Thread" [stack: 0x0000008eab000000,0x0000008eab100000] [id=14308]
  0x000001ac19270630 WatcherThread "VM Periodic Task Thread" [stack: 0x0000008eabf00000,0x0000008eac000000] [id=33080]
  0x000001ac192d0a60 WorkerThread "GC Thread#0" [stack: 0x0000008eaab00000,0x0000008eaac00000] [id=20056]
  0x000001ac3036e6e0 WorkerThread "GC Thread#1" [stack: 0x0000008eac100000,0x0000008eac200000] [id=14284]
  0x000001ac3036f6a0 WorkerThread "GC Thread#2" [stack: 0x0000008eac200000,0x0000008eac300000] [id=23984]
  0x000001ac3036fbe0 WorkerThread "GC Thread#3" [stack: 0x0000008eac300000,0x0000008eac400000] [id=25444]
  0x000001ac3036f400 WorkerThread "GC Thread#4" [stack: 0x0000008eac400000,0x0000008eac500000] [id=13524]
  0x000001ac303703c0 WorkerThread "GC Thread#5" [stack: 0x0000008eac500000,0x0000008eac600000] [id=26324]
  0x000001ac3036fe80 WorkerThread "GC Thread#6" [stack: 0x0000008eac600000,0x0000008eac700000] [id=25284]
  0x000001ac3036f940 WorkerThread "GC Thread#7" [stack: 0x0000008eac700000,0x0000008eac800000] [id=12856]
  0x000001ac192e1560 ConcurrentGCThread "G1 Main Marker" [stack: 0x0000008eaac00000,0x0000008eaad00000] [id=27604]
  0x000001ac192e2600 WorkerThread "G1 Conc#0" [stack: 0x0000008eaad00000,0x0000008eaae00000] [id=20464]
  0x000001ac3036f160 WorkerThread "G1 Conc#1" [stack: 0x0000008eacf00000,0x0000008ead000000] [id=20288]
  0x000001ac1931f7f0 ConcurrentGCThread "G1 Refine#0" [stack: 0x0000008eaae00000,0x0000008eaaf00000] [id=32740]
  0x000001ac303461d0 ConcurrentGCThread "G1 Refine#1" [stack: 0x0000008eac800000,0x0000008eac900000] [id=29652]
  0x000001ac3030d580 ConcurrentGCThread "G1 Refine#2" [stack: 0x0000008eac900000,0x0000008eaca00000] [id=6512]
  0x000001ac2b013160 ConcurrentGCThread "G1 Service" [stack: 0x0000008eaaf00000,0x0000008eab000000] [id=5132]

Threads with active compile tasks:

VM state: at safepoint (normal execution)

VM Mutex/Monitor currently owned by a thread:  ([mutex/lock_event])
[0x000001ac1926b7c0] Threads_lock - owner thread: 0x000001ac192e8920
[0x000001ac1926b340] Heap_lock - owner thread: 0x000001ac31adf450

Heap address: 0x0000000081a00000, size: 2022 MB, Compressed Oops mode: 32-bit

CDS archive(s) mapped at: [0x0000000800000000-0x0000000800ba0000-0x0000000800ba0000), size 12189696, SharedBaseAddress: 0x0000000800000000, ArchiveRelocationMode: 0.
Compressed class space mapped at: 0x0000000800c00000-0x0000000840c00000, reserved size: 1073741824
Narrow klass base: 0x0000000800000000, Narrow klass shift: 0, Narrow klass range: 0x100000000

GC Precious Log:
 CardTable entry size: 512
 Card Set container configuration: InlinePtr #cards 5 size 8 Array Of Cards #cards 12 size 40 Howl #buckets 4 coarsen threshold 1843 Howl Bitmap #cards 512 size 80 coarsen threshold 460 Card regions per heap region 1 cards per card region 2048
 CPUs: 8 total, 8 available
 Memory: 8086M
 Large Page Support: Disabled
 NUMA Support: Disabled
 Compressed Oops: Enabled (32-bit)
 Heap Region Size: 1M
 Heap Min Capacity: 8M
 Heap Initial Capacity: 128M
 Heap Max Capacity: 2022M
 Pre-touch: Disabled
 Parallel Workers: 8
 Concurrent Workers: 2
 Concurrent Refinement Workers: 8
 Periodic GC: Disabled

Heap:
 garbage-first heap   total 91136K, used 38864K [0x0000000081a00000, 0x0000000100000000)
  region size 1024K, 1 young (1024K), 1 survivors (1024K)
 Metaspace       used 58269K, committed 59584K, reserved 1114112K
  class space    used 7932K, committed 8448K, reserved 1048576K

Heap Regions: E=young(eden), S=young(survivor), O=old, HS=humongous(starts), HC=humongous(continues), CS=collection set, F=free, OA=open archive, CA=closed archive, TAMS=top-at-mark-start (previous, next)
|   0|0x0000000081a00000, 0x0000000081b00000, 0x0000000081b00000|100%| O|  |TAMS 0x0000000081b00000, 0x0000000081a00000| Untracked 
|   1|0x0000000081b00000, 0x0000000081c00000, 0x0000000081c00000|100%| O|  |TAMS 0x0000000081c00000, 0x0000000081b00000| Untracked 
|   2|0x0000000081c00000, 0x0000000081d00000, 0x0000000081d00000|100%| O|  |TAMS 0x0000000081d00000, 0x0000000081c00000| Untracked 
|   3|0x0000000081d00000, 0x0000000081e00000, 0x0000000081e00000|100%| O|  |TAMS 0x0000000081e00000, 0x0000000081d00000| Untracked 
|   4|0x0000000081e00000, 0x0000000081f00000, 0x0000000081f00000|100%| O|  |TAMS 0x0000000081f00000, 0x0000000081e00000| Untracked 
|   5|0x0000000081f00000, 0x0000000082000000, 0x0000000082000000|100%| O|  |TAMS 0x0000000082000000, 0x0000000081f00000| Untracked 
|   6|0x0000000082000000, 0x0000000082100000, 0x0000000082100000|100%| O|  |TAMS 0x0000000082100000, 0x0000000082000000| Untracked 
|   7|0x0000000082100000, 0x0000000082200000, 0x0000000082200000|100%| O|  |TAMS 0x0000000082100000, 0x0000000082100000| Untracked 
|   8|0x0000000082200000, 0x0000000082300000, 0x0000000082300000|100%| O|  |TAMS 0x0000000082300000, 0x0000000082200000| Untracked 
|   9|0x0000000082300000, 0x0000000082400000, 0x0000000082400000|100%| O|  |TAMS 0x0000000082400000, 0x0000000082300000| Untracked 
|  10|0x0000000082400000, 0x0000000082500000, 0x0000000082500000|100%| O|  |TAMS 0x0000000082500000, 0x0000000082400000| Untracked 
|  11|0x0000000082500000, 0x0000000082600000, 0x0000000082600000|100%| O|  |TAMS 0x0000000082600000, 0x0000000082500000| Untracked 
|  12|0x0000000082600000, 0x0000000082700000, 0x0000000082700000|100%| O|  |TAMS 0x0000000082600000, 0x0000000082600000| Untracked 
|  13|0x0000000082700000, 0x0000000082800000, 0x0000000082800000|100%| O|  |TAMS 0x0000000082700000, 0x0000000082700000| Untracked 
|  14|0x0000000082800000, 0x0000000082900000, 0x0000000082900000|100%| O|  |TAMS 0x0000000082900000, 0x0000000082800000| Untracked 
|  15|0x0000000082900000, 0x0000000082900000, 0x0000000082a00000|  0%| F|  |TAMS 0x0000000082900000, 0x0000000082900000| Untracked 
|  16|0x0000000082a00000, 0x0000000082b00000, 0x0000000082b00000|100%|HS|  |TAMS 0x0000000082b00000, 0x0000000082a00000| Complete 
|  17|0x0000000082b00000, 0x0000000082c00000, 0x0000000082c00000|100%| O|  |TAMS 0x0000000082b00000, 0x0000000082b00000| Untracked 
|  18|0x0000000082c00000, 0x0000000082d00000, 0x0000000082d00000|100%| O|  |TAMS 0x0000000082d00000, 0x0000000082c00000| Untracked 
|  19|0x0000000082d00000, 0x0000000082e00000, 0x0000000082e00000|100%| O|  |TAMS 0x0000000082e00000, 0x0000000082d00000| Untracked 
|  20|0x0000000082e00000, 0x0000000082ec8000, 0x0000000082f00000| 78%| O|  |TAMS 0x0000000082e00000, 0x0000000082e00000| Untracked 
|  21|0x0000000082f00000, 0x0000000083000000, 0x0000000083000000|100%| O|  |TAMS 0x0000000083000000, 0x0000000082f00000| Untracked 
|  22|0x0000000083000000, 0x0000000083100000, 0x0000000083100000|100%| O|  |TAMS 0x0000000083000000, 0x0000000083000000| Untracked 
|  23|0x0000000083100000, 0x0000000083100000, 0x0000000083200000|  0%| F|  |TAMS 0x0000000083100000, 0x0000000083100000| Untracked 
|  24|0x0000000083200000, 0x0000000083300000, 0x0000000083300000|100%| O|  |TAMS 0x0000000083200000, 0x0000000083200000| Untracked 
|  25|0x0000000083300000, 0x0000000083400000, 0x0000000083400000|100%| O|  |TAMS 0x0000000083400000, 0x0000000083300000| Untracked 
|  26|0x0000000083400000, 0x0000000083500000, 0x0000000083500000|100%| O|  |TAMS 0x0000000083500000, 0x0000000083400000| Untracked 
|  27|0x0000000083500000, 0x0000000083600000, 0x0000000083600000|100%| O|  |TAMS 0x0000000083500000, 0x0000000083500000| Untracked 
|  28|0x0000000083600000, 0x0000000083700000, 0x0000000083700000|100%| O|  |TAMS 0x0000000083600000, 0x0000000083600000| Untracked 
|  29|0x0000000083700000, 0x0000000083700000, 0x0000000083800000|  0%| F|  |TAMS 0x0000000083700000, 0x0000000083700000| Untracked 
|  30|0x0000000083800000, 0x0000000083800000, 0x0000000083900000|  0%| F|  |TAMS 0x0000000083800000, 0x0000000083800000| Untracked 
|  31|0x0000000083900000, 0x0000000083900000, 0x0000000083a00000|  0%| F|  |TAMS 0x0000000083900000, 0x0000000083900000| Untracked 
|  32|0x0000000083a00000, 0x0000000083b00000, 0x0000000083b00000|100%| O|  |TAMS 0x0000000083b00000, 0x0000000083a00000| Untracked 
|  33|0x0000000083b00000, 0x0000000083c00000, 0x0000000083c00000|100%| O|  |TAMS 0x0000000083c00000, 0x0000000083b00000| Untracked 
|  34|0x0000000083c00000, 0x0000000083d00000, 0x0000000083d00000|100%| O|  |TAMS 0x0000000083d00000, 0x0000000083c00000| Untracked 
|  35|0x0000000083d00000, 0x0000000083e00000, 0x0000000083e00000|100%| O|  |TAMS 0x0000000083e00000, 0x0000000083d00000| Complete 
|  36|0x0000000083e00000, 0x0000000083f00000, 0x0000000083f00000|100%| O|  |TAMS 0x0000000083f00000, 0x0000000083e00000| Untracked 
|  37|0x0000000083f00000, 0x0000000084000000, 0x0000000084000000|100%| O|  |TAMS 0x0000000084000000, 0x0000000083f00000| Untracked 
|  38|0x0000000084000000, 0x0000000084100000, 0x0000000084100000|100%| O|  |TAMS 0x0000000084100000, 0x0000000084000000| Untracked 
|  39|0x0000000084100000, 0x0000000084200000, 0x0000000084200000|100%| O|  |TAMS 0x0000000084200000, 0x0000000084100000| Untracked 
|  40|0x0000000084200000, 0x0000000084300000, 0x0000000084300000|100%| O|  |TAMS 0x0000000084300000, 0x0000000084200000| Untracked 
|  41|0x0000000084300000, 0x0000000084400000, 0x0000000084400000|100%| O|  |TAMS 0x0000000084400000, 0x0000000084300000| Untracked 
|  42|0x0000000084400000, 0x0000000084500000, 0x0000000084500000|100%| O|  |TAMS 0x0000000084447200, 0x0000000084400000| Untracked 
|  43|0x0000000084500000, 0x0000000084500000, 0x0000000084600000|  0%| F|  |TAMS 0x0000000084500000, 0x0000000084500000| Untracked 
|  44|0x0000000084600000, 0x0000000084600000, 0x0000000084700000|  0%| F|  |TAMS 0x0000000084600000, 0x0000000084600000| Untracked 
|  45|0x0000000084700000, 0x0000000084700000, 0x0000000084800000|  0%| F|  |TAMS 0x0000000084700000, 0x0000000084700000| Untracked 
|  46|0x0000000084800000, 0x0000000084800000, 0x0000000084900000|  0%| F|  |TAMS 0x0000000084800000, 0x0000000084800000| Untracked 
|  47|0x0000000084900000, 0x0000000084900000, 0x0000000084a00000|  0%| F|  |TAMS 0x0000000084900000, 0x0000000084900000| Untracked 
|  48|0x0000000084a00000, 0x0000000084a00000, 0x0000000084b00000|  0%| F|  |TAMS 0x0000000084a00000, 0x0000000084a00000| Untracked 
|  49|0x0000000084b00000, 0x0000000084b00000, 0x0000000084c00000|  0%| F|  |TAMS 0x0000000084b00000, 0x0000000084b00000| Untracked 
|  50|0x0000000084c00000, 0x0000000084c00000, 0x0000000084d00000|  0%| F|  |TAMS 0x0000000084c00000, 0x0000000084c00000| Untracked 
|  51|0x0000000084d00000, 0x0000000084d00000, 0x0000000084e00000|  0%| F|  |TAMS 0x0000000084d00000, 0x0000000084d00000| Untracked 
|  52|0x0000000084e00000, 0x0000000084e00000, 0x0000000084f00000|  0%| F|  |TAMS 0x0000000084e00000, 0x0000000084e00000| Untracked 
|  53|0x0000000084f00000, 0x0000000084f00000, 0x0000000085000000|  0%| F|  |TAMS 0x0000000084f00000, 0x0000000084f00000| Untracked 
|  54|0x0000000085000000, 0x0000000085000000, 0x0000000085100000|  0%| F|  |TAMS 0x0000000085000000, 0x0000000085000000| Untracked 
|  55|0x0000000085100000, 0x0000000085100000, 0x0000000085200000|  0%| F|  |TAMS 0x0000000085100000, 0x0000000085100000| Untracked 
|  56|0x0000000085200000, 0x0000000085200000, 0x0000000085300000|  0%| F|  |TAMS 0x0000000085200000, 0x0000000085200000| Untracked 
|  57|0x0000000085300000, 0x0000000085300000, 0x0000000085400000|  0%| F|  |TAMS 0x0000000085300000, 0x0000000085300000| Untracked 
|  58|0x0000000085400000, 0x0000000085400000, 0x0000000085500000|  0%| F|  |TAMS 0x0000000085400000, 0x0000000085400000| Untracked 
|  59|0x0000000085500000, 0x0000000085500000, 0x0000000085600000|  0%| F|  |TAMS 0x0000000085500000, 0x0000000085500000| Untracked 
|  60|0x0000000085600000, 0x0000000085600000, 0x0000000085700000|  0%| F|  |TAMS 0x0000000085600000, 0x0000000085600000| Untracked 
|  61|0x0000000085700000, 0x0000000085700000, 0x0000000085800000|  0%| F|  |TAMS 0x0000000085700000, 0x0000000085700000| Untracked 
|  62|0x0000000085800000, 0x0000000085800000, 0x0000000085900000|  0%| F|  |TAMS 0x0000000085800000, 0x0000000085800000| Untracked 
|  63|0x0000000085900000, 0x0000000085900000, 0x0000000085a00000|  0%| F|  |TAMS 0x0000000085900000, 0x0000000085900000| Untracked 
|  64|0x0000000085a00000, 0x0000000085a00000, 0x0000000085b00000|  0%| F|  |TAMS 0x0000000085a00000, 0x0000000085a00000| Untracked 
|  65|0x0000000085b00000, 0x0000000085b00000, 0x0000000085c00000|  0%| F|  |TAMS 0x0000000085b00000, 0x0000000085b00000| Untracked 
|  66|0x0000000085c00000, 0x0000000085c00000, 0x0000000085d00000|  0%| F|  |TAMS 0x0000000085c00000, 0x0000000085c00000| Untracked 
|  67|0x0000000085d00000, 0x0000000085d00000, 0x0000000085e00000|  0%| F|  |TAMS 0x0000000085d00000, 0x0000000085d00000| Untracked 
|  68|0x0000000085e00000, 0x0000000085e00000, 0x0000000085f00000|  0%| F|  |TAMS 0x0000000085e00000, 0x0000000085e00000| Untracked 
|  69|0x0000000085f00000, 0x0000000085f00000, 0x0000000086000000|  0%| F|  |TAMS 0x0000000085f00000, 0x0000000085f00000| Untracked 
|  70|0x0000000086000000, 0x0000000086000000, 0x0000000086100000|  0%| F|  |TAMS 0x0000000086000000, 0x0000000086000000| Untracked 
|  71|0x0000000086100000, 0x0000000086100000, 0x0000000086200000|  0%| F|  |TAMS 0x0000000086100000, 0x0000000086100000| Untracked 
|  72|0x0000000086200000, 0x0000000086200000, 0x0000000086300000|  0%| F|  |TAMS 0x0000000086200000, 0x0000000086200000| Untracked 
|  73|0x0000000086300000, 0x0000000086300000, 0x0000000086400000|  0%| F|  |TAMS 0x0000000086300000, 0x0000000086300000| Untracked 
|  74|0x0000000086400000, 0x0000000086400000, 0x0000000086500000|  0%| F|  |TAMS 0x0000000086400000, 0x0000000086400000| Untracked 
|  75|0x0000000086500000, 0x0000000086500000, 0x0000000086600000|  0%| F|  |TAMS 0x0000000086500000, 0x0000000086500000| Untracked 
|  76|0x0000000086600000, 0x0000000086600000, 0x0000000086700000|  0%| F|  |TAMS 0x0000000086600000, 0x0000000086600000| Untracked 
|  77|0x0000000086700000, 0x0000000086700000, 0x0000000086800000|  0%| F|  |TAMS 0x0000000086700000, 0x0000000086700000| Untracked 
|  78|0x0000000086800000, 0x0000000086800000, 0x0000000086900000|  0%| F|  |TAMS 0x0000000086800000, 0x0000000086800000| Untracked 
|  79|0x0000000086900000, 0x0000000086900000, 0x0000000086a00000|  0%| F|  |TAMS 0x0000000086900000, 0x0000000086900000| Untracked 
|  80|0x0000000086a00000, 0x0000000086a00000, 0x0000000086b00000|  0%| F|  |TAMS 0x0000000086a00000, 0x0000000086a00000| Untracked 
|  81|0x0000000086b00000, 0x0000000086b00000, 0x0000000086c00000|  0%| F|  |TAMS 0x0000000086b00000, 0x0000000086b00000| Untracked 
|  82|0x0000000086c00000, 0x0000000086c00000, 0x0000000086d00000|  0%| F|  |TAMS 0x0000000086c00000, 0x0000000086c00000| Untracked 
|  83|0x0000000086d00000, 0x0000000086d00000, 0x0000000086e00000|  0%| F|  |TAMS 0x0000000086d00000, 0x0000000086d00000| Untracked 
|  84|0x0000000086e00000, 0x0000000086e00000, 0x0000000086f00000|  0%| F|  |TAMS 0x0000000086e00000, 0x0000000086e00000| Untracked 
|  85|0x0000000086f00000, 0x0000000086f2c248, 0x0000000087000000| 17%| S|CS|TAMS 0x0000000086f00000, 0x0000000086f00000| Complete 
|  86|0x0000000087000000, 0x0000000087000000, 0x0000000087100000|  0%| F|  |TAMS 0x0000000087000000, 0x0000000087000000| Untracked 
|  87|0x0000000087100000, 0x0000000087100000, 0x0000000087200000|  0%| F|  |TAMS 0x0000000087100000, 0x0000000087100000| Untracked 
| 127|0x0000000089900000, 0x0000000089900000, 0x0000000089a00000|  0%| F|  |TAMS 0x0000000089900000, 0x0000000089900000| Untracked 

Card table byte_map: [0x000001ac24450000,0x000001ac24850000] _byte_map_base: 0x000001ac24043000

Marking Bits (Prev, Next): (CMBitMap*) 0x000001ac192d0fb0, (CMBitMap*) 0x000001ac192d0f70
 Prev Bits: [0x000001ac26bf0000, 0x000001ac28b88000)
 Next Bits: [0x000001ac24c50000, 0x000001ac26be8000)

Polling page: 0x000001ac18a30000

Metaspace:

Usage:
  Non-class:     49.16 MB used.
      Class:      7.75 MB used.
       Both:     56.90 MB used.

Virtual space:
  Non-class space:       64.00 MB reserved,      49.94 MB ( 78%) committed,  1 nodes.
      Class space:        1.00 GB reserved,       8.25 MB ( <1%) committed,  1 nodes.
             Both:        1.06 GB reserved,      58.19 MB (  5%) committed. 

Chunk freelists:
   Non-Class:  2.51 MB
       Class:  3.92 MB
        Both:  6.44 MB

MaxMetaspaceSize: unlimited
CompressedClassSpaceSize: 1.00 GB
Initial GC threshold: 21.00 MB
Current GC threshold: 97.00 MB
CDS: on
MetaspaceReclaimPolicy: balanced
 - commit_granule_bytes: 65536.
 - commit_granule_words: 8192.
 - virtual_space_node_default_size: 8388608.
 - enlarge_chunks_in_place: 1.
 - new_chunks_are_fully_committed: 0.
 - uncommit_free_chunks: 1.
 - use_allocation_guard: 0.


Internal statistics:

num_allocs_failed_limit: 6.
num_arena_births: 1302.
num_arena_deaths: 546.
num_vsnodes_births: 2.
num_vsnodes_deaths: 0.
num_space_committed: 931.
num_space_uncommitted: 0.
num_chunks_returned_to_freelist: 628.
num_chunks_taken_from_freelist: 3389.
num_chunk_merges: 222.
num_chunk_splits: 2280.
num_chunks_enlarged: 1673.
num_inconsistent_stats: 0.

CodeCache: size=49152Kb used=16169Kb max_used=16732Kb free=32982Kb
 bounds [0x000001ac20e30000, 0x000001ac21f20000, 0x000001ac23e30000]
 total_blobs=10012 nmethods=9361 adapters=578
 compilation: enabled
              stopped_count=0, restarted_count=0
 full_count=0

Compilation events (20 events):
Event: 100.961 Thread 0x000001ac31bf5150 9518       1       org.springframework.aop.framework.AdvisedSupport::getInterceptorsAndDynamicInterceptionAdvice (59 bytes)
Event: 100.961 Thread 0x000001ac2b16ae00 9519       1       org.springframework.aop.framework.AdvisedSupport$MethodCacheKey::<init> (18 bytes)
Event: 100.961 Thread 0x000001ac2b16ae00 nmethod 9519 0x000001ac21d24490 code [0x000001ac21d24640, 0x000001ac21d24808]
Event: 100.961 Thread 0x000001ac31bf5150 nmethod 9518 0x000001ac21d23c10 code [0x000001ac21d23e00, 0x000001ac21d24198]
Event: 101.124 Thread 0x000001ac2b16ae00 9520       1       org.springframework.util.MimeType::isWildcardType (10 bytes)
Event: 101.124 Thread 0x000001ac2b16ae00 nmethod 9520 0x000001ac21d23910 code [0x000001ac21d23aa0, 0x000001ac21d23b88]
Event: 101.124 Thread 0x000001ac2b16ae00 9521       1       org.springframework.core.annotation.AttributeMethods::isAttributeMethod (23 bytes)
Event: 101.125 Thread 0x000001ac2b16ae00 nmethod 9521 0x000001ac21d23590 code [0x000001ac21d23720, 0x000001ac21d23818]
Event: 101.126 Thread 0x000001ac2b16ae00 9522       1       java.text.SimpleDateFormat::subFormat (1264 bytes)
Event: 101.126 Thread 0x000001ac31bf5150 9523       1       java.util.Calendar::getDisplayName (165 bytes)
Event: 101.127 Thread 0x000001ac31bf5150 nmethod 9523 0x000001ac21d22b90 code [0x000001ac21d22dc0, 0x000001ac21d232d8]
Event: 101.127 Thread 0x000001ac31bf5150 9524       1       java.util.Calendar::checkDisplayNameParams (67 bytes)
Event: 101.127 Thread 0x000001ac31bf5150 nmethod 9524 0x000001ac21d22690 code [0x000001ac21d22840, 0x000001ac21d22a98]
Event: 101.127 Thread 0x000001ac31bf5150 9525       1       java.nio.charset.Charset::equals (31 bytes)
Event: 101.127 Thread 0x000001ac31bf5150 nmethod 9525 0x000001ac21d22210 code [0x000001ac21d223c0, 0x000001ac21d225a8]
Event: 101.127 Thread 0x000001ac31bf5150 9526       1       org.apache.tomcat.util.http.MimeHeaders::getValue (26 bytes)
Event: 101.128 Thread 0x000001ac31bf5150 nmethod 9526 0x000001ac21d21e10 code [0x000001ac21d21fa0, 0x000001ac21d220d8]
Event: 101.129 Thread 0x000001ac2b16ae00 nmethod 9522 0x000001ac21d1d310 code [0x000001ac21d1d8a0, 0x000001ac21d20078]
Event: 101.933 Thread 0x000001ac2b16ae00 9527       1       com.hcmute.bookingevent.models.event.Event::getOrganizationTickets (5 bytes)
Event: 101.933 Thread 0x000001ac2b16ae00 nmethod 9527 0x000001ac21d1d010 code [0x000001ac21d1d1a0, 0x000001ac21d1d278]

GC Heap History (20 events):
Event: 31.794 GC heap after
{Heap after GC invocations=32 (full 0):
 garbage-first heap   total 82944K, used 39443K [0x0000000081a00000, 0x0000000100000000)
  region size 1024K, 1 young (1024K), 1 survivors (1024K)
 Metaspace       used 55175K, committed 55936K, reserved 1114112K
  class space    used 7527K, committed 7872K, reserved 1048576K
}
Event: 37.700 GC heap before
{Heap before GC invocations=33 (full 0):
 garbage-first heap   total 82944K, used 68115K [0x0000000081a00000, 0x0000000100000000)
  region size 1024K, 29 young (29696K), 1 survivors (1024K)
 Metaspace       used 58663K, committed 59456K, reserved 1114112K
  class space    used 8032K, committed 8448K, reserved 1048576K
}
Event: 37.704 GC heap after
{Heap after GC invocations=34 (full 0):
 garbage-first heap   total 82944K, used 42311K [0x0000000081a00000, 0x0000000100000000)
  region size 1024K, 3 young (3072K), 3 survivors (3072K)
 Metaspace       used 58663K, committed 59456K, reserved 1114112K
  class space    used 8032K, committed 8448K, reserved 1048576K
}
Event: 38.068 GC heap before
{Heap before GC invocations=34 (full 0):
 garbage-first heap   total 82944K, used 43335K [0x0000000081a00000, 0x0000000100000000)
  region size 1024K, 4 young (4096K), 3 survivors (3072K)
 Metaspace       used 58663K, committed 59456K, reserved 1114112K
  class space    used 8032K, committed 8448K, reserved 1048576K
}
Event: 38.072 GC heap after
{Heap after GC invocations=35 (full 0):
 garbage-first heap   total 82944K, used 41602K [0x0000000081a00000, 0x0000000100000000)
  region size 1024K, 1 young (1024K), 1 survivors (1024K)
 Metaspace       used 58663K, committed 59456K, reserved 1114112K
  class space    used 8032K, committed 8448K, reserved 1048576K
}
Event: 89.269 GC heap before
{Heap before GC invocations=35 (full 0):
 garbage-first heap   total 82944K, used 66178K [0x0000000081a00000, 0x0000000100000000)
  region size 1024K, 26 young (26624K), 1 survivors (1024K)
 Metaspace       used 58764K, committed 59584K, reserved 1114112K
  class space    used 8048K, committed 8448K, reserved 1048576K
}
Event: 92.890 GC heap after
{Heap after GC invocations=36 (full 0):
 garbage-first heap   total 82944K, used 42152K [0x0000000081a00000, 0x0000000100000000)
  region size 1024K, 1 young (1024K), 1 survivors (1024K)
 Metaspace       used 58764K, committed 59584K, reserved 1114112K
  class space    used 8048K, committed 8448K, reserved 1048576K
}
Event: 94.954 GC heap before
{Heap before GC invocations=37 (full 0):
 garbage-first heap   total 82944K, used 45224K [0x0000000081a00000, 0x0000000100000000)
  region size 1024K, 4 young (4096K), 1 survivors (1024K)
 Metaspace       used 58215K, committed 59584K, reserved 1114112K
  class space    used 7919K, committed 8448K, reserved 1048576K
}
Event: 94.956 GC heap after
{Heap after GC invocations=38 (full 0):
 garbage-first heap   total 82944K, used 41996K [0x0000000081a00000, 0x0000000100000000)
  region size 1024K, 1 young (1024K), 1 survivors (1024K)
 Metaspace       used 58215K, committed 59584K, reserved 1114112K
  class space    used 7919K, committed 8448K, reserved 1048576K
}
Event: 96.099 GC heap before
{Heap before GC invocations=38 (full 0):
 garbage-first heap   total 82944K, used 45068K [0x0000000081a00000, 0x0000000100000000)
  region size 1024K, 4 young (4096K), 1 survivors (1024K)
 Metaspace       used 58217K, committed 59584K, reserved 1114112K
  class space    used 7919K, committed 8448K, reserved 1048576K
}
Event: 96.105 GC heap after
{Heap after GC invocations=39 (full 0):
 garbage-first heap   total 82944K, used 41036K [0x0000000081a00000, 0x0000000100000000)
  region size 1024K, 1 young (1024K), 1 survivors (1024K)
 Metaspace       used 58217K, committed 59584K, reserved 1114112K
  class space    used 7919K, committed 8448K, reserved 1048576K
}
Event: 97.457 GC heap before
{Heap before GC invocations=39 (full 0):
 garbage-first heap   total 82944K, used 44108K [0x0000000081a00000, 0x0000000100000000)
  region size 1024K, 4 young (4096K), 1 survivors (1024K)
 Metaspace       used 58217K, committed 59584K, reserved 1114112K
  class space    used 7919K, committed 8448K, reserved 1048576K
}
Event: 97.462 GC heap after
{Heap after GC invocations=40 (full 0):
 garbage-first heap   total 82944K, used 40353K [0x0000000081a00000, 0x0000000100000000)
  region size 1024K, 1 young (1024K), 1 survivors (1024K)
 Metaspace       used 58217K, committed 59584K, reserved 1114112K
  class space    used 7919K, committed 8448K, reserved 1048576K
}
Event: 98.549 GC heap before
{Heap before GC invocations=40 (full 0):
 garbage-first heap   total 82944K, used 43425K [0x0000000081a00000, 0x0000000100000000)
  region size 1024K, 4 young (4096K), 1 survivors (1024K)
 Metaspace       used 58220K, committed 59584K, reserved 1114112K
  class space    used 7920K, committed 8448K, reserved 1048576K
}
Event: 98.552 GC heap after
{Heap after GC invocations=41 (full 0):
 garbage-first heap   total 82944K, used 39763K [0x0000000081a00000, 0x0000000100000000)
  region size 1024K, 1 young (1024K), 1 survivors (1024K)
 Metaspace       used 58220K, committed 59584K, reserved 1114112K
  class space    used 7920K, committed 8448K, reserved 1048576K
}
Event: 99.228 GC heap before
{Heap before GC invocations=41 (full 0):
 garbage-first heap   total 82944K, used 41811K [0x0000000081a00000, 0x0000000100000000)
  region size 1024K, 4 young (4096K), 1 survivors (1024K)
 Metaspace       used 58220K, committed 59584K, reserved 1114112K
  class space    used 7920K, committed 8448K, reserved 1048576K
}
Event: 99.231 GC heap after
{Heap after GC invocations=42 (full 0):
 garbage-first heap   total 82944K, used 39753K [0x0000000081a00000, 0x0000000100000000)
  region size 1024K, 1 young (1024K), 1 survivors (1024K)
 Metaspace       used 58220K, committed 59584K, reserved 1114112K
  class space    used 7920K, committed 8448K, reserved 1048576K
}
Event: 100.331 GC heap before
{Heap before GC invocations=42 (full 0):
 garbage-first heap   total 82944K, used 41801K [0x0000000081a00000, 0x0000000100000000)
  region size 1024K, 4 young (4096K), 1 survivors (1024K)
 Metaspace       used 58258K, committed 59584K, reserved 1114112K
  class space    used 7929K, committed 8448K, reserved 1048576K
}
Event: 100.334 GC heap after
{Heap after GC invocations=43 (full 0):
 garbage-first heap   total 82944K, used 39425K [0x0000000081a00000, 0x0000000100000000)
  region size 1024K, 1 young (1024K), 1 survivors (1024K)
 Metaspace       used 58258K, committed 59584K, reserved 1114112K
  class space    used 7929K, committed 8448K, reserved 1048576K
}
Event: 101.992 GC heap before
{Heap before GC invocations=43 (full 0):
 garbage-first heap   total 82944K, used 42497K [0x0000000081a00000, 0x0000000100000000)
  region size 1024K, 4 young (4096K), 1 survivors (1024K)
 Metaspace       used 58269K, committed 59584K, reserved 1114112K
  class space    used 7932K, committed 8448K, reserved 1048576K
}

Deoptimization events (12 events):
Event: 2.789 Thread 0x000001ac303a6ff0 DEOPT PACKING pc=0x000001ac213f8819 sp=0x0000008eacbfd2f0
Event: 2.789 Thread 0x000001ac303a6ff0 DEOPT UNPACKING pc=0x000001ac20e82b43 sp=0x0000008eacbfc7d0 mode 3
Event: 4.640 Thread 0x000001ac303a6ff0 DEOPT PACKING pc=0x000001ac21421c24 sp=0x0000008eacbfd810
Event: 4.640 Thread 0x000001ac303a6ff0 DEOPT UNPACKING pc=0x000001ac20e82b43 sp=0x0000008eacbfcd68 mode 0
Event: 4.965 Thread 0x000001ac303a6ff0 DEOPT PACKING pc=0x000001ac216e7a99 sp=0x0000008eacbfde90
Event: 4.965 Thread 0x000001ac303a6ff0 DEOPT UNPACKING pc=0x000001ac20e82b43 sp=0x0000008eacbfd370 mode 3
Event: 9.478 Thread 0x000001ac303a6ff0 DEOPT PACKING pc=0x000001ac2179001d sp=0x0000008eacbf70a0
Event: 9.478 Thread 0x000001ac303a6ff0 DEOPT UNPACKING pc=0x000001ac20e82b43 sp=0x0000008eacbf6608 mode 3
Event: 11.570 Thread 0x000001ac303a6ff0 DEOPT PACKING pc=0x000001ac21b0174c sp=0x0000008eacbfd9c0
Event: 11.570 Thread 0x000001ac303a6ff0 DEOPT UNPACKING pc=0x000001ac20e82b43 sp=0x0000008eacbfcdc8 mode 0
Event: 11.570 Thread 0x000001ac303a6ff0 DEOPT PACKING pc=0x000001ac21af2e8c sp=0x0000008eacbfde00
Event: 11.570 Thread 0x000001ac303a6ff0 DEOPT UNPACKING pc=0x000001ac20e82b43 sp=0x0000008eacbfd478 mode 0

Classes loaded (20 events):
Event: 33.196 Loading class java/util/stream/SliceOps$1
Event: 33.197 Loading class java/util/stream/SliceOps$1 done
Event: 33.198 Loading class java/util/stream/SliceOps$1$1
Event: 33.199 Loading class java/util/stream/SliceOps$1$1 done
Event: 36.133 Loading class java/time/format/DateTimeParseContext
Event: 36.135 Loading class java/time/format/DateTimeParseContext done
Event: 36.135 Loading class java/time/format/Parsed
Event: 36.136 Loading class java/time/format/Parsed done
Event: 36.137 Loading class java/time/Month$1
Event: 36.138 Loading class java/time/Month$1 done
Event: 36.273 Loading class java/util/concurrent/ConcurrentHashMap$TreeBin
Event: 36.275 Loading class java/util/concurrent/ConcurrentHashMap$TreeBin done
Event: 40.481 Loading class java/math/MathContext
Event: 40.482 Loading class java/math/MathContext done
Event: 40.482 Loading class java/lang/StrictMath
Event: 40.484 Loading class java/lang/StrictMath done
Event: 40.484 Loading class java/math/BigDecimal$StringBuilderHelper
Event: 40.486 Loading class java/math/BigDecimal$StringBuilderHelper done
Event: 40.488 Loading class java/util/concurrent/ConcurrentHashMap$EntrySpliterator
Event: 40.489 Loading class java/util/concurrent/ConcurrentHashMap$EntrySpliterator done

Classes unloaded (20 events):
Event: 93.126 Thread 0x000001ac192e8920 Unloading class 0x0000000800cc0c00 'jdk/internal/reflect/GeneratedSerializationConstructorAccessor1'
Event: 93.126 Thread 0x000001ac192e8920 Unloading class 0x0000000800c0b000 'java/lang/invoke/LambdaForm$DMH+0x0000000800c0b000'
Event: 93.126 Thread 0x000001ac192e8920 Unloading class 0x0000000800c0a800 'java/lang/invoke/LambdaForm$DMH+0x0000000800c0a800'
Event: 93.126 Thread 0x000001ac192e8920 Unloading class 0x0000000800c09800 'java/lang/invoke/LambdaForm$MH+0x0000000800c09800'
Event: 93.126 Thread 0x000001ac192e8920 Unloading class 0x0000000800c09400 'java/lang/invoke/LambdaForm$MH+0x0000000800c09400'
Event: 93.126 Thread 0x000001ac192e8920 Unloading class 0x0000000800c09000 'java/lang/invoke/LambdaForm$MH+0x0000000800c09000'
Event: 93.126 Thread 0x000001ac192e8920 Unloading class 0x0000000800c08c00 'java/lang/invoke/LambdaForm$MH+0x0000000800c08c00'
Event: 93.126 Thread 0x000001ac192e8920 Unloading class 0x0000000800c08800 'java/lang/invoke/LambdaForm$MH+0x0000000800c08800'
Event: 93.126 Thread 0x000001ac192e8920 Unloading class 0x0000000800c08400 'java/lang/invoke/LambdaForm$MH+0x0000000800c08400'
Event: 93.127 Thread 0x000001ac192e8920 Unloading class 0x0000000800c07000 'java/lang/invoke/LambdaForm$MH+0x0000000800c07000'
Event: 93.127 Thread 0x000001ac192e8920 Unloading class 0x0000000800c06c00 'java/lang/invoke/LambdaForm$MH+0x0000000800c06c00'
Event: 93.127 Thread 0x000001ac192e8920 Unloading class 0x0000000800c06400 'java/lang/invoke/LambdaForm$MH+0x0000000800c06400'
Event: 93.127 Thread 0x000001ac192e8920 Unloading class 0x0000000800c05c00 'java/lang/invoke/LambdaForm$MH+0x0000000800c05c00'
Event: 93.127 Thread 0x000001ac192e8920 Unloading class 0x0000000800c05400 'java/lang/invoke/LambdaForm$MH+0x0000000800c05400'
Event: 93.127 Thread 0x000001ac192e8920 Unloading class 0x0000000800c04c00 'java/lang/invoke/LambdaForm$MH+0x0000000800c04c00'
Event: 93.127 Thread 0x000001ac192e8920 Unloading class 0x0000000800c04400 'java/lang/invoke/LambdaForm$MH+0x0000000800c04400'
Event: 93.127 Thread 0x000001ac192e8920 Unloading class 0x0000000800c02400 'java/lang/invoke/LambdaForm$MH+0x0000000800c02400'
Event: 93.127 Thread 0x000001ac192e8920 Unloading class 0x0000000800c02000 'java/lang/invoke/LambdaForm$MH+0x0000000800c02000'
Event: 93.127 Thread 0x000001ac192e8920 Unloading class 0x0000000800c01c00 'java/lang/invoke/LambdaForm$MH+0x0000000800c01c00'
Event: 93.127 Thread 0x000001ac192e8920 Unloading class 0x0000000800c01400 'java/lang/invoke/LambdaForm$MH+0x0000000800c01400'

Classes redefined (0 events):
No events

Internal exceptions (20 events):
Event: 12.388 Thread 0x000001ac303a6ff0 Exception <a 'java/lang/NoSuchMethodError'{0x0000000087035680}: 'java.lang.Object java.lang.invoke.DirectMethodHandle$Holder.newInvokeSpecial(java.lang.Object, java.lang.Object, int, java.lang.Object, int)'> (0x0000000087035680) 
thrown [s\src\hotspot\share\interpreter\linkResolver.cpp, line 759]
Event: 12.388 Thread 0x000001ac303a6ff0 Exception <a 'java/lang/NoSuchMethodError'{0x0000000087039788}: 'java.lang.Object java.lang.invoke.DirectMethodHandle$Holder.invokeSpecial(java.lang.Object, java.lang.Object, java.lang.Object, int, java.lang.Object, int)'> (0x0000000087039788) 
thrown [s\src\hotspot\share\interpreter\linkResolver.cpp, line 759]
Event: 12.513 Thread 0x000001ac303a6ff0 Exception <a 'java/lang/NoSuchMethodError'{0x0000000084c9e398}: 'java.lang.Object java.lang.invoke.DirectMethodHandle$Holder.newInvokeSpecial(java.lang.Object, java.lang.Object, java.lang.Object, int)'> (0x0000000084c9e398) 
thrown [s\src\hotspot\share\interpreter\linkResolver.cpp, line 759]
Event: 12.514 Thread 0x000001ac303a6ff0 Exception <a 'java/lang/NoSuchMethodError'{0x0000000084ca24a8}: 'java.lang.Object java.lang.invoke.DirectMethodHandle$Holder.invokeSpecial(java.lang.Object, java.lang.Object, java.lang.Object, java.lang.Object, int)'> (0x0000000084ca24a8) 
thrown [s\src\hotspot\share\interpreter\linkResolver.cpp, line 759]
Event: 12.514 Thread 0x000001ac303a6ff0 Exception <a 'java/lang/NoSuchMethodError'{0x0000000084ca5bb0}: 'java.lang.Object java.lang.invoke.Invokers$Holder.linkToTargetMethod(java.lang.Object, java.lang.Object, int, java.lang.Object)'> (0x0000000084ca5bb0) 
thrown [s\src\hotspot\share\interpreter\linkResolver.cpp, line 759]
Event: 12.626 Thread 0x000001ac303a6ff0 Exception <a 'java/lang/NoSuchMethodError'{0x0000000086e51cd0}: 'java.lang.Object java.lang.invoke.DirectMethodHandle$Holder.invokeStatic(java.lang.Object, int, java.lang.Object)'> (0x0000000086e51cd0) 
thrown [s\src\hotspot\share\interpreter\linkResolver.cpp, line 759]
Event: 13.386 Thread 0x000001ac31ade110 Exception <a 'java/lang/NoSuchMethodError'{0x00000000855a7848}: 'java.lang.Object java.lang.invoke.DirectMethodHandle$Holder.invokeInterface(java.lang.Object, java.lang.Object, java.lang.Object, java.lang.Object, java.lang.Object, java.lang.Object, java.lang.Object)'> (0x00000000855a7848) 
thrown [s\src\hotspot\share\interpreter\linkResolver.cpp, line 759]
Event: 32.461 Thread 0x000001ac31adf450 Exception <a 'java/lang/NoSuchMethodError'{0x0000000086c9b418}: 'java.lang.Object java.lang.invoke.DirectMethodHandle$Holder.invokeInterface(java.lang.Object, java.lang.Object, int)'> (0x0000000086c9b418) 
thrown [s\src\hotspot\share\interpreter\linkResolver.cpp, line 759]
Event: 32.461 Thread 0x000001ac31addc40 Exception <a 'java/lang/NoSuchMethodError'{0x0000000086cd5dd0}: 'java.lang.Object java.lang.invoke.DirectMethodHandle$Holder.invokeInterface(java.lang.Object, java.lang.Object, int)'> (0x0000000086cd5dd0) 
thrown [s\src\hotspot\share\interpreter\linkResolver.cpp, line 759]
Event: 32.461 Thread 0x000001ac31adef80 Exception <a 'java/lang/NoSuchMethodError'{0x0000000086cdd720}: 'java.lang.Object java.lang.invoke.DirectMethodHandle$Holder.invokeInterface(java.lang.Object, java.lang.Object, int)'> (0x0000000086cdd720) 
thrown [s\src\hotspot\share\interpreter\linkResolver.cpp, line 759]
Event: 32.476 Thread 0x000001ac31adf450 Exception <a 'java/lang/NoSuchMethodError'{0x0000000086b6c818}: 'java.lang.Object java.lang.invoke.DirectMethodHandle$Holder.invokeStatic(java.lang.Object, int, java.lang.Object, java.lang.Object)'> (0x0000000086b6c818) 
thrown [s\src\hotspot\share\interpreter\linkResolver.cpp, line 759]
Event: 32.476 Thread 0x000001ac31addc40 Exception <a 'java/lang/NoSuchMethodError'{0x0000000086b58628}: 'java.lang.Object java.lang.invoke.DirectMethodHandle$Holder.invokeStatic(java.lang.Object, int, java.lang.Object, java.lang.Object)'> (0x0000000086b58628) 
thrown [s\src\hotspot\share\interpreter\linkResolver.cpp, line 759]
Event: 32.476 Thread 0x000001ac31adef80 Exception <a 'java/lang/NoSuchMethodError'{0x0000000086b61da0}: 'java.lang.Object java.lang.invoke.DirectMethodHandle$Holder.invokeStatic(java.lang.Object, int, java.lang.Object, java.lang.Object)'> (0x0000000086b61da0) 
thrown [s\src\hotspot\share\interpreter\linkResolver.cpp, line 759]
Event: 32.782 Thread 0x000001ac31adef80 Exception <a 'java/lang/NoSuchMethodError'{0x0000000086056000}: 'void java.lang.invoke.Invokers$Holder.invoke_MT(java.lang.Object, java.lang.Object, java.lang.Object, java.lang.Object)'> (0x0000000086056000) 
thrown [s\src\hotspot\share\interpreter\linkResolver.cpp, line 759]
Event: 32.783 Thread 0x000001ac31adef80 Exception <a 'java/lang/IncompatibleClassChangeError'{0x000000008607c0b8}: Found class java.lang.Object, but interface was expected> (0x000000008607c0b8) 
thrown [s\src\hotspot\share\interpreter\linkResolver.cpp, line 826]
Event: 32.820 Thread 0x000001ac31adef80 Exception <a 'java/lang/NoSuchMethodError'{0x0000000085fd0178}: 'java.lang.Object java.lang.invoke.DirectMethodHandle$Holder.newInvokeSpecial(java.lang.Object, java.lang.Object, java.lang.Object, long)'> (0x0000000085fd0178) 
thrown [s\src\hotspot\share\interpreter\linkResolver.cpp, line 759]
Event: 32.820 Thread 0x000001ac31adef80 Exception <a 'java/lang/NoSuchMethodError'{0x0000000085fd4c70}: 'java.lang.Object java.lang.invoke.DirectMethodHandle$Holder.invokeSpecial(java.lang.Object, java.lang.Object, java.lang.Object, java.lang.Object, long)'> (0x0000000085fd4c70) 
thrown [s\src\hotspot\share\interpreter\linkResolver.cpp, line 759]
Event: 32.820 Thread 0x000001ac31adef80 Exception <a 'java/lang/NoSuchMethodError'{0x0000000085fd9060}: 'java.lang.Object java.lang.invoke.Invokers$Holder.linkToTargetMethod(java.lang.Object, java.lang.Object, long, java.lang.Object)'> (0x0000000085fd9060) 
thrown [s\src\hotspot\share\interpreter\linkResolver.cpp, line 759]
Event: 42.773 Thread 0x000001ac31adef80 Exception <a 'java/io/IOException'{0x0000000085f95c00}> (0x0000000085f95c00) 
thrown [s\src\hotspot\share\prims\jni.cpp, line 516]
Event: 101.230 Thread 0x000001ac31adac20 Exception <a 'java/io/IOException'{0x00000000871b3450}> (0x00000000871b3450) 
thrown [s\src\hotspot\share\prims\jni.cpp, line 516]

VM Operations (20 events):
Event: 94.956 Executing VM operation: G1CollectForAllocation done
Event: 95.959 Executing VM operation: Cleanup
Event: 95.959 Executing VM operation: Cleanup done
Event: 96.099 Executing VM operation: G1CollectForAllocation
Event: 96.105 Executing VM operation: G1CollectForAllocation done
Event: 97.116 Executing VM operation: Cleanup
Event: 97.116 Executing VM operation: Cleanup done
Event: 97.457 Executing VM operation: G1CollectForAllocation
Event: 97.462 Executing VM operation: G1CollectForAllocation done
Event: 98.473 Executing VM operation: Cleanup
Event: 98.474 Executing VM operation: Cleanup done
Event: 98.536 Executing VM operation: G1CollectForAllocation
Event: 98.552 Executing VM operation: G1CollectForAllocation done
Event: 99.228 Executing VM operation: G1CollectForAllocation
Event: 99.231 Executing VM operation: G1CollectForAllocation done
Event: 100.331 Executing VM operation: G1CollectForAllocation
Event: 100.334 Executing VM operation: G1CollectForAllocation done
Event: 101.343 Executing VM operation: Cleanup
Event: 101.343 Executing VM operation: Cleanup done
Event: 101.992 Executing VM operation: G1CollectForAllocation

Events (20 events):
Event: 31.946 Thread 0x000001ac2b138d60 Thread added: 0x000001ac2b138d60
Event: 36.146 Thread 0x000001ac31bf5150 Thread added: 0x000001ac31bf5150
Event: 36.146 Thread 0x000001ac3113e890 Thread added: 0x000001ac3113e890
Event: 45.410 Thread 0x000001ac3113e890 Thread exited: 0x000001ac3113e890
Event: 45.410 Thread 0x000001ac31bf5150 Thread exited: 0x000001ac31bf5150
Event: 48.206 Thread 0x000001ac2b138d60 Thread exited: 0x000001ac2b138d60
Event: 66.907 Thread 0x000001ac309e7760 Thread exited: 0x000001ac309e7760
Event: 71.984 Thread 0x000001ac30215140 Thread added: 0x000001ac30215140
Event: 85.082 Thread 0x000001ac2b138d60 Thread added: 0x000001ac2b138d60
Event: 85.161 Thread 0x000001ac31bf5150 Thread added: 0x000001ac31bf5150
Event: 92.923 Thread 0x000001ac2b138d60 Thread exited: 0x000001ac2b138d60
Event: 92.923 Thread 0x000001ac31bf5150 Thread exited: 0x000001ac31bf5150
Event: 92.928 Thread 0x000001ac303de020 Thread exited: 0x000001ac303de020
Event: 93.564 Thread 0x000001ac309e68f0 Thread exited: 0x000001ac309e68f0
Event: 93.838 Thread 0x000001ac2b138d60 Thread added: 0x000001ac2b138d60
Event: 96.983 Thread 0x000001ac2b138d60 Thread exited: 0x000001ac2b138d60
Event: 99.304 Thread 0x000001ac31ade110 Thread exited: 0x000001ac31ade110
Event: 99.304 Thread 0x000001ac31adc430 Thread exited: 0x000001ac31adc430
Event: 100.418 Thread 0x000001ac31bf5150 Thread added: 0x000001ac31bf5150
Event: 101.933 Thread 0x000001ac31bf5150 Thread exited: 0x000001ac31bf5150


Dynamic libraries:
0x00007ff7cd480000 - 0x00007ff7cd48d000 	C:\Users\longq\.jdks\corretto-18.0.2\bin\java.exe
0x00007fff4de90000 - 0x00007fff4e088000 	C:\WINDOWS\SYSTEM32\ntdll.dll
0x00007fff4dd30000 - 0x00007fff4ddef000 	C:\WINDOWS\System32\KERNEL32.DLL
0x00007fff4bbf0000 - 0x00007fff4bee6000 	C:\WINDOWS\System32\KERNELBASE.dll
0x00007fff4b5e0000 - 0x00007fff4b6e0000 	C:\WINDOWS\System32\ucrtbase.dll
0x00007fff46a30000 - 0x00007fff46a45000 	C:\Users\longq\.jdks\corretto-18.0.2\bin\VCRUNTIME140.dll
0x00007fff46a70000 - 0x00007fff46a87000 	C:\Users\longq\.jdks\corretto-18.0.2\bin\jli.dll
0x00007fff4c0e0000 - 0x00007fff4c27d000 	C:\WINDOWS\System32\USER32.dll
0x00007fff40a90000 - 0x00007fff40d2a000 	C:\WINDOWS\WinSxS\amd64_microsoft.windows.common-controls_6595b64144ccf1df_6.0.19041.1110_none_60b5254171f9507e\COMCTL32.dll
0x00007fff4bbc0000 - 0x00007fff4bbe2000 	C:\WINDOWS\System32\win32u.dll
0x00007fff4cfa0000 - 0x00007fff4cfcc000 	C:\WINDOWS\System32\GDI32.dll
0x00007fff4c5c0000 - 0x00007fff4c65e000 	C:\WINDOWS\System32\msvcrt.dll
0x00007fff4b900000 - 0x00007fff4ba15000 	C:\WINDOWS\System32\gdi32full.dll
0x00007fff4bb20000 - 0x00007fff4bbbd000 	C:\WINDOWS\System32\msvcp_win.dll
0x00007fff4c280000 - 0x00007fff4c2b0000 	C:\WINDOWS\System32\IMM32.DLL
0x00007fff43a50000 - 0x00007fff43aeb000 	C:\Users\longq\.jdks\corretto-18.0.2\bin\msvcp140.dll
0x00007ffef8650000 - 0x00007ffef92c1000 	C:\Users\longq\.jdks\corretto-18.0.2\bin\server\jvm.dll
0x00007fff4cdc0000 - 0x00007fff4ce6f000 	C:\WINDOWS\System32\ADVAPI32.dll
0x00007fff4c2b0000 - 0x00007fff4c34c000 	C:\WINDOWS\System32\sechost.dll
0x00007fff4ce70000 - 0x00007fff4cf96000 	C:\WINDOWS\System32\RPCRT4.dll
0x00007fff4cfd0000 - 0x00007fff4cfd8000 	C:\WINDOWS\System32\PSAPI.DLL
0x00007fff3ab00000 - 0x00007fff3ab09000 	C:\WINDOWS\SYSTEM32\WSOCK32.dll
0x00007fff40850000 - 0x00007fff40877000 	C:\WINDOWS\SYSTEM32\WINMM.dll
0x00007fff448d0000 - 0x00007fff448da000 	C:\WINDOWS\SYSTEM32\VERSION.dll
0x00007fff4d1a0000 - 0x00007fff4d20b000 	C:\WINDOWS\System32\WS2_32.dll
0x00007fff49e00000 - 0x00007fff49e12000 	C:\WINDOWS\SYSTEM32\kernel.appcore.dll
0x00007fff46bb0000 - 0x00007fff46bba000 	C:\Users\longq\.jdks\corretto-18.0.2\bin\jimage.dll
0x00007fff49ac0000 - 0x00007fff49ca4000 	C:\WINDOWS\SYSTEM32\DBGHELP.DLL
0x00007fff364d0000 - 0x00007fff36504000 	C:\WINDOWS\SYSTEM32\dbgcore.DLL
0x00007fff4b870000 - 0x00007fff4b8f2000 	C:\WINDOWS\System32\bcryptPrimitives.dll
0x00007fff46a60000 - 0x00007fff46a6e000 	C:\Users\longq\.jdks\corretto-18.0.2\bin\instrument.dll
0x00007fff43a20000 - 0x00007fff43a45000 	C:\Users\longq\.jdks\corretto-18.0.2\bin\java.dll
0x00007fff43940000 - 0x00007fff43a16000 	C:\Users\longq\.jdks\corretto-18.0.2\bin\jsvml.dll
0x00007fff4c660000 - 0x00007fff4cda4000 	C:\WINDOWS\System32\SHELL32.dll
0x00007fff49320000 - 0x00007fff49ab3000 	C:\WINDOWS\SYSTEM32\windows.storage.dll
0x00007fff4d9d0000 - 0x00007fff4dd24000 	C:\WINDOWS\System32\combase.dll
0x00007fff4afd0000 - 0x00007fff4affe000 	C:\WINDOWS\SYSTEM32\Wldp.dll
0x00007fff4bef0000 - 0x00007fff4bf9d000 	C:\WINDOWS\System32\SHCORE.dll
0x00007fff4ddf0000 - 0x00007fff4de45000 	C:\WINDOWS\System32\shlwapi.dll
0x00007fff4b4b0000 - 0x00007fff4b4cf000 	C:\WINDOWS\SYSTEM32\profapi.dll
0x00007fff43900000 - 0x00007fff43918000 	C:\Users\longq\.jdks\corretto-18.0.2\bin\zip.dll
0x00007fff45570000 - 0x00007fff45583000 	C:\Users\longq\.jdks\corretto-18.0.2\bin\net.dll
0x00007fff42f80000 - 0x00007fff4308a000 	C:\WINDOWS\SYSTEM32\WINHTTP.dll
0x00007fff4ad30000 - 0x00007fff4ad9a000 	C:\WINDOWS\system32\mswsock.dll
0x00007fff43920000 - 0x00007fff43935000 	C:\Users\longq\.jdks\corretto-18.0.2\bin\nio.dll
0x00007fff42f60000 - 0x00007fff42f7a000 	D:\Program Files\JetBrains\IntelliJ IDEA 2023.1\bin\breakgen64.dll
0x00007fff4aa20000 - 0x00007fff4aaeb000 	C:\WINDOWS\SYSTEM32\DNSAPI.dll
0x00007fff4a9d0000 - 0x00007fff4aa0c000 	C:\WINDOWS\SYSTEM32\IPHLPAPI.DLL
0x00007fff4cdb0000 - 0x00007fff4cdb8000 	C:\WINDOWS\System32\NSI.dll
0x00007fff3f440000 - 0x00007fff3f44a000 	C:\Windows\System32\rasadhlp.dll
0x00007fff40650000 - 0x00007fff406d2000 	C:\WINDOWS\System32\fwpuclnt.dll
0x00007fff4b6e0000 - 0x00007fff4b707000 	C:\WINDOWS\System32\bcrypt.dll
0x00007fff438f0000 - 0x00007fff438f9000 	C:\Users\longq\.jdks\corretto-18.0.2\bin\management.dll
0x00007fff438c0000 - 0x00007fff438cb000 	C:\Users\longq\.jdks\corretto-18.0.2\bin\management_ext.dll
0x00007fff4af20000 - 0x00007fff4af38000 	C:\WINDOWS\SYSTEM32\CRYPTSP.dll
0x00007fff4a5e0000 - 0x00007fff4a614000 	C:\WINDOWS\system32\rsaenh.dll
0x00007fff4b470000 - 0x00007fff4b49e000 	C:\WINDOWS\SYSTEM32\USERENV.dll
0x00007fff4af40000 - 0x00007fff4af4c000 	C:\WINDOWS\SYSTEM32\CRYPTBASE.dll
0x00007fff44020000 - 0x00007fff44037000 	C:\WINDOWS\SYSTEM32\dhcpcsvc6.DLL
0x00007fff44bc0000 - 0x00007fff44bdd000 	C:\WINDOWS\SYSTEM32\dhcpcsvc.DLL
0x00007ffeebfe0000 - 0x00007ffeebff7000 	C:\WINDOWS\system32\napinsp.dll
0x00007ffeebfc0000 - 0x00007ffeebfdb000 	C:\WINDOWS\system32\pnrpnsp.dll
0x00007fff26a40000 - 0x00007fff26a55000 	C:\WINDOWS\system32\wshbth.dll
0x00007fff46950000 - 0x00007fff4696d000 	C:\WINDOWS\system32\NLAapi.dll
0x00007ffeec000000 - 0x00007ffeec012000 	C:\WINDOWS\System32\winrnr.dll
0x00007fff44360000 - 0x00007fff44370000 	C:\Users\longq\.jdks\corretto-18.0.2\bin\verify.dll
0x00007fff43830000 - 0x00007fff4383e000 	C:\Users\longq\.jdks\corretto-18.0.2\bin\sunmscapi.dll
0x00007fff4b710000 - 0x00007fff4b86e000 	C:\WINDOWS\System32\CRYPT32.dll
0x00007fff4b040000 - 0x00007fff4b068000 	C:\WINDOWS\SYSTEM32\ncrypt.dll
0x00007fff4b000000 - 0x00007fff4b03b000 	C:\WINDOWS\SYSTEM32\NTASN1.dll

dbghelp: loaded successfully - version: 4.0.5 - missing functions: none
symbol engine: initialized successfully - sym options: 0x614 - pdb path: .;C:\Users\longq\.jdks\corretto-18.0.2\bin;C:\WINDOWS\SYSTEM32;C:\WINDOWS\WinSxS\amd64_microsoft.windows.common-controls_6595b64144ccf1df_6.0.19041.1110_none_60b5254171f9507e;C:\Users\longq\.jdks\corretto-18.0.2\bin\server;D:\Program Files\JetBrains\IntelliJ IDEA 2023.1\bin

VM Arguments:
jvm_args: -XX:TieredStopAtLevel=1 -Dspring.output.ansi.enabled=always -Dcom.sun.management.jmxremote -Dspring.jmx.enabled=true -Dspring.liveBeansView.mbeanDomain -Dspring.application.admin.enabled=true -Dmanagement.endpoints.jmx.exposure.include=* -javaagent:D:\Program Files\JetBrains\IntelliJ IDEA 2023.1\lib\idea_rt.jar=4732:D:\Program Files\JetBrains\IntelliJ IDEA 2023.1\bin -Dfile.encoding=UTF-8 -Dsun.stdout.encoding=UTF-8 -Dsun.stderr.encoding=UTF-8 
java_command: com.hcmute.bookingevent.BookingEventApplication
java_class_path (initial): D:\LearningCode\ReactJS\BookingEventTicket\backend\booking-event\booking-event\target\classes;C:\Users\longq\.m2\repository\org\springframework\boot\spring-boot-starter-data-mongodb\2.7.3\spring-boot-starter-data-mongodb-2.7.3.jar;C:\Users\longq\.m2\repository\org\springframework\boot\spring-boot-starter\2.7.3\spring-boot-starter-2.7.3.jar;C:\Users\longq\.m2\repository\org\springframework\boot\spring-boot-starter-logging\2.7.3\spring-boot-starter-logging-2.7.3.jar;C:\Users\longq\.m2\repository\ch\qos\logback\logback-classic\1.2.11\logback-classic-1.2.11.jar;C:\Users\longq\.m2\repository\ch\qos\logback\logback-core\1.2.11\logback-core-1.2.11.jar;C:\Users\longq\.m2\repository\org\apache\logging\log4j\log4j-to-slf4j\2.17.2\log4j-to-slf4j-2.17.2.jar;C:\Users\longq\.m2\repository\org\apache\logging\log4j\log4j-api\2.17.2\log4j-api-2.17.2.jar;C:\Users\longq\.m2\repository\org\slf4j\jul-to-slf4j\1.7.36\jul-to-slf4j-1.7.36.jar;C:\Users\longq\.m2\repository\jakarta\annotation\jakarta.annotation-api\1.3.5\jakarta.annotation-api-1.3.5.jar;C:\Users\longq\.m2\repository\org\yaml\snakeyaml\1.30\snakeyaml-1.30.jar;C:\Users\longq\.m2\repository\org\mongodb\mongodb-driver-sync\4.6.1\mongodb-driver-sync-4.6.1.jar;C:\Users\longq\.m2\repository\org\mongodb\bson\4.6.1\bson-4.6.1.jar;C:\Users\longq\.m2\repository\org\mongodb\mongodb-driver-core\4.6.1\mongodb-driver-core-4.6.1.jar;C:\Users\longq\.m2\repository\org\mongodb\bson-record-codec\4.6.1\bson-record-codec-4.6.1.jar;C:\Users\longq\.m2\repository\org\springframework\data\spring-data-mongodb\3.4.2\spring-data-mongodb-3.4.2.jar;C:\Users\longq\.m2\repository\org\springframework\spring-expression\5.3.22\spring-expression-5.3.22.jar;C:\Users\longq\.m2\repository\org\springframework\data\spring-data-commons\2.7.2\spring-data-commons-2.7.2.jar;C:\Users\longq\.m2\repository\org\springframework\boot\spring-boot-starter-mail\2.7.3\spring-boot-starter-mail-2.7.3.jar;C:\Users\longq\.m2\repository\org\springframework\spring-context-support\5.3.22\spring-context-support-5.3.22.jar;C:\Users\longq\.m2\repository\com\sun\mail\jakarta.mail\1.6.7\jakarta.mail-1.6.7.jar;C:\Users\longq\.m2\repository\com\sun\activation\jakarta.activation\1.2.2\jakarta.activation-1.2.2.jar;C:\Users\longq\.m2\repository\org\springframework\boot\spring-boot-starter-oauth2-client\2.7.3\spring-boot-starter-oauth2-client-2.7.3.jar;C:\Users\longq\.m2\repository\org\springframework\security\spring-security-config\5.7.3\spring-security-config-5.7.3.jar;C:\Users\longq\.m2\repository\org\springframework\security\spring-security-core\5.7.3\spring-security-core-5.7.3.jar;C:\Users\longq\.m2\repository\org\springframework\security\spring-security-crypto\5.7.3\spring-security-crypto-5.7.3.jar;C:\Users\longq\.m2\repository\org\springframework\security\spring-security-oauth2-client\5.7.3\spring-security-oauth2-client-5.7.3.jar;C:\Users\longq\.m2\repository\org\springframework\security\spring-security-oauth2-core\5.7.3\spring-security-oauth2-core-5.7.3.jar;C:\Users\longq\.m2\repository\com\nimbusds\oauth2-oidc-sdk\9.35\oauth2-oidc-sdk-9.35.jar;C:\Users\longq\.m2\repository\com\github\stephenc\jcip\jcip-annotations\1.0-1\jcip-annotations-1.0-1.jar;C:\Users\longq\.m2\repository\com\nimbusds\content-type\2.2\content-type-2.2.jar;C:\Users\longq\.m2\repository\com\nimbusds\lang-tag\1.6\lang-tag-1.6.jar;C:\Users\longq\.m2\repository\org\springframework\security\spring-security-oauth2-jose\5.7.3\spring-security-oauth2-jose-5.7.3.jar;C:\Users\longq\.m2\repository\com\nimbusds\nimbus-jose-jwt\9.22\nimbus-jose-jwt-9.22.jar;C:\Users\longq\.m2\repository\org\springframework\boot\spring-boot-starter-security\2.7.3\spring-boot-starter-security-2.7.3.jar;C:\Users\longq\.m2\repository\org\springframework\spring-aop\5.3.22\spring-aop-5.3.22.jar;C:\Users\longq\.m2\repository\org\springframework\security\spring-security-web\5.7.3\spring-security-web-5.7.3.jar;C:\Users\longq\.m2\repository\org\springframework\boot\spring-boot-starter-web\2.7.3\spring-boot-starter-web-2.7.3.jar;C:\Users\longq\.m2\repository\org\springframework\boot\spring-boot-starter-json\2.7.3\spring-boot-starter-json-2.7.3.jar;C:\Users\longq\.m2\repository\com\fasterxml\jackson\datatype\jackson-datatype-jdk8\2.13.3\jackson-datatype-jdk8-2.13.3.jar;C:\Users\longq\.m2\repository\com\fasterxml\jackson\datatype\jackson-datatype-jsr310\2.13.3\jackson-datatype-jsr310-2.13.3.jar;C:\Users\longq\.m2\repository\com\fasterxml\jackson\module\jackson-module-parameter-names\2.13.3\jackson-module-parameter-names-2.13.3.jar;C:\Users\longq\.m2\repository\org\springframework\boot\spring-boot-starter-tomcat\2.7.3\spring-boot-starter-tomcat-2.7.3.jar;C:\Users\longq\.m2\repository\org\apache\tomcat\embed\tomcat-embed-core\9.0.65\tomcat-embed-core-9.0.65.jar;C:\Users\longq\.m2\repository\org\apache\tomcat\embed\tomcat-embed-el\9.0.65\tomcat-embed-el-9.0.65.jar;C:\Users\longq\.m2\repository\org\apache\tomcat\embed\tomcat-embed-websocket\9.0.65\tomcat-embed-websocket-9.0.65.jar;C:\Users\longq\.m2\repository\org\springframework\spring-web\5.3.22\spring-web-5.3.22.jar;C:\Users\longq\.m2\repository\org\springframework\spring-webmvc\5.3.22\spring-webmvc-5.3.22.jar;C:\Users\longq\.m2\repository\org\springframework\security\oauth\spring-security-oauth2\2.5.0.RELEASE\spring-security-oauth2-2.5.0.RELEASE.jar;C:\Users\longq\.m2\repository\org\springframework\spring-beans\5.3.22\spring-beans-5.3.22.jar;C:\Users\longq\.m2\repository\org\springframework\spring-core\5.3.22\spring-core-5.3.22.jar;C:\Users\longq\.m2\repository\org\springframework\spring-jcl\5.3.22\spring-jcl-5.3.22.jar;C:\Users\longq\.m2\repository\org\springframework\spring-context\5.3.22\spring-context-5.3.22.jar;C:\Users\longq\.m2\repository\commons-codec\commons-codec\1.15\commons-codec-1.15.jar;C:\Users\longq\.m2\repository\io\jsonwebtoken\jjwt\0.9.1\jjwt-0.9.1.jar;C:\Users\longq\.m2\repository\com\fasterxml\jackson\core\jackson-databind\2.13.3\jackson-databind-2.13.3.jar;C:\Users\longq\.m2\repository\com\fasterxml\jackson\core\jackson-annotations\2.13.3\jackson-annotations-2.13.3.jar;C:\Users\longq\.m2\repository\com\fasterxml\jackson\core\jackson-core\2.13.3\jackson-core-2.13.3.jar;C:\Users\longq\.m2\repository\org\springframework\boot\spring-boot-devtools\2.7.3\spring-boot-devtools-2.7.3.jar;C:\Users\longq\.m2\repository\org\springframework\boot\spring-boot\2.7.3\spring-boot-2.7.3.jar;C:\Users\longq\.m2\repository\org\springframework\boot\spring-boot-autoconfigure\2.7.3\spring-boot-autoconfigure-2.7.3.jar;C:\Users\longq\.m2\repository\org\projectlombok\lombok\1.18.24\lombok-1.18.24.jar;C:\Users\longq\.m2\repository\net\minidev\json-smart\2.4.8\json-smart-2.4.8.jar;C:\Users\longq\.m2\repository\net\minidev\accessors-smart\2.4.8\accessors-smart-2.4.8.jar;C:\Users\longq\.m2\repository\org\ow2\asm\asm\9.1\asm-9.1.jar;C:\Users\longq\.m2\repository\jakarta\xml\bind\jakarta.xml.bind-api\2.3.3\jakarta.xml.bind-api-2.3.3.jar;C:\Users\longq\.m2\repository\jakarta\activation\jakarta.activation-api\1.2.2\jakarta.activation-api-1.2.2.jar;C:\Users\longq\.m2\repository\net\bytebuddy\byte-buddy\1.12.13\byte-buddy-1.12.13.jar;C:\Users\longq\.m2\repository\io\springfox\springfox-boot-starter\3.0.0\springfox-boot-starter-3.0.0.jar;C:\Users\longq\.m2\repository\io\springfox\springfox-oas\3.0.0\springfox-oas-3.0.0.jar;C:\Users\longq\.m2\repository\io\swagger\core\v3\swagger-annotations\2.1.2\swagger-annotations-2.1.2.jar;C:\Users\longq\.m2\repository\io\swagger\core\v3\swagger-models\2.1.2\swagger-models-2.1.2.jar;C:\Users\longq\.m2\repository\io\springfox\springfox-spi\3.0.0\springfox-spi-3.0.0.jar;C:\Users\longq\.m2\repository\io\springfox\springfox-schema\3.0.0\springfox-schema-3.0.0.jar;C:\Users\longq\.m2\repository\io\springfox\springfox-core\3.0.0\springfox-core-3.0.0.jar;C:\Users\longq\.m2\repository\io\springfox\springfox-spring-web\3.0.0\springfox-spring-web-3.0.0.jar;C:\Users\longq\.m2\repository\io\github\classgraph\classgraph\4.8.83\classgraph-4.8.83.jar;C:\Users\longq\.m2\repository\io\springfox\springfox-spring-webmvc\3.0.0\springfox-spring-webmvc-3.0.0.jar;C:\Users\longq\.m2\repository\io\springfox\springfox-spring-webflux\3.0.0\springfox-spring-webflux-3.0.0.jar;C:\Users\longq\.m2\repository\io\springfox\springfox-swagger-common\3.0.0\springfox-swagger-common-3.0.0.jar;C:\Users\longq\.m2\repository\org\mapstruct\mapstruct\1.3.1.Final\mapstruct-1.3.1.Final.jar;C:\Users\longq\.m2\repository\io\springfox\springfox-data-rest\3.0.0\springfox-data-rest-3.0.0.jar;C:\Users\longq\.m2\repository\io\springfox\springfox-bean-validators\3.0.0\springfox-bean-validators-3.0.0.jar;C:\Users\longq\.m2\repository\io\springfox\springfox-swagger2\3.0.0\springfox-swagger2-3.0.0.jar;C:\Users\longq\.m2\repository\io\swagger\swagger-annotations\1.5.20\swagger-annotations-1.5.20.jar;C:\Users\longq\.m2\repository\io\swagger\swagger-models\1.5.20\swagger-models-1.5.20.jar;C:\Users\longq\.m2\repository\io\springfox\springfox-swagger-ui\3.0.0\springfox-swagger-ui-3.0.0.jar;C:\Users\longq\.m2\repository\com\fasterxml\classmate\1.5.1\classmate-1.5.1.jar;C:\Users\longq\.m2\repository\org\slf4j\slf4j-api\1.7.36\slf4j-api-1.7.36.jar;C:\Users\longq\.m2\repository\org\springframework\plugin\spring-plugin-core\2.0.0.RELEASE\spring-plugin-core-2.0.0.RELEASE.jar;C:\Users\longq\.m2\repository\org\springframework\plugin\spring-plugin-metadata\2.0.0.RELEASE\spring-plugin-metadata-2.0.0.RELEASE.jar;C:\Users\longq\.m2\repository\com\cloudinary\cloudinary-http44\1.32.2\cloudinary-http44-1.32.2.jar;C:\Users\longq\.m2\repository\com\cloudinary\cloudinary-core\1.32.2\cloudinary-core-1.32.2.jar;C:\Users\longq\.m2\repository\org\apache\commons\commons-lang3\3.12.0\commons-lang3-3.12.0.jar;C:\Users\longq\.m2\repository\org\apache\httpcomponents\httpclient\4.5.13\httpclient-4.5.13.jar;C:\Users\longq\.m2\repository\org\apache\httpcomponents\httpcore\4.4.15\httpcore-4.4.15.jar;C:\Users\longq\.m2\repository\org\apache\httpcomponents\httpmime\4.5.13\httpmime-4.5.13.jar;C:\Users\longq\.m2\repository\commons-fileupload\commons-fileupload\1.4\commons-fileupload-1.4.jar;C:\Users\longq\.m2\repository\commons-io\commons-io\2.11.0\commons-io-2.11.0.jar;C:\Users\longq\.m2\repository\org\springdoc\springdoc-openapi-common\1.6.9\springdoc-openapi-common-1.6.9.jar;C:\Users\longq\.m2\repository\io\swagger\core\v3\swagger-core\2.2.0\swagger-core-2.2.0.jar;C:\Users\longq\.m2\repository\com\fasterxml\jackson\dataformat\jackson-dataformat-yaml\2.13.3\jackson-dataformat-yaml-2.13.3.jar;C:\Users\longq\.m2\repository\jakarta\validation\jakarta.validation-api\2.0.2\jakarta.validation-api-2.0.2.jar;C:\Users\longq\.m2\repository\org\freemarker\freemarker\2.3.31\freemarker-2.3.31.jar;C:\Users\longq\.m2\repository\com\paypal\sdk\rest-api-sdk\1.14.0\rest-api-sdk-1.14.0.jar;C:\Users\longq\.m2\repository\com\google\code\gson\gson\2.9.1\gson-2.9.1.jar;C:\Users\longq\.m2\repository\org\springframework\spring-orm\5.3.18\spring-orm-5.3.18.jar;C:\Users\longq\.m2\repository\org\springframework\spring-jdbc\5.3.22\spring-jdbc-5.3.22.jar;C:\Users\longq\.m2\repository\org\springframework\spring-tx\5.3.22\spring-tx-5.3.22.jar;C:\Users\longq\.m2\repository\com\github\javafaker\javafaker\1.0.2\javafaker-1.0.2.jar;C:\Users\longq\.m2\repository\org\yaml\snakeyaml\1.23\snakeyaml-1.23-android.jar;C:\Users\longq\.m2\repository\com\github\mifmif\generex\1.0.2\generex-1.0.2.jar;C:\Users\longq\.m2\repository\dk\brics\automaton\automaton\1.11-8\automaton-1.11-8.jar;C:\Users\longq\.m2\repository\org\springframework\boot\spring-boot-starter-websocket\2.7.3\spring-boot-starter-websocket-2.7.3.jar;C:\Users\longq\.m2\repository\org\springframework\spring-messaging\5.3.22\spring-messaging-5.3.22.jar;C:\Users\longq\.m2\repository\org\springframework\spring-websocket\5.3.22\spring-websocket-5.3.22.jar
Launcher Type: SUN_STANDARD

[Global flags]
     intx CICompilerCount                          = 4                                         {product} {ergonomic}
     uint ConcGCThreads                            = 2                                         {product} {ergonomic}
     uint G1ConcRefinementThreads                  = 8                                         {product} {ergonomic}
   size_t G1HeapRegionSize                         = 1048576                                   {product} {ergonomic}
    uintx GCDrainStackTargetSize                   = 64                                        {product} {ergonomic}
   size_t InitialHeapSize                          = 134217728                                 {product} {ergonomic}
     bool ManagementServer                         = true                                      {product} {command line}
   size_t MarkStackSize                            = 4194304                                   {product} {ergonomic}
   size_t MaxHeapSize                              = 2120220672                                {product} {ergonomic}
   size_t MaxNewSize                               = 1271922688                                {product} {ergonomic}
   size_t MinHeapDeltaBytes                        = 1048576                                   {product} {ergonomic}
   size_t MinHeapSize                              = 8388608                                   {product} {ergonomic}
    uintx NonProfiledCodeHeapSize                  = 0                                      {pd product} {ergonomic}
     bool ProfileInterpreter                       = false                                  {pd product} {command line}
    uintx ProfiledCodeHeapSize                     = 0                                      {pd product} {ergonomic}
   size_t SoftMaxHeapSize                          = 2120220672                             {manageable} {ergonomic}
     intx TieredStopAtLevel                        = 1                                         {product} {command line}
     bool UseCompressedClassPointers               = true                           {product lp64_product} {ergonomic}
     bool UseCompressedOops                        = true                           {product lp64_product} {ergonomic}
     bool UseG1GC                                  = true                                      {product} {ergonomic}
     bool UseLargePagesIndividualAllocation        = false                                  {pd product} {ergonomic}

Logging:
Log output configuration:
 #0: stdout all=warning uptime,level,tags foldmultilines=false
 #1: stderr all=off uptime,level,tags foldmultilines=false

Environment Variables:
JAVA_HOME=C:\Program Files\Microsoft\jdk-11.0.18.10-hotspot\
PATH=C:\Program Files\Microsoft\jdk-11.0.18.10-hotspot\bin;C:\WINDOWS\system32;C:\WINDOWS;C:\WINDOWS\System32\Wbem;C:\WINDOWS\System32\WindowsPowerShell\v1.0\;C:\WINDOWS\System32\OpenSSH\;C:\Program Files\Git\cmd;C:\Program Files\TortoiseGit\bin;C:\Program Files\nodejs\;C:\ProgramData\chocolatey\bin;C:\Users\longq\AppData\Local\Microsoft\WindowsApps;C:\Users\longq\AppData\Local\GitHubDesktop\bin;C:\Users\longq\AppData\Local\spicetify;C:\Users\longq\AppData\Local\Programs\Microsoft VS Code\bin;C:\Program Files\heroku\bin;C:\Users\longq\AppData\Roaming\npm
USERNAME=longq
OS=Windows_NT
PROCESSOR_IDENTIFIER=Intel64 Family 6 Model 142 Stepping 10, GenuineIntel



---------------  S Y S T E M  ---------------

OS:
 Windows 10 , 64 bit Build 19041 (10.0.19041.2913)
OS uptime: 0 days 23:39 hours

CPU: total 8 (initial active 8) (4 cores per cpu, 2 threads per core) family 6 model 142 stepping 10 microcode 0xf0, cx8, cmov, fxsr, ht, mmx, 3dnowpref, sse, sse2, sse3, ssse3, sse4.1, sse4.2, popcnt, lzcnt, tsc, tscinvbit, avx, avx2, aes, erms, clmul, bmi1, bmi2, adx, fma, vzeroupper, clflush, clflushopt

Memory: 4k page, system-wide physical 8086M (342M free)
TotalPageFile size 20540M (AvailPageFile size 42M)
current process WorkingSet (physical memory assigned to process): 178M, peak: 225M
current process commit charge ("private bytes"): 277M, peak: 316M

vm_info: OpenJDK 64-Bit Server VM (18.0.2+9-FR) for windows-amd64 JRE (18.0.2+9-FR), built on Jul 15 2022 20:03:03 by "Administrator" with MS VC++ 15.9 (VS2017)

END.
