#
# There is insufficient memory for the Java Runtime Environment to continue.
# Native memory allocation (mmap) failed to map 30408704 bytes for G1 virtual space
# Possible reasons:
#   The system is out of physical RAM or swap space
#   The process is running with CompressedOops enabled, and the Java Heap may be blocking the growth of the native heap
# Possible solutions:
#   Reduce memory load on the system
#   Increase physical memory or swap space
#   Check if swap backing store is full
#   Decrease Java heap size (-Xmx/-Xms)
#   Decrease number of Java threads
#   Decrease Java thread stack sizes (-Xss)
#   Set larger code cache with -XX:ReservedCodeCacheSize=
#   JVM is running with Unscaled Compressed Oops mode in which the Java heap is
#     placed in the first 4GB address space. The Java Heap base address is the
#     maximum limit for the native heap growth. Please use -XX:HeapBaseMinAddress
#     to set the Java Heap base and to place the Java Heap above 4GB virtual address.
# This output file may be truncated or incomplete.
#
#  Out of Memory Error (os_windows.cpp:3530), pid=25396, tid=26440
#
# JRE version: OpenJDK Runtime Environment Corretto-18.0.2.9.1 (18.0.2+9) (build 18.0.2+9-FR)
# Java VM: OpenJDK 64-Bit Server VM Corretto-18.0.2.9.1 (18.0.2+9-FR, mixed mode, emulated-client, sharing, tiered, compressed oops, compressed class ptrs, g1 gc, windows-amd64)
# No core dump will be written. Minidumps are not enabled by default on client versions of Windows
#

---------------  S U M M A R Y ------------

Command Line: -XX:TieredStopAtLevel=1 -Dspring.output.ansi.enabled=always -Dcom.sun.management.jmxremote -Dspring.jmx.enabled=true -Dspring.liveBeansView.mbeanDomain -Dspring.application.admin.enabled=true -Dmanagement.endpoints.jmx.exposure.include=* -javaagent:D:\Program Files\JetBrains\IntelliJ IDEA 2023.1\lib\idea_rt.jar=10787:D:\Program Files\JetBrains\IntelliJ IDEA 2023.1\bin -Dfile.encoding=UTF-8 -Dsun.stdout.encoding=UTF-8 -Dsun.stderr.encoding=UTF-8 com.hcmute.bookingevent.BookingEventApplication

Host: Intel(R) Core(TM) i5-8250U CPU @ 1.60GHz, 8 cores, 7G,  Windows 10 , 64 bit Build 19041 (10.0.19041.2913)
Time: Wed May 31 17:39:24 2023 SE Asia Standard Time elapsed time: 13060.590792 seconds (0d 3h 37m 40s)

---------------  T H R E A D  ---------------

Current thread (0x000001cc14efbb20):  VMThread "VM Thread" [stack: 0x0000009f9f900000,0x0000009f9fa00000] [id=26440]

Stack: [0x0000009f9f900000,0x0000009f9fa00000]
Native frames: (J=compiled Java code, j=interpreted, Vv=VM code, C=native code)
V  [jvm.dll+0x685a2a]
V  [jvm.dll+0x82ae8d]
V  [jvm.dll+0x82c75e]
V  [jvm.dll+0x82ce03]
V  [jvm.dll+0x25ef4b]
V  [jvm.dll+0x6828ca]
V  [jvm.dll+0x67745a]
V  [jvm.dll+0x3243f9]
V  [jvm.dll+0x32ba86]
V  [jvm.dll+0x37e00a]
V  [jvm.dll+0x37e24f]
V  [jvm.dll+0x2fb50a]
V  [jvm.dll+0x2fb5b7]
V  [jvm.dll+0x33f162]
V  [jvm.dll+0x33d8f0]
V  [jvm.dll+0x2fad70]
V  [jvm.dll+0x33cecb]
V  [jvm.dll+0x831b3b]
V  [jvm.dll+0x8328c8]
V  [jvm.dll+0x832e15]
V  [jvm.dll+0x833254]
V  [jvm.dll+0x833315]
V  [jvm.dll+0x7d9cba]
V  [jvm.dll+0x6848a5]
C  [ucrtbase.dll+0x21bb2]
C  [KERNEL32.DLL+0x17614]
C  [ntdll.dll+0x526a1]

VM_Operation (0x0000009fa07fe5a0): G1CollectForAllocation, mode: safepoint, requested by thread 0x000001cc1983b570


---------------  P R O C E S S  ---------------

Threads class SMR info:
_java_thread_list=0x000001cc19b46840, length=41, elements={
0x000001cc14efea30, 0x000001cc14f035b0, 0x000001cc14f14a50, 0x000001cc14f155c0,
0x000001cc14f16e80, 0x000001cc14f1f880, 0x000001cc14f21140, 0x000001cc14f22a50,
0x000001cc14ee86d0, 0x000001cc196890e0, 0x000001cc197e6230, 0x000001cc19cae500,
0x000001cc1a558e40, 0x000001cc1a559310, 0x000001cc1a557fd0, 0x000001cc19835a00,
0x000001cc19838ef0, 0x000001cc19838080, 0x000001cc19835060, 0x000001cc19838550,
0x000001cc19837210, 0x000001cc1983c8b0, 0x000001cc19838a20, 0x000001cc198393c0,
0x000001cc198376e0, 0x000001cc1983bf10, 0x000001cc19835530, 0x000001cc1983b570,
0x000001cc1983a230, 0x000001cc1983a700, 0x000001cc1983c3e0, 0x000001cc1983abd0,
0x000001cc1983b0a0, 0x000001cc1983ba40, 0x000001cc19835ed0, 0x000001cc19836d40,
0x000001cc198363a0, 0x000001cc19836870, 0x000001cc1b883a00, 0x000001cc1b886ef0,
0x000001cc1b887890
}

Java Threads: ( => current thread )
  0x000001cc14efea30 JavaThread "Reference Handler" daemon [_thread_blocked, id=36216, stack(0x0000009f9fa00000,0x0000009f9fb00000)]
  0x000001cc14f035b0 JavaThread "Finalizer" daemon [_thread_blocked, id=21292, stack(0x0000009f9fb00000,0x0000009f9fc00000)]
  0x000001cc14f14a50 JavaThread "Signal Dispatcher" daemon [_thread_blocked, id=23384, stack(0x0000009f9fc00000,0x0000009f9fd00000)]
  0x000001cc14f155c0 JavaThread "Attach Listener" daemon [_thread_blocked, id=3828, stack(0x0000009f9fd00000,0x0000009f9fe00000)]
  0x000001cc14f16e80 JavaThread "Service Thread" daemon [_thread_blocked, id=24700, stack(0x0000009f9fe00000,0x0000009f9ff00000)]
  0x000001cc14f1f880 JavaThread "Monitor Deflation Thread" daemon [_thread_blocked, id=19720, stack(0x0000009f9ff00000,0x0000009fa0000000)]
  0x000001cc14f21140 JavaThread "C1 CompilerThread0" daemon [_thread_blocked, id=25864, stack(0x0000009fa0000000,0x0000009fa0100000)]
  0x000001cc14f22a50 JavaThread "Sweeper thread" daemon [_thread_blocked, id=28392, stack(0x0000009fa0100000,0x0000009fa0200000)]
  0x000001cc14ee86d0 JavaThread "Common-Cleaner" daemon [_thread_blocked, id=36712, stack(0x0000009fa0200000,0x0000009fa0300000)]
  0x000001cc196890e0 JavaThread "Notification Thread" daemon [_thread_blocked, id=19420, stack(0x0000009fa0500000,0x0000009fa0600000)]
  0x000001cc197e6230 JavaThread "RMI TCP Accept-0" daemon [_thread_in_native, id=27468, stack(0x0000009fa0800000,0x0000009fa0900000)]
  0x000001cc19cae500 JavaThread "RMI Scheduler(0)" daemon [_thread_blocked, id=33948, stack(0x0000009fa1500000,0x0000009fa1600000)]
  0x000001cc1a558e40 JavaThread "Thread-4" daemon [_thread_in_native, id=30024, stack(0x0000009fa1800000,0x0000009fa1900000)]
  0x000001cc1a559310 JavaThread "BufferPoolPruner-1-thread-1" daemon [_thread_blocked, id=27776, stack(0x0000009fa1900000,0x0000009fa1a00000)]
  0x000001cc1a557fd0 JavaThread "cluster-ClusterId{value='6476f0e41ee6c95cc789c323', description='null'}-ac-t6cd1ni-shard-00-01.gf6kkyp.mongodb.net:27017" daemon [_thread_in_native, id=23588, stack(0x0000009fa1b00000,0x0000009fa1c00000)]
  0x000001cc19835a00 JavaThread "cluster-rtt-ClusterId{value='6476f0e41ee6c95cc789c323', description='null'}-ac-t6cd1ni-shard-00-01.gf6kkyp.mongodb.net:27017" daemon [_thread_blocked, id=36072, stack(0x0000009fa1c00000,0x0000009fa1d00000)]
  0x000001cc19838ef0 JavaThread "cluster-ClusterId{value='6476f0e41ee6c95cc789c323', description='null'}-ac-t6cd1ni-shard-00-02.gf6kkyp.mongodb.net:27017" daemon [_thread_in_native, id=23852, stack(0x0000009fa1d00000,0x0000009fa1e00000)]
  0x000001cc19838080 JavaThread "cluster-rtt-ClusterId{value='6476f0e41ee6c95cc789c323', description='null'}-ac-t6cd1ni-shard-00-02.gf6kkyp.mongodb.net:27017" daemon [_thread_blocked, id=33516, stack(0x0000009fa1e00000,0x0000009fa1f00000)]
  0x000001cc19835060 JavaThread "cluster-ClusterId{value='6476f0e41ee6c95cc789c323', description='null'}-ac-t6cd1ni-shard-00-00.gf6kkyp.mongodb.net:27017" daemon [_thread_in_native, id=23136, stack(0x0000009fa1f00000,0x0000009fa2000000)]
  0x000001cc19838550 JavaThread "cluster-rtt-ClusterId{value='6476f0e41ee6c95cc789c323', description='null'}-ac-t6cd1ni-shard-00-00.gf6kkyp.mongodb.net:27017" daemon [_thread_blocked, id=27976, stack(0x0000009fa2000000,0x0000009fa2100000)]
  0x000001cc19837210 JavaThread "MaintenanceTimer-3-thread-1" daemon [_thread_blocked, id=21600, stack(0x0000009fa2200000,0x0000009fa2300000)]
  0x000001cc1983c8b0 JavaThread "MaintenanceTimer-2-thread-1" daemon [_thread_blocked, id=35244, stack(0x0000009fa2300000,0x0000009fa2400000)]
  0x000001cc19838a20 JavaThread "MaintenanceTimer-4-thread-1" daemon [_thread_blocked, id=25548, stack(0x0000009fa2400000,0x0000009fa2500000)]
  0x000001cc198393c0 JavaThread "Catalina-utility-1" [_thread_blocked, id=2772, stack(0x0000009fa2500000,0x0000009fa2600000)]
  0x000001cc198376e0 JavaThread "Catalina-utility-2" [_thread_blocked, id=26436, stack(0x0000009fa2600000,0x0000009fa2700000)]
  0x000001cc1983bf10 JavaThread "container-0" [_thread_blocked, id=14464, stack(0x0000009fa2700000,0x0000009fa2800000)]
  0x000001cc19835530 JavaThread "Live Reload Server" daemon [_thread_in_native, id=34280, stack(0x0000009fa2900000,0x0000009fa2a00000)]
  0x000001cc1983b570 JavaThread "File Watcher" daemon [_thread_blocked, id=11692, stack(0x0000009fa0700000,0x0000009fa0800000)]
  0x000001cc1983a230 JavaThread "http-nio-8080-exec-2" daemon [_thread_blocked, id=11428, stack(0x0000009fa2a00000,0x0000009fa2b00000)]
  0x000001cc1983a700 JavaThread "http-nio-8080-exec-3" daemon [_thread_blocked, id=32872, stack(0x0000009fa2b00000,0x0000009fa2c00000)]
  0x000001cc1983c3e0 JavaThread "http-nio-8080-exec-4" daemon [_thread_blocked, id=18544, stack(0x0000009fa2c00000,0x0000009fa2d00000)]
  0x000001cc1983abd0 JavaThread "http-nio-8080-exec-5" daemon [_thread_blocked, id=12152, stack(0x0000009fa2d00000,0x0000009fa2e00000)]
  0x000001cc1983b0a0 JavaThread "http-nio-8080-exec-6" daemon [_thread_blocked, id=36428, stack(0x0000009fa2e00000,0x0000009fa2f00000)]
  0x000001cc1983ba40 JavaThread "http-nio-8080-exec-7" daemon [_thread_blocked, id=25860, stack(0x0000009fa2f00000,0x0000009fa3000000)]
  0x000001cc19835ed0 JavaThread "http-nio-8080-exec-8" daemon [_thread_blocked, id=30448, stack(0x0000009fa3000000,0x0000009fa3100000)]
  0x000001cc19836d40 JavaThread "http-nio-8080-exec-9" daemon [_thread_blocked, id=8184, stack(0x0000009fa3100000,0x0000009fa3200000)]
  0x000001cc198363a0 JavaThread "http-nio-8080-exec-10" daemon [_thread_blocked, id=27896, stack(0x0000009fa3200000,0x0000009fa3300000)]
  0x000001cc19836870 JavaThread "http-nio-8080-Poller" daemon [_thread_blocked, id=35576, stack(0x0000009fa3300000,0x0000009fa3400000)]
  0x000001cc1b883a00 JavaThread "http-nio-8080-Acceptor" daemon [_thread_in_native, id=25812, stack(0x0000009fa3400000,0x0000009fa3500000)]
  0x000001cc1b886ef0 JavaThread "DestroyJavaVM" [_thread_blocked, id=30896, stack(0x0000009f9f300000,0x0000009f9f400000)]
  0x000001cc1b887890 JavaThread "http-nio-8080-exec-11" daemon [_thread_blocked, id=6924, stack(0x0000009f9f100000,0x0000009f9f200000)]

Other Threads:
=>0x000001cc14efbb20 VMThread "VM Thread" [stack: 0x0000009f9f900000,0x0000009f9fa00000] [id=26440]
  0x000001cc198e1040 WatcherThread "VM Periodic Task Thread" [stack: 0x0000009fa0900000,0x0000009fa0a00000] [id=31096]
  0x000001cc02cdf710 WorkerThread "GC Thread#0" [stack: 0x0000009f9f400000,0x0000009f9f500000] [id=2200]
  0x000001cc19bdd180 WorkerThread "GC Thread#1" [stack: 0x0000009fa0a00000,0x0000009fa0b00000] [id=28468]
  0x000001cc19bdd420 WorkerThread "GC Thread#2" [stack: 0x0000009fa0b00000,0x0000009fa0c00000] [id=17360]
  0x000001cc19c69610 WorkerThread "GC Thread#3" [stack: 0x0000009fa0c00000,0x0000009fa0d00000] [id=26156]
  0x000001cc19c698b0 WorkerThread "GC Thread#4" [stack: 0x0000009fa0d00000,0x0000009fa0e00000] [id=18092]
  0x000001cc19c69b50 WorkerThread "GC Thread#5" [stack: 0x0000009fa0e00000,0x0000009fa0f00000] [id=27340]
  0x000001cc19c6c210 WorkerThread "GC Thread#6" [stack: 0x0000009fa0f00000,0x0000009fa1000000] [id=3832]
  0x000001cc19c748d0 WorkerThread "GC Thread#7" [stack: 0x0000009fa1000000,0x0000009fa1100000] [id=18144]
  0x000001cc02cf0210 ConcurrentGCThread "G1 Main Marker" [stack: 0x0000009f9f500000,0x0000009f9f600000] [id=2424]
  0x000001cc02cf1350 WorkerThread "G1 Conc#0" [stack: 0x0000009f9f600000,0x0000009f9f700000] [id=23280]
  0x000001cc1a5f6b90 WorkerThread "G1 Conc#1" [stack: 0x0000009fa1700000,0x0000009fa1800000] [id=18208]
  0x000001cc02d3d2c0 ConcurrentGCThread "G1 Refine#0" [stack: 0x0000009f9f700000,0x0000009f9f800000] [id=9628]
  0x000001cc191f6410 ConcurrentGCThread "G1 Refine#1" [stack: 0x0000009fa1100000,0x0000009fa1200000] [id=2492]
  0x000001cc02d3dae0 ConcurrentGCThread "G1 Service" [stack: 0x0000009f9f800000,0x0000009f9f900000] [id=34948]

Threads with active compile tasks:

VM state: at safepoint (normal execution)

VM Mutex/Monitor currently owned by a thread:  ([mutex/lock_event])
[0x000001cc02c79890] Threads_lock - owner thread: 0x000001cc14efbb20
[0x000001cc02c7aa00] Heap_lock - owner thread: 0x000001cc1983b570

Heap address: 0x0000000081a00000, size: 2022 MB, Compressed Oops mode: 32-bit

CDS archive(s) mapped at: [0x0000000800000000-0x0000000800ba0000-0x0000000800ba0000), size 12189696, SharedBaseAddress: 0x0000000800000000, ArchiveRelocationMode: 0.
Compressed class space mapped at: 0x0000000800c00000-0x0000000840c00000, reserved size: 1073741824
Narrow klass base: 0x0000000800000000, Narrow klass shift: 0, Narrow klass range: 0x100000000

GC Precious Log:
 CardTable entry size: 512
 Card Set container configuration: InlinePtr #cards 5 size 8 Array Of Cards #cards 12 size 40 Howl #buckets 4 coarsen threshold 1843 Howl Bitmap #cards 512 size 80 coarsen threshold 460 Card regions per heap region 1 cards per card region 2048
 CPUs: 8 total, 8 available
 Memory: 8086M
 Large Page Support: Disabled
 NUMA Support: Disabled
 Compressed Oops: Enabled (32-bit)
 Heap Region Size: 1M
 Heap Min Capacity: 8M
 Heap Initial Capacity: 128M
 Heap Max Capacity: 2022M
 Pre-touch: Disabled
 Parallel Workers: 8
 Concurrent Workers: 2
 Concurrent Refinement Workers: 8
 Periodic GC: Disabled

Heap:
 garbage-first heap   total 103424K, used 35350K [0x0000000081a00000, 0x0000000100000000)
  region size 1024K, 1 young (1024K), 1 survivors (1024K)
 Metaspace       used 58217K, committed 58880K, reserved 1114112K
  class space    used 7988K, committed 8320K, reserved 1048576K

Heap Regions: E=young(eden), S=young(survivor), O=old, HS=humongous(starts), HC=humongous(continues), CS=collection set, F=free, OA=open archive, CA=closed archive, TAMS=top-at-mark-start (previous, next)
|   0|0x0000000081a00000, 0x0000000081b00000, 0x0000000081b00000|100%| O|  |TAMS 0x0000000081b00000, 0x0000000081b00000| Untracked 
|   1|0x0000000081b00000, 0x0000000081c00000, 0x0000000081c00000|100%| O|  |TAMS 0x0000000081c00000, 0x0000000081c00000| Untracked 
|   2|0x0000000081c00000, 0x0000000081d00000, 0x0000000081d00000|100%| O|  |TAMS 0x0000000081d00000, 0x0000000081d00000| Untracked 
|   3|0x0000000081d00000, 0x0000000081e00000, 0x0000000081e00000|100%| O|  |TAMS 0x0000000081e00000, 0x0000000081e00000| Untracked 
|   4|0x0000000081e00000, 0x0000000081f00000, 0x0000000081f00000|100%| O|  |TAMS 0x0000000081f00000, 0x0000000081f00000| Untracked 
|   5|0x0000000081f00000, 0x0000000082000000, 0x0000000082000000|100%| O|  |TAMS 0x0000000082000000, 0x0000000082000000| Untracked 
|   6|0x0000000082000000, 0x0000000082100000, 0x0000000082100000|100%| O|  |TAMS 0x0000000082100000, 0x0000000082100000| Untracked 
|   7|0x0000000082100000, 0x0000000082200000, 0x0000000082200000|100%| O|  |TAMS 0x0000000082200000, 0x0000000082200000| Untracked 
|   8|0x0000000082200000, 0x0000000082300000, 0x0000000082300000|100%| O|  |TAMS 0x0000000082300000, 0x0000000082300000| Untracked 
|   9|0x0000000082300000, 0x0000000082400000, 0x0000000082400000|100%| O|  |TAMS 0x0000000082400000, 0x0000000082400000| Untracked 
|  10|0x0000000082400000, 0x0000000082500000, 0x0000000082500000|100%| O|  |TAMS 0x0000000082500000, 0x0000000082500000| Untracked 
|  11|0x0000000082500000, 0x0000000082600000, 0x0000000082600000|100%| O|  |TAMS 0x0000000082600000, 0x0000000082600000| Untracked 
|  12|0x0000000082600000, 0x0000000082700000, 0x0000000082700000|100%| O|  |TAMS 0x0000000082700000, 0x0000000082700000| Untracked 
|  13|0x0000000082700000, 0x0000000082800000, 0x0000000082800000|100%| O|  |TAMS 0x0000000082800000, 0x0000000082800000| Untracked 
|  14|0x0000000082800000, 0x0000000082900000, 0x0000000082900000|100%| O|  |TAMS 0x0000000082900000, 0x0000000082900000| Untracked 
|  15|0x0000000082900000, 0x0000000082a00000, 0x0000000082a00000|100%| O|  |TAMS 0x0000000082a00000, 0x0000000082a00000| Untracked 
|  16|0x0000000082a00000, 0x0000000082b00000, 0x0000000082b00000|100%| O|  |TAMS 0x0000000082b00000, 0x0000000082b00000| Untracked 
|  17|0x0000000082b00000, 0x0000000082c00000, 0x0000000082c00000|100%| O|  |TAMS 0x0000000082c00000, 0x0000000082c00000| Untracked 
|  18|0x0000000082c00000, 0x0000000082d00000, 0x0000000082d00000|100%| O|  |TAMS 0x0000000082d00000, 0x0000000082d00000| Untracked 
|  19|0x0000000082d00000, 0x0000000082e00000, 0x0000000082e00000|100%| O|  |TAMS 0x0000000082e00000, 0x0000000082e00000| Untracked 
|  20|0x0000000082e00000, 0x0000000082f00000, 0x0000000082f00000|100%| O|  |TAMS 0x0000000082f00000, 0x0000000082f00000| Untracked 
|  21|0x0000000082f00000, 0x0000000083000000, 0x0000000083000000|100%| O|  |TAMS 0x0000000083000000, 0x0000000083000000| Untracked 
|  22|0x0000000083000000, 0x000000008306e200, 0x0000000083100000| 43%| O|  |TAMS 0x000000008306e200, 0x000000008306e200| Untracked 
|  23|0x0000000083100000, 0x0000000083100000, 0x0000000083200000|  0%| F|  |TAMS 0x0000000083100000, 0x0000000083100000| Untracked 
|  24|0x0000000083200000, 0x0000000083300000, 0x0000000083300000|100%| O|  |TAMS 0x0000000083300000, 0x0000000083300000| Untracked 
|  25|0x0000000083300000, 0x0000000083400000, 0x0000000083400000|100%| O|  |TAMS 0x0000000083400000, 0x0000000083400000| Untracked 
|  26|0x0000000083400000, 0x0000000083500000, 0x0000000083500000|100%| O|  |TAMS 0x0000000083500000, 0x0000000083500000| Untracked 
|  27|0x0000000083500000, 0x0000000083600000, 0x0000000083600000|100%| O|  |TAMS 0x0000000083600000, 0x0000000083600000| Untracked 
|  28|0x0000000083600000, 0x0000000083600000, 0x0000000083700000|  0%| F|  |TAMS 0x0000000083600000, 0x0000000083600000| Untracked 
|  29|0x0000000083700000, 0x0000000083700000, 0x0000000083800000|  0%| F|  |TAMS 0x0000000083700000, 0x0000000083700000| Untracked 
|  30|0x0000000083800000, 0x0000000083800000, 0x0000000083900000|  0%| F|  |TAMS 0x0000000083800000, 0x0000000083800000| Untracked 
|  31|0x0000000083900000, 0x0000000083900000, 0x0000000083a00000|  0%| F|  |TAMS 0x0000000083900000, 0x0000000083900000| Untracked 
|  32|0x0000000083a00000, 0x0000000083a00000, 0x0000000083b00000|  0%| F|  |TAMS 0x0000000083a00000, 0x0000000083a00000| Untracked 
|  33|0x0000000083b00000, 0x0000000083c00000, 0x0000000083c00000|100%| O|  |TAMS 0x0000000083c00000, 0x0000000083c00000| Untracked 
|  34|0x0000000083c00000, 0x0000000083d00000, 0x0000000083d00000|100%| O|  |TAMS 0x0000000083d00000, 0x0000000083d00000| Untracked 
|  35|0x0000000083d00000, 0x0000000083e00000, 0x0000000083e00000|100%| O|  |TAMS 0x0000000083e00000, 0x0000000083e00000| Untracked 
|  36|0x0000000083e00000, 0x0000000083e00000, 0x0000000083f00000|  0%| F|  |TAMS 0x0000000083e00000, 0x0000000083e00000| Untracked 
|  37|0x0000000083f00000, 0x0000000083f00000, 0x0000000084000000|  0%| F|  |TAMS 0x0000000083f00000, 0x0000000083f00000| Untracked 
|  38|0x0000000084000000, 0x0000000084100000, 0x0000000084100000|100%| O|  |TAMS 0x0000000084100000, 0x0000000084100000| Untracked 
|  39|0x0000000084100000, 0x0000000084200000, 0x0000000084200000|100%| O|  |TAMS 0x0000000084200000, 0x0000000084200000| Untracked 
|  40|0x0000000084200000, 0x0000000084200000, 0x0000000084300000|  0%| F|  |TAMS 0x0000000084200000, 0x0000000084200000| Untracked 
|  41|0x0000000084300000, 0x0000000084400000, 0x0000000084400000|100%| O|  |TAMS 0x0000000084400000, 0x0000000084400000| Untracked 
|  42|0x0000000084400000, 0x0000000084500000, 0x0000000084500000|100%| O|  |TAMS 0x0000000084500000, 0x0000000084500000| Untracked 
|  43|0x0000000084500000, 0x0000000084500000, 0x0000000084600000|  0%| F|  |TAMS 0x0000000084500000, 0x0000000084500000| Untracked 
|  44|0x0000000084600000, 0x0000000084600000, 0x0000000084700000|  0%| F|  |TAMS 0x0000000084600000, 0x0000000084600000| Untracked 
|  45|0x0000000084700000, 0x0000000084700000, 0x0000000084800000|  0%| F|  |TAMS 0x0000000084700000, 0x0000000084700000| Untracked 
|  46|0x0000000084800000, 0x0000000084800000, 0x0000000084900000|  0%| F|  |TAMS 0x0000000084800000, 0x0000000084800000| Untracked 
|  47|0x0000000084900000, 0x0000000084900000, 0x0000000084a00000|  0%| F|  |TAMS 0x0000000084900000, 0x0000000084900000| Untracked 
|  48|0x0000000084a00000, 0x0000000084a00000, 0x0000000084b00000|  0%| F|  |TAMS 0x0000000084a00000, 0x0000000084a00000| Untracked 
|  49|0x0000000084b00000, 0x0000000084b00000, 0x0000000084c00000|  0%| F|  |TAMS 0x0000000084b00000, 0x0000000084b00000| Untracked 
|  50|0x0000000084c00000, 0x0000000084c00000, 0x0000000084d00000|  0%| F|  |TAMS 0x0000000084c00000, 0x0000000084c00000| Untracked 
|  51|0x0000000084d00000, 0x0000000084d00000, 0x0000000084e00000|  0%| F|  |TAMS 0x0000000084d00000, 0x0000000084d00000| Untracked 
|  52|0x0000000084e00000, 0x0000000084e00000, 0x0000000084f00000|  0%| F|  |TAMS 0x0000000084e00000, 0x0000000084e00000| Untracked 
|  53|0x0000000084f00000, 0x0000000084f00000, 0x0000000085000000|  0%| F|  |TAMS 0x0000000084f00000, 0x0000000084f00000| Untracked 
|  54|0x0000000085000000, 0x0000000085000000, 0x0000000085100000|  0%| F|  |TAMS 0x0000000085000000, 0x0000000085000000| Untracked 
|  55|0x0000000085100000, 0x0000000085100000, 0x0000000085200000|  0%| F|  |TAMS 0x0000000085100000, 0x0000000085100000| Untracked 
|  56|0x0000000085200000, 0x0000000085200000, 0x0000000085300000|  0%| F|  |TAMS 0x0000000085200000, 0x0000000085200000| Untracked 
|  57|0x0000000085300000, 0x0000000085300000, 0x0000000085400000|  0%| F|  |TAMS 0x0000000085300000, 0x0000000085300000| Untracked 
|  58|0x0000000085400000, 0x0000000085400000, 0x0000000085500000|  0%| F|  |TAMS 0x0000000085400000, 0x0000000085400000| Untracked 
|  59|0x0000000085500000, 0x0000000085500000, 0x0000000085600000|  0%| F|  |TAMS 0x0000000085500000, 0x0000000085500000| Untracked 
|  60|0x0000000085600000, 0x0000000085600000, 0x0000000085700000|  0%| F|  |TAMS 0x0000000085600000, 0x0000000085600000| Untracked 
|  61|0x0000000085700000, 0x0000000085700000, 0x0000000085800000|  0%| F|  |TAMS 0x0000000085700000, 0x0000000085700000| Untracked 
|  62|0x0000000085800000, 0x0000000085800000, 0x0000000085900000|  0%| F|  |TAMS 0x0000000085800000, 0x0000000085800000| Untracked 
|  63|0x0000000085900000, 0x0000000085900000, 0x0000000085a00000|  0%| F|  |TAMS 0x0000000085900000, 0x0000000085900000| Untracked 
|  64|0x0000000085a00000, 0x0000000085a00000, 0x0000000085b00000|  0%| F|  |TAMS 0x0000000085a00000, 0x0000000085a00000| Untracked 
|  65|0x0000000085b00000, 0x0000000085b00000, 0x0000000085c00000|  0%| F|  |TAMS 0x0000000085b00000, 0x0000000085b00000| Untracked 
|  66|0x0000000085c00000, 0x0000000085c00000, 0x0000000085d00000|  0%| F|  |TAMS 0x0000000085c00000, 0x0000000085c00000| Untracked 
|  67|0x0000000085d00000, 0x0000000085d00000, 0x0000000085e00000|  0%| F|  |TAMS 0x0000000085d00000, 0x0000000085d00000| Untracked 
|  68|0x0000000085e00000, 0x0000000085e00000, 0x0000000085f00000|  0%| F|  |TAMS 0x0000000085e00000, 0x0000000085e00000| Untracked 
|  69|0x0000000085f00000, 0x0000000085f00000, 0x0000000086000000|  0%| F|  |TAMS 0x0000000085f00000, 0x0000000085f00000| Untracked 
|  70|0x0000000086000000, 0x0000000086000000, 0x0000000086100000|  0%| F|  |TAMS 0x0000000086000000, 0x0000000086000000| Untracked 
|  71|0x0000000086100000, 0x0000000086100000, 0x0000000086200000|  0%| F|  |TAMS 0x0000000086100000, 0x0000000086100000| Untracked 
|  72|0x0000000086200000, 0x0000000086200000, 0x0000000086300000|  0%| F|  |TAMS 0x0000000086200000, 0x0000000086200000| Untracked 
|  73|0x0000000086300000, 0x0000000086300000, 0x0000000086400000|  0%| F|  |TAMS 0x0000000086300000, 0x0000000086300000| Untracked 
|  74|0x0000000086400000, 0x0000000086400000, 0x0000000086500000|  0%| F|  |TAMS 0x0000000086400000, 0x0000000086400000| Untracked 
|  75|0x0000000086500000, 0x0000000086500000, 0x0000000086600000|  0%| F|  |TAMS 0x0000000086500000, 0x0000000086500000| Untracked 
|  76|0x0000000086600000, 0x0000000086600000, 0x0000000086700000|  0%| F|  |TAMS 0x0000000086600000, 0x0000000086600000| Untracked 
|  77|0x0000000086700000, 0x0000000086700000, 0x0000000086800000|  0%| F|  |TAMS 0x0000000086700000, 0x0000000086700000| Untracked 
|  78|0x0000000086800000, 0x0000000086800000, 0x0000000086900000|  0%| F|  |TAMS 0x0000000086800000, 0x0000000086800000| Untracked 
|  79|0x0000000086900000, 0x0000000086900000, 0x0000000086a00000|  0%| F|  |TAMS 0x0000000086900000, 0x0000000086900000| Untracked 
|  80|0x0000000086a00000, 0x0000000086a00000, 0x0000000086b00000|  0%| F|  |TAMS 0x0000000086a00000, 0x0000000086a00000| Untracked 
|  81|0x0000000086b00000, 0x0000000086b00000, 0x0000000086c00000|  0%| F|  |TAMS 0x0000000086b00000, 0x0000000086b00000| Untracked 
|  82|0x0000000086c00000, 0x0000000086c00000, 0x0000000086d00000|  0%| F|  |TAMS 0x0000000086c00000, 0x0000000086c00000| Untracked 
|  83|0x0000000086d00000, 0x0000000086d00000, 0x0000000086e00000|  0%| F|  |TAMS 0x0000000086d00000, 0x0000000086d00000| Untracked 
|  84|0x0000000086e00000, 0x0000000086e00000, 0x0000000086f00000|  0%| F|  |TAMS 0x0000000086e00000, 0x0000000086e00000| Untracked 
|  85|0x0000000086f00000, 0x0000000086f00000, 0x0000000087000000|  0%| F|  |TAMS 0x0000000086f00000, 0x0000000086f00000| Untracked 
|  86|0x0000000087000000, 0x0000000087000000, 0x0000000087100000|  0%| F|  |TAMS 0x0000000087000000, 0x0000000087000000| Untracked 
|  87|0x0000000087100000, 0x0000000087100000, 0x0000000087200000|  0%| F|  |TAMS 0x0000000087100000, 0x0000000087100000| Untracked 
|  88|0x0000000087200000, 0x0000000087200000, 0x0000000087300000|  0%| F|  |TAMS 0x0000000087200000, 0x0000000087200000| Untracked 
|  89|0x0000000087300000, 0x0000000087300000, 0x0000000087400000|  0%| F|  |TAMS 0x0000000087300000, 0x0000000087300000| Untracked 
|  90|0x0000000087400000, 0x0000000087400000, 0x0000000087500000|  0%| F|  |TAMS 0x0000000087400000, 0x0000000087400000| Untracked 
|  91|0x0000000087500000, 0x0000000087500000, 0x0000000087600000|  0%| F|  |TAMS 0x0000000087500000, 0x0000000087500000| Untracked 
|  92|0x0000000087600000, 0x0000000087600000, 0x0000000087700000|  0%| F|  |TAMS 0x0000000087600000, 0x0000000087600000| Untracked 
|  93|0x0000000087700000, 0x0000000087700000, 0x0000000087800000|  0%| F|  |TAMS 0x0000000087700000, 0x0000000087700000| Untracked 
|  94|0x0000000087800000, 0x0000000087800000, 0x0000000087900000|  0%| F|  |TAMS 0x0000000087800000, 0x0000000087800000| Untracked 
|  95|0x0000000087900000, 0x0000000087917848, 0x0000000087a00000|  9%| S|CS|TAMS 0x0000000087900000, 0x0000000087900000| Complete 
|  96|0x0000000087a00000, 0x0000000087a00000, 0x0000000087b00000|  0%| F|  |TAMS 0x0000000087a00000, 0x0000000087a00000| Untracked 
|  97|0x0000000087b00000, 0x0000000087b00000, 0x0000000087c00000|  0%| F|  |TAMS 0x0000000087b00000, 0x0000000087b00000| Untracked 
| 127|0x0000000089900000, 0x0000000089900000, 0x0000000089a00000|  0%| F|  |TAMS 0x0000000089900000, 0x0000000089900000| Untracked 
|2020|0x00000000ffe00000, 0x00000000fff00000, 0x00000000fff00000|100%| O|  |TAMS 0x00000000fff00000, 0x00000000fff00000| Untracked 
|2021|0x00000000fff00000, 0x00000000fff00000, 0x0000000100000000|  0%| F|  |TAMS 0x00000000fff00000, 0x00000000fff00000| Untracked 

Card table byte_map: [0x000001cc0dd50000,0x000001cc0e150000] _byte_map_base: 0x000001cc0d943000

Marking Bits (Prev, Next): (CMBitMap*) 0x000001cc02cdfc60, (CMBitMap*) 0x000001cc02cdfc20
 Prev Bits: [0x000001cc104f0000, 0x000001cc12488000)
 Next Bits: [0x000001cc0e550000, 0x000001cc104e8000)

Polling page: 0x000001cc00be0000

Metaspace:

Usage:
  Non-class:     49.05 MB used.
      Class:      7.80 MB used.
       Both:     56.85 MB used.

Virtual space:
  Non-class space:       64.00 MB reserved,      49.38 MB ( 77%) committed,  1 nodes.
      Class space:        1.00 GB reserved,       8.13 MB ( <1%) committed,  1 nodes.
             Both:        1.06 GB reserved,      57.50 MB (  5%) committed. 

Chunk freelists:
   Non-Class:  2.65 MB
       Class:  3.70 MB
        Both:  6.35 MB

MaxMetaspaceSize: unlimited
CompressedClassSpaceSize: 1.00 GB
Initial GC threshold: 21.00 MB
Current GC threshold: 95.63 MB
CDS: on
MetaspaceReclaimPolicy: balanced
 - commit_granule_bytes: 65536.
 - commit_granule_words: 8192.
 - virtual_space_node_default_size: 8388608.
 - enlarge_chunks_in_place: 1.
 - new_chunks_are_fully_committed: 0.
 - uncommit_free_chunks: 1.
 - use_allocation_guard: 0.


Internal statistics:

num_allocs_failed_limit: 11.
num_arena_births: 1566.
num_arena_deaths: 662.
num_vsnodes_births: 2.
num_vsnodes_deaths: 0.
num_space_committed: 920.
num_space_uncommitted: 0.
num_chunks_returned_to_freelist: 790.
num_chunks_taken_from_freelist: 3891.
num_chunk_merges: 258.
num_chunk_splits: 2384.
num_chunks_enlarged: 1700.
num_inconsistent_stats: 0.

CodeCache: size=49152Kb used=22319Kb max_used=23812Kb free=26833Kb
 bounds [0x000001cc0a840000, 0x000001cc0bfb0000, 0x000001cc0d840000]
 total_blobs=13318 nmethods=12662 adapters=581
 compilation: enabled
              stopped_count=0, restarted_count=0
 full_count=0

Compilation events (20 events):
Event: 12787.034 Thread 0x000001cc14f21140 12895       1       com.fasterxml.jackson.databind.JavaType::isThrowable (10 bytes)
Event: 12787.035 Thread 0x000001cc14f21140 nmethod 12895 0x000001cc0be48c10 code [0x000001cc0be48da0, 0x000001cc0be48e88]
Event: 12787.164 Thread 0x000001cc14f21140 12896   !   1       jdk.proxy2.$Proxy27::value (29 bytes)
Event: 12787.175 Thread 0x000001cc14f21140 nmethod 12896 0x000001cc0be48710 code [0x000001cc0be488c0, 0x000001cc0be48ad8]
Event: 12787.175 Thread 0x000001cc14f21140 12897       1       java.lang.invoke.LambdaForm$MH/0x00000008013ecc00::invoke (42 bytes)
Event: 12787.187 Thread 0x000001cc14f21140 nmethod 12897 0x000001cc0be48210 code [0x000001cc0be483c0, 0x000001cc0be485b8]
Event: 12787.216 Thread 0x000001cc14f21140 12898       1       sun.util.resources.Bundles$CacheKey::getProviders (5 bytes)
Event: 12787.223 Thread 0x000001cc14f21140 nmethod 12898 0x000001cc0be47f10 code [0x000001cc0be480a0, 0x000001cc0be48178]
Event: 12788.061 Thread 0x000001cc14f21140 12899       1       org.springframework.data.mongodb.repository.query.PartTreeMongoQuery::isExistsQuery (8 bytes)
Event: 12788.135 Thread 0x000001cc14f21140 nmethod 12899 0x000001cc0be47b90 code [0x000001cc0be47d20, 0x000001cc0be47df8]
Event: 12788.275 Thread 0x000001cc14f21140 12900       1       sun.util.calendar.ZoneInfo::getLastRawOffset (10 bytes)
Event: 12788.281 Thread 0x000001cc14f21140 nmethod 12900 0x000001cc0be47890 code [0x000001cc0be47a20, 0x000001cc0be47af8]
Event: 12788.282 Thread 0x000001cc14f21140 12901       1       java.lang.invoke.LambdaForm$MH/0x00000008013ed800::invoke (60 bytes)
Event: 12788.285 Thread 0x000001cc14f21140 nmethod 12901 0x000001cc0be47310 code [0x000001cc0be474e0, 0x000001cc0be476f8]
Event: 12802.423 Thread 0x000001cc14f21140 12902       1       org.springframework.expression.spel.ast.PropertyOrFieldReference::setExitTypeDescriptor (36 bytes)
Event: 12802.430 Thread 0x000001cc14f21140 nmethod 12902 0x000001cc0be46d90 code [0x000001cc0be46f40, 0x000001cc0be471c8]
Event: 12802.531 Thread 0x000001cc14f21140 12903       1       java.lang.invoke.LambdaForm$MH/0x00000008013f1400::invoke (42 bytes)
Event: 12802.533 Thread 0x000001cc14f21140 nmethod 12903 0x000001cc0be46890 code [0x000001cc0be46a40, 0x000001cc0be46c38]
Event: 12802.533 Thread 0x000001cc14f21140 12904       1       java.lang.invoke.LambdaForm$MH/0x0000000801401400::invoke (60 bytes)
Event: 12802.535 Thread 0x000001cc14f21140 nmethod 12904 0x000001cc0be46310 code [0x000001cc0be464e0, 0x000001cc0be466e8]

GC Heap History (20 events):
Event: 11236.695 GC heap after
{Heap after GC invocations=173 (full 0):
 garbage-first heap   total 103424K, used 35314K [0x0000000081a00000, 0x0000000100000000)
  region size 1024K, 1 young (1024K), 1 survivors (1024K)
 Metaspace       used 58220K, committed 58880K, reserved 1114112K
  class space    used 7989K, committed 8320K, reserved 1048576K
}
Event: 11555.656 GC heap before
{Heap before GC invocations=174 (full 0):
 garbage-first heap   total 103424K, used 89586K [0x0000000081a00000, 0x0000000100000000)
  region size 1024K, 54 young (55296K), 1 survivors (1024K)
 Metaspace       used 58187K, committed 58880K, reserved 1114112K
  class space    used 7981K, committed 8320K, reserved 1048576K
}
Event: 11555.660 GC heap after
{Heap after GC invocations=175 (full 0):
 garbage-first heap   total 103424K, used 35318K [0x0000000081a00000, 0x0000000100000000)
  region size 1024K, 1 young (1024K), 1 survivors (1024K)
 Metaspace       used 58187K, committed 58880K, reserved 1114112K
  class space    used 7981K, committed 8320K, reserved 1048576K
}
Event: 11800.214 GC heap before
{Heap before GC invocations=175 (full 0):
 garbage-first heap   total 103424K, used 89590K [0x0000000081a00000, 0x0000000100000000)
  region size 1024K, 54 young (55296K), 1 survivors (1024K)
 Metaspace       used 58187K, committed 58880K, reserved 1114112K
  class space    used 7981K, committed 8320K, reserved 1048576K
}
Event: 11800.717 GC heap after
{Heap after GC invocations=176 (full 0):
 garbage-first heap   total 103424K, used 35279K [0x0000000081a00000, 0x0000000100000000)
  region size 1024K, 1 young (1024K), 1 survivors (1024K)
 Metaspace       used 58187K, committed 58880K, reserved 1114112K
  class space    used 7981K, committed 8320K, reserved 1048576K
}
Event: 12058.398 GC heap before
{Heap before GC invocations=177 (full 0):
 garbage-first heap   total 103424K, used 89551K [0x0000000081a00000, 0x0000000100000000)
  region size 1024K, 54 young (55296K), 1 survivors (1024K)
 Metaspace       used 58180K, committed 58880K, reserved 1114112K
  class space    used 7979K, committed 8320K, reserved 1048576K
}
Event: 12058.445 GC heap after
{Heap after GC invocations=178 (full 0):
 garbage-first heap   total 103424K, used 35284K [0x0000000081a00000, 0x0000000100000000)
  region size 1024K, 1 young (1024K), 1 survivors (1024K)
 Metaspace       used 58180K, committed 58880K, reserved 1114112K
  class space    used 7979K, committed 8320K, reserved 1048576K
}
Event: 12273.866 GC heap before
{Heap before GC invocations=178 (full 0):
 garbage-first heap   total 103424K, used 89556K [0x0000000081a00000, 0x0000000100000000)
  region size 1024K, 54 young (55296K), 1 survivors (1024K)
 Metaspace       used 58211K, committed 58880K, reserved 1114112K
  class space    used 7987K, committed 8320K, reserved 1048576K
}
Event: 12273.959 GC heap after
{Heap after GC invocations=179 (full 0):
 garbage-first heap   total 103424K, used 35708K [0x0000000081a00000, 0x0000000100000000)
  region size 1024K, 1 young (1024K), 1 survivors (1024K)
 Metaspace       used 58211K, committed 58880K, reserved 1114112K
  class space    used 7987K, committed 8320K, reserved 1048576K
}
Event: 12507.501 GC heap before
{Heap before GC invocations=180 (full 0):
 garbage-first heap   total 103424K, used 89980K [0x0000000081a00000, 0x0000000100000000)
  region size 1024K, 54 young (55296K), 1 survivors (1024K)
 Metaspace       used 58209K, committed 58880K, reserved 1114112K
  class space    used 7987K, committed 8320K, reserved 1048576K
}
Event: 12507.514 GC heap after
{Heap after GC invocations=181 (full 0):
 garbage-first heap   total 103424K, used 35530K [0x0000000081a00000, 0x0000000100000000)
  region size 1024K, 1 young (1024K), 1 survivors (1024K)
 Metaspace       used 58209K, committed 58880K, reserved 1114112K
  class space    used 7987K, committed 8320K, reserved 1048576K
}
Event: 12752.376 GC heap before
{Heap before GC invocations=181 (full 0):
 garbage-first heap   total 103424K, used 89802K [0x0000000081a00000, 0x0000000100000000)
  region size 1024K, 54 young (55296K), 1 survivors (1024K)
 Metaspace       used 58209K, committed 58880K, reserved 1114112K
  class space    used 7987K, committed 8320K, reserved 1048576K
}
Event: 12752.660 GC heap after
{Heap after GC invocations=182 (full 0):
 garbage-first heap   total 103424K, used 35350K [0x0000000081a00000, 0x0000000100000000)
  region size 1024K, 1 young (1024K), 1 survivors (1024K)
 Metaspace       used 58209K, committed 58880K, reserved 1114112K
  class space    used 7987K, committed 8320K, reserved 1048576K
}
Event: 12992.299 GC heap before
{Heap before GC invocations=183 (full 0):
 garbage-first heap   total 103424K, used 89622K [0x0000000081a00000, 0x0000000100000000)
  region size 1024K, 54 young (55296K), 1 survivors (1024K)
 Metaspace       used 58217K, committed 58880K, reserved 1114112K
  class space    used 7988K, committed 8320K, reserved 1048576K
}
Event: 12998.171 GC heap after
{Heap after GC invocations=184 (full 0):
 garbage-first heap   total 103424K, used 35573K [0x0000000081a00000, 0x0000000100000000)
  region size 1024K, 1 young (1024K), 1 survivors (1024K)
 Metaspace       used 58217K, committed 58880K, reserved 1114112K
  class space    used 7988K, committed 8320K, reserved 1048576K
}
Event: 13014.435 GC heap before
{Heap before GC invocations=184 (full 0):
 garbage-first heap   total 103424K, used 39669K [0x0000000081a00000, 0x0000000100000000)
  region size 1024K, 5 young (5120K), 1 survivors (1024K)
 Metaspace       used 58217K, committed 58880K, reserved 1114112K
  class space    used 7988K, committed 8320K, reserved 1048576K
}
Event: 13016.727 GC heap after
{Heap after GC invocations=185 (full 0):
 garbage-first heap   total 103424K, used 35387K [0x0000000081a00000, 0x0000000100000000)
  region size 1024K, 1 young (1024K), 1 survivors (1024K)
 Metaspace       used 58217K, committed 58880K, reserved 1114112K
  class space    used 7988K, committed 8320K, reserved 1048576K
}
Event: 13036.535 GC heap before
{Heap before GC invocations=185 (full 0):
 garbage-first heap   total 103424K, used 39483K [0x0000000081a00000, 0x0000000100000000)
  region size 1024K, 5 young (5120K), 1 survivors (1024K)
 Metaspace       used 58217K, committed 58880K, reserved 1114112K
  class space    used 7988K, committed 8320K, reserved 1048576K
}
Event: 13037.462 GC heap after
{Heap after GC invocations=186 (full 0):
 garbage-first heap   total 103424K, used 35385K [0x0000000081a00000, 0x0000000100000000)
  region size 1024K, 1 young (1024K), 1 survivors (1024K)
 Metaspace       used 58217K, committed 58880K, reserved 1114112K
  class space    used 7988K, committed 8320K, reserved 1048576K
}
Event: 13057.176 GC heap before
{Heap before GC invocations=186 (full 0):
 garbage-first heap   total 103424K, used 39481K [0x0000000081a00000, 0x0000000100000000)
  region size 1024K, 5 young (5120K), 1 survivors (1024K)
 Metaspace       used 58217K, committed 58880K, reserved 1114112K
  class space    used 7988K, committed 8320K, reserved 1048576K
}

Deoptimization events (20 events):
Event: 5.861 Thread 0x000001cc19c377b0 DEOPT PACKING pc=0x000001cc0ae1fa19 sp=0x0000009fa13fd340
Event: 5.861 Thread 0x000001cc19c377b0 DEOPT UNPACKING pc=0x000001cc0a892b43 sp=0x0000009fa13fc820 mode 3
Event: 10.829 Thread 0x000001cc19c377b0 DEOPT PACKING pc=0x000001cc0ae42fa4 sp=0x0000009fa13fd860
Event: 10.829 Thread 0x000001cc19c377b0 DEOPT UNPACKING pc=0x000001cc0a892b43 sp=0x0000009fa13fcdb8 mode 0
Event: 11.270 Thread 0x000001cc19c377b0 DEOPT PACKING pc=0x000001cc0b115419 sp=0x0000009fa13fde40
Event: 11.270 Thread 0x000001cc19c377b0 DEOPT UNPACKING pc=0x000001cc0a892b43 sp=0x0000009fa13fd320 mode 3
Event: 15.718 Thread 0x000001cc19c377b0 DEOPT PACKING pc=0x000001cc0b1bc51d sp=0x0000009fa13f70f0
Event: 15.718 Thread 0x000001cc19c377b0 DEOPT UNPACKING pc=0x000001cc0a892b43 sp=0x0000009fa13f6658 mode 3
Event: 18.324 Thread 0x000001cc19c377b0 DEOPT PACKING pc=0x000001cc0ab844cc sp=0x0000009fa13fda10
Event: 18.324 Thread 0x000001cc19c377b0 DEOPT UNPACKING pc=0x000001cc0a892b43 sp=0x0000009fa13fce18 mode 0
Event: 18.324 Thread 0x000001cc19c377b0 DEOPT PACKING pc=0x000001cc0ab9ca8c sp=0x0000009fa13fde50
Event: 18.324 Thread 0x000001cc19c377b0 DEOPT UNPACKING pc=0x000001cc0a892b43 sp=0x0000009fa13fd4c8 mode 0
Event: 97.103 Thread 0x000001cc19835ed0 DEOPT PACKING pc=0x000001cc0b67a7f4 sp=0x0000009fa30fb1a0
Event: 97.103 Thread 0x000001cc19835ed0 DEOPT UNPACKING pc=0x000001cc0a892b43 sp=0x0000009fa30fa660 mode 0
Event: 163.798 Thread 0x000001cc1983a700 DEOPT PACKING pc=0x000001cc0b73f9fe sp=0x0000009fa2bfa090
Event: 163.798 Thread 0x000001cc1983a700 DEOPT UNPACKING pc=0x000001cc0a892b43 sp=0x0000009fa2bf9598 mode 3
Event: 4753.647 Thread 0x000001cc1983ba40 DEOPT PACKING pc=0x000001cc0b9c3c63 sp=0x0000009fa2ff9910
Event: 4753.726 Thread 0x000001cc1983ba40 DEOPT UNPACKING pc=0x000001cc0a892b43 sp=0x0000009fa2ff8e10 mode 3
Event: 4785.319 Thread 0x000001cc1983ba40 DEOPT PACKING pc=0x000001cc0b99d6ca sp=0x0000009fa2ffc390
Event: 4785.319 Thread 0x000001cc1983ba40 DEOPT UNPACKING pc=0x000001cc0a892b43 sp=0x0000009fa2ffb878 mode 3

Classes loaded (20 events):
Event: 7708.368 Loading class sun/security/provider/SecureRandom$SeederHolder
Event: 7708.368 Loading class sun/security/provider/SecureRandom$SeederHolder done
Event: 7708.482 Loading class java/text/FieldPosition$Delegate
Event: 7708.483 Loading class java/text/FieldPosition$Delegate done
Event: 9835.176 Loading class java/util/stream/ReferencePipeline$4
Event: 9835.231 Loading class java/util/stream/ReferencePipeline$4 done
Event: 9835.236 Loading class java/util/function/IntBinaryOperator
Event: 9835.250 Loading class java/util/function/IntBinaryOperator done
Event: 9835.260 Loading class java/util/stream/ReduceOps$6
Event: 9835.324 Loading class java/util/stream/ReduceOps$6 done
Event: 9835.324 Loading class java/util/stream/ReduceOps$5ReducingSink
Event: 9835.368 Loading class java/util/stream/ReduceOps$5ReducingSink done
Event: 9835.368 Loading class java/util/stream/ReferencePipeline$4$1
Event: 9835.373 Loading class java/util/stream/ReferencePipeline$4$1 done
Event: 9835.381 Loading class java/util/stream/ReduceOps$1
Event: 9835.429 Loading class java/util/stream/ReduceOps$1 done
Event: 9835.429 Loading class java/util/stream/ReduceOps$1ReducingSink
Event: 9835.437 Loading class java/util/stream/ReduceOps$1ReducingSink done
Event: 9835.664 Loading class java/time/DayOfWeek
Event: 9835.675 Loading class java/time/DayOfWeek done

Classes unloaded (20 events):
Event: 11236.842 Thread 0x000001cc14efbb20 Unloading class 0x0000000801403c00 'java/lang/invoke/LambdaForm$MH+0x0000000801403c00'
Event: 11236.842 Thread 0x000001cc14efbb20 Unloading class 0x0000000801404000 'java/lang/invoke/LambdaForm$MH+0x0000000801404000'
Event: 11236.842 Thread 0x000001cc14efbb20 Unloading class 0x0000000801404400 'java/lang/invoke/LambdaForm$MH+0x0000000801404400'
Event: 11236.842 Thread 0x000001cc14efbb20 Unloading class 0x0000000801404800 'java/lang/invoke/LambdaForm$MH+0x0000000801404800'
Event: 11236.842 Thread 0x000001cc14efbb20 Unloading class 0x0000000801403400 'java/lang/invoke/LambdaForm$MH+0x0000000801403400'
Event: 11236.842 Thread 0x000001cc14efbb20 Unloading class 0x0000000801403000 'java/lang/invoke/LambdaForm$MH+0x0000000801403000'
Event: 11236.842 Thread 0x000001cc14efbb20 Unloading class 0x0000000801402400 'java/lang/invoke/LambdaForm$MH+0x0000000801402400'
Event: 11236.843 Thread 0x000001cc14efbb20 Unloading class 0x0000000801402c00 'java/lang/invoke/LambdaForm$MH+0x0000000801402c00'
Event: 11236.843 Thread 0x000001cc14efbb20 Unloading class 0x0000000801402800 'java/lang/invoke/LambdaForm$MH+0x0000000801402800'
Event: 11236.843 Thread 0x000001cc14efbb20 Unloading class 0x0000000801401800 'java/lang/invoke/LambdaForm$MH+0x0000000801401800'
Event: 11236.844 Thread 0x000001cc14efbb20 Unloading class 0x0000000801401c00 'java/lang/invoke/LambdaForm$MH+0x0000000801401c00'
Event: 11236.844 Thread 0x000001cc14efbb20 Unloading class 0x0000000801402000 'java/lang/invoke/LambdaForm$MH+0x0000000801402000'
Event: 11236.845 Thread 0x000001cc14efbb20 Unloading class 0x00000008013f1c00 'java/lang/invoke/LambdaForm$MH+0x00000008013f1c00'
Event: 11236.845 Thread 0x000001cc14efbb20 Unloading class 0x00000008013f3c00 'java/lang/invoke/LambdaForm$MH+0x00000008013f3c00'
Event: 11236.845 Thread 0x000001cc14efbb20 Unloading class 0x00000008013f8000 'java/lang/invoke/LambdaForm$MH+0x00000008013f8000'
Event: 11802.550 Thread 0x000001cc14efbb20 Unloading class 0x000000080140a000 'java/lang/invoke/LambdaForm$MH+0x000000080140a000'
Event: 11802.553 Thread 0x000001cc14efbb20 Unloading class 0x0000000801409c00 'java/lang/invoke/LambdaForm$MH+0x0000000801409c00'
Event: 11802.553 Thread 0x000001cc14efbb20 Unloading class 0x0000000801409800 'java/lang/invoke/LambdaForm$MH+0x0000000801409800'
Event: 11802.553 Thread 0x000001cc14efbb20 Unloading class 0x0000000801409000 'java/lang/invoke/LambdaForm$MH+0x0000000801409000'
Event: 12274.374 Thread 0x000001cc14efbb20 Unloading class 0x0000000801409400 'java/lang/invoke/LambdaForm$MH+0x0000000801409400'

Classes redefined (0 events):
No events

Internal exceptions (20 events):
Event: 12207.363 Thread 0x000001cc198363a0 Exception <a 'java/io/IOException'{0x0000000085cd2390}> (0x0000000085cd2390) 
thrown [s\src\hotspot\share\prims\jni.cpp, line 516]
Event: 12207.365 Thread 0x000001cc198363a0 Exception <a 'java/io/IOException'{0x0000000085cd2bf0}> (0x0000000085cd2bf0) 
thrown [s\src\hotspot\share\prims\jni.cpp, line 516]
Event: 12207.366 Thread 0x000001cc19835ed0 Exception <a 'java/io/IOException'{0x0000000085caea28}> (0x0000000085caea28) 
thrown [s\src\hotspot\share\prims\jni.cpp, line 516]
Event: 12207.366 Thread 0x000001cc19835ed0 Exception <a 'java/io/IOException'{0x0000000085caf288}> (0x0000000085caf288) 
thrown [s\src\hotspot\share\prims\jni.cpp, line 516]
Event: 12207.375 Thread 0x000001cc1983a700 Exception <a 'java/io/IOException'{0x0000000085cbae90}> (0x0000000085cbae90) 
thrown [s\src\hotspot\share\prims\jni.cpp, line 516]
Event: 12207.380 Thread 0x000001cc1983a700 Exception <a 'java/io/IOException'{0x0000000085cbb6f0}> (0x0000000085cbb6f0) 
thrown [s\src\hotspot\share\prims\jni.cpp, line 516]
Event: 12215.337 Thread 0x000001cc19835ed0 Exception <a 'java/io/IOException'{0x00000000859c19e8}> (0x00000000859c19e8) 
thrown [s\src\hotspot\share\prims\jni.cpp, line 516]
Event: 12215.337 Thread 0x000001cc198363a0 Exception <a 'java/io/IOException'{0x00000000859b7908}> (0x00000000859b7908) 
thrown [s\src\hotspot\share\prims\jni.cpp, line 516]
Event: 12215.337 Thread 0x000001cc1983a230 Exception <a 'java/io/IOException'{0x00000000859b3cf0}> (0x00000000859b3cf0) 
thrown [s\src\hotspot\share\prims\jni.cpp, line 516]
Event: 12215.337 Thread 0x000001cc1b887890 Exception <a 'java/io/IOException'{0x00000000859d3190}> (0x00000000859d3190) 
thrown [s\src\hotspot\share\prims\jni.cpp, line 516]
Event: 12215.337 Thread 0x000001cc1983a700 Exception <a 'java/io/IOException'{0x00000000859c9800}> (0x00000000859c9800) 
thrown [s\src\hotspot\share\prims\jni.cpp, line 516]
Event: 12215.337 Thread 0x000001cc19836d40 Exception <a 'java/io/IOException'{0x00000000859ae5f8}> (0x00000000859ae5f8) 
thrown [s\src\hotspot\share\prims\jni.cpp, line 516]
Event: 12232.087 Thread 0x000001cc1983c3e0 Exception <a 'java/io/IOException'{0x000000008523a648}> (0x000000008523a648) 
thrown [s\src\hotspot\share\prims\jni.cpp, line 516]
Event: 12232.088 Thread 0x000001cc1983c3e0 Exception <a 'java/io/IOException'{0x000000008523b150}> (0x000000008523b150) 
thrown [s\src\hotspot\share\prims\jni.cpp, line 516]
Event: 12385.163 Thread 0x000001cc1983a230 Exception <a 'java/io/IOException'{0x00000000866589c8}> (0x00000000866589c8) 
thrown [s\src\hotspot\share\prims\jni.cpp, line 516]
Event: 12385.163 Thread 0x000001cc1983a230 Exception <a 'java/io/IOException'{0x00000000866594d0}> (0x00000000866594d0) 
thrown [s\src\hotspot\share\prims\jni.cpp, line 516]
Event: 12395.055 Thread 0x000001cc1983b0a0 Exception <a 'java/io/IOException'{0x00000000862dddc8}> (0x00000000862dddc8) 
thrown [s\src\hotspot\share\prims\jni.cpp, line 516]
Event: 12395.081 Thread 0x000001cc1983b0a0 Exception <a 'java/io/IOException'{0x00000000862de8d0}> (0x00000000862de8d0) 
thrown [s\src\hotspot\share\prims\jni.cpp, line 516]
Event: 12786.935 Thread 0x000001cc198363a0 Exception <a 'java/io/IOException'{0x000000008753d4a8}> (0x000000008753d4a8) 
thrown [s\src\hotspot\share\prims\jni.cpp, line 516]
Event: 12786.936 Thread 0x000001cc198363a0 Exception <a 'java/io/IOException'{0x000000008753dfb0}> (0x000000008753dfb0) 
thrown [s\src\hotspot\share\prims\jni.cpp, line 516]

VM Operations (20 events):
Event: 12507.514 Executing VM operation: G1CollectForAllocation done
Event: 12523.647 Executing VM operation: Cleanup
Event: 12523.648 Executing VM operation: Cleanup done
Event: 12752.376 Executing VM operation: G1CollectForAllocation
Event: 12752.663 Executing VM operation: G1CollectForAllocation done
Event: 12754.244 Executing VM operation: G1Concurrent
Event: 12755.895 Executing VM operation: G1Concurrent done
Event: 12755.925 Executing VM operation: G1Concurrent
Event: 12755.926 Executing VM operation: G1Concurrent done
Event: 12788.200 Executing VM operation: Cleanup
Event: 12788.200 Executing VM operation: Cleanup done
Event: 12803.287 Executing VM operation: Cleanup
Event: 12803.288 Executing VM operation: Cleanup done
Event: 12991.444 Executing VM operation: G1CollectForAllocation
Event: 12998.189 Executing VM operation: G1CollectForAllocation done
Event: 13014.435 Executing VM operation: G1CollectForAllocation
Event: 13016.746 Executing VM operation: G1CollectForAllocation done
Event: 13035.776 Executing VM operation: G1CollectForAllocation
Event: 13037.463 Executing VM operation: G1CollectForAllocation done
Event: 13056.788 Executing VM operation: G1CollectForAllocation

Events (20 events):
Event: 8940.670 Thread 0x000001cc1ba5da00 Thread added: 0x000001cc1ba5da00
Event: 8950.597 Thread 0x000001cc1ba5da00 Thread exited: 0x000001cc1ba5da00
Event: 8971.079 Thread 0x000001cc1ba5f350 Thread added: 0x000001cc1ba5f350
Event: 8971.197 Thread 0x000001cc1ba5da00 Thread added: 0x000001cc1ba5da00
Event: 8971.197 Thread 0x000001cc1ba5d4f0 Thread added: 0x000001cc1ba5d4f0
Event: 8976.120 Thread 0x000001cc1ba5d4f0 Thread exited: 0x000001cc1ba5d4f0
Event: 8991.691 Thread 0x000001cc1ba5f350 Thread exited: 0x000001cc1ba5f350
Event: 8991.691 Thread 0x000001cc1ba5da00 Thread exited: 0x000001cc1ba5da00
Event: 9829.900 Thread 0x000001cc1ba5e420 Thread added: 0x000001cc1ba5e420
Event: 9830.008 Thread 0x000001cc1ba58900 Thread added: 0x000001cc1ba58900
Event: 9830.008 Thread 0x000001cc1ba5b180 Thread added: 0x000001cc1ba5b180
Event: 9831.239 Thread 0x000001cc1ba5b180 Thread exited: 0x000001cc1ba5b180
Event: 9831.240 Thread 0x000001cc1ba58900 Thread exited: 0x000001cc1ba58900
Event: 9831.259 Thread 0x000001cc1ba5e420 Thread exited: 0x000001cc1ba5e420
Event: 9832.703 Thread 0x000001cc1ba5df10 Thread added: 0x000001cc1ba5df10
Event: 9832.704 Thread 0x000001cc1ba5cad0 Thread added: 0x000001cc1ba5cad0
Event: 9832.704 Thread 0x000001cc1ba5e420 Thread added: 0x000001cc1ba5e420
Event: 9838.025 Thread 0x000001cc1ba5e420 Thread exited: 0x000001cc1ba5e420
Event: 9843.274 Thread 0x000001cc1ba5cad0 Thread exited: 0x000001cc1ba5cad0
Event: 9848.598 Thread 0x000001cc1ba5df10 Thread exited: 0x000001cc1ba5df10


Dynamic libraries:
0x00007ff7dcb90000 - 0x00007ff7dcb9d000 	C:\Users\longq\.jdks\corretto-18.0.2\bin\java.exe
0x00007ffdc4eb0000 - 0x00007ffdc50a8000 	C:\WINDOWS\SYSTEM32\ntdll.dll
0x00007ffdc3340000 - 0x00007ffdc33ff000 	C:\WINDOWS\System32\KERNEL32.DLL
0x00007ffdc29a0000 - 0x00007ffdc2c96000 	C:\WINDOWS\System32\KERNELBASE.dll
0x00007ffdc28a0000 - 0x00007ffdc29a0000 	C:\WINDOWS\System32\ucrtbase.dll
0x00007ffd854a0000 - 0x00007ffd854b7000 	C:\Users\longq\.jdks\corretto-18.0.2\bin\jli.dll
0x00007ffd841c0000 - 0x00007ffd841d5000 	C:\Users\longq\.jdks\corretto-18.0.2\bin\VCRUNTIME140.dll
0x00007ffdc3530000 - 0x00007ffdc36cd000 	C:\WINDOWS\System32\USER32.dll
0x00007ffdb46a0000 - 0x00007ffdb493a000 	C:\WINDOWS\WinSxS\amd64_microsoft.windows.common-controls_6595b64144ccf1df_6.0.19041.1110_none_60b5254171f9507e\COMCTL32.dll
0x00007ffdc2800000 - 0x00007ffdc2822000 	C:\WINDOWS\System32\win32u.dll
0x00007ffdc41c0000 - 0x00007ffdc425e000 	C:\WINDOWS\System32\msvcrt.dll
0x00007ffdc43f0000 - 0x00007ffdc441c000 	C:\WINDOWS\System32\GDI32.dll
0x00007ffdc2d40000 - 0x00007ffdc2e55000 	C:\WINDOWS\System32\gdi32full.dll
0x00007ffdc2ca0000 - 0x00007ffdc2d3d000 	C:\WINDOWS\System32\msvcp_win.dll
0x00007ffdc4350000 - 0x00007ffdc4380000 	C:\WINDOWS\System32\IMM32.DLL
0x00007ffd47f40000 - 0x00007ffd47fdb000 	C:\Users\longq\.jdks\corretto-18.0.2\bin\msvcp140.dll
0x00007ffd001d0000 - 0x00007ffd00e41000 	C:\Users\longq\.jdks\corretto-18.0.2\bin\server\jvm.dll
0x00007ffdc4be0000 - 0x00007ffdc4c8f000 	C:\WINDOWS\System32\ADVAPI32.dll
0x00007ffdc46d0000 - 0x00007ffdc476c000 	C:\WINDOWS\System32\sechost.dll
0x00007ffdc45a0000 - 0x00007ffdc46c6000 	C:\WINDOWS\System32\RPCRT4.dll
0x00007ffdc2fc0000 - 0x00007ffdc2fc8000 	C:\WINDOWS\System32\PSAPI.DLL
0x00007ffdaf5e0000 - 0x00007ffdaf5e9000 	C:\WINDOWS\SYSTEM32\WSOCK32.dll
0x00007ffdb4250000 - 0x00007ffdb4277000 	C:\WINDOWS\SYSTEM32\WINMM.dll
0x00007ffdc42e0000 - 0x00007ffdc434b000 	C:\WINDOWS\System32\WS2_32.dll
0x00007ffdbb900000 - 0x00007ffdbb90a000 	C:\WINDOWS\SYSTEM32\VERSION.dll
0x00007ffdc0e30000 - 0x00007ffdc0e42000 	C:\WINDOWS\SYSTEM32\kernel.appcore.dll
0x00007ffda27c0000 - 0x00007ffda27ca000 	C:\Users\longq\.jdks\corretto-18.0.2\bin\jimage.dll
0x00007ffdc0340000 - 0x00007ffdc0524000 	C:\WINDOWS\SYSTEM32\DBGHELP.DLL
0x00007ffdaadd0000 - 0x00007ffdaae04000 	C:\WINDOWS\SYSTEM32\dbgcore.DLL
0x00007ffdc2720000 - 0x00007ffdc27a2000 	C:\WINDOWS\System32\bcryptPrimitives.dll
0x00007ffdbdb80000 - 0x00007ffdbdb8e000 	C:\Users\longq\.jdks\corretto-18.0.2\bin\instrument.dll
0x00007ffd6ddb0000 - 0x00007ffd6ddd5000 	C:\Users\longq\.jdks\corretto-18.0.2\bin\java.dll
0x00007ffd279d0000 - 0x00007ffd27aa6000 	C:\Users\longq\.jdks\corretto-18.0.2\bin\jsvml.dll
0x00007ffdc37b0000 - 0x00007ffdc3ef4000 	C:\WINDOWS\System32\SHELL32.dll
0x00007ffdc0530000 - 0x00007ffdc0cc3000 	C:\WINDOWS\SYSTEM32\windows.storage.dll
0x00007ffdc2fe0000 - 0x00007ffdc3334000 	C:\WINDOWS\System32\combase.dll
0x00007ffdc1ff0000 - 0x00007ffdc201e000 	C:\WINDOWS\SYSTEM32\Wldp.dll
0x00007ffdc2f10000 - 0x00007ffdc2fbd000 	C:\WINDOWS\System32\SHCORE.dll
0x00007ffdc4380000 - 0x00007ffdc43d5000 	C:\WINDOWS\System32\shlwapi.dll
0x00007ffdc24d0000 - 0x00007ffdc24ef000 	C:\WINDOWS\SYSTEM32\profapi.dll
0x00007ffd6bdb0000 - 0x00007ffd6bdc8000 	C:\Users\longq\.jdks\corretto-18.0.2\bin\zip.dll
0x00007ffd83f80000 - 0x00007ffd83f93000 	C:\Users\longq\.jdks\corretto-18.0.2\bin\net.dll
0x00007ffdba550000 - 0x00007ffdba65a000 	C:\WINDOWS\SYSTEM32\WINHTTP.dll
0x00007ffdc1d50000 - 0x00007ffdc1dba000 	C:\WINDOWS\system32\mswsock.dll
0x00007ffd81a90000 - 0x00007ffd81aa5000 	C:\Users\longq\.jdks\corretto-18.0.2\bin\nio.dll
0x00007ffd6b8a0000 - 0x00007ffd6b8ba000 	D:\Program Files\JetBrains\IntelliJ IDEA 2023.1\bin\breakgen64.dll
0x00007ffdc1a30000 - 0x00007ffdc1afb000 	C:\WINDOWS\SYSTEM32\DNSAPI.dll
0x00007ffdc19f0000 - 0x00007ffdc1a2c000 	C:\WINDOWS\SYSTEM32\IPHLPAPI.DLL
0x00007ffdc2fd0000 - 0x00007ffdc2fd8000 	C:\WINDOWS\System32\NSI.dll
0x00007ffdb4130000 - 0x00007ffdb413a000 	C:\Windows\System32\rasadhlp.dll
0x00007ffdb41c0000 - 0x00007ffdb4242000 	C:\WINDOWS\System32\fwpuclnt.dll
0x00007ffdc26f0000 - 0x00007ffdc2717000 	C:\WINDOWS\System32\bcrypt.dll
0x00007ffd99490000 - 0x00007ffd99499000 	C:\Users\longq\.jdks\corretto-18.0.2\bin\management.dll
0x00007ffd969e0000 - 0x00007ffd969eb000 	C:\Users\longq\.jdks\corretto-18.0.2\bin\management_ext.dll
0x00007ffdc1f40000 - 0x00007ffdc1f58000 	C:\WINDOWS\SYSTEM32\CRYPTSP.dll
0x00007ffdc1600000 - 0x00007ffdc1634000 	C:\WINDOWS\system32\rsaenh.dll
0x00007ffdc2490000 - 0x00007ffdc24be000 	C:\WINDOWS\SYSTEM32\USERENV.dll
0x00007ffdc1f60000 - 0x00007ffdc1f6c000 	C:\WINDOWS\SYSTEM32\CRYPTBASE.dll
0x00007ffdbb020000 - 0x00007ffdbb037000 	C:\WINDOWS\SYSTEM32\dhcpcsvc6.DLL
0x00007ffdbbb80000 - 0x00007ffdbbb9d000 	C:\WINDOWS\SYSTEM32\dhcpcsvc.DLL
0x00007ffd92390000 - 0x00007ffd923a7000 	C:\WINDOWS\system32\napinsp.dll
0x00007ffd923b0000 - 0x00007ffd923cb000 	C:\WINDOWS\system32\pnrpnsp.dll
0x00007ffd9af50000 - 0x00007ffd9af65000 	C:\WINDOWS\system32\wshbth.dll
0x00007ffdbd930000 - 0x00007ffdbd94d000 	C:\WINDOWS\system32\NLAapi.dll
0x00007ffd994a0000 - 0x00007ffd994b2000 	C:\WINDOWS\System32\winrnr.dll
0x00007ffda1ef0000 - 0x00007ffda1f00000 	C:\Users\longq\.jdks\corretto-18.0.2\bin\verify.dll
0x00007ffda0f90000 - 0x00007ffda0f9e000 	C:\Users\longq\.jdks\corretto-18.0.2\bin\sunmscapi.dll
0x00007ffdc2590000 - 0x00007ffdc26ee000 	C:\WINDOWS\System32\CRYPT32.dll
0x00007ffdc2060000 - 0x00007ffdc2088000 	C:\WINDOWS\SYSTEM32\ncrypt.dll
0x00007ffdc2020000 - 0x00007ffdc205b000 	C:\WINDOWS\SYSTEM32\NTASN1.dll

dbghelp: loaded successfully - version: 4.0.5 - missing functions: none
symbol engine: initialized successfully - sym options: 0x614 - pdb path: .;C:\Users\longq\.jdks\corretto-18.0.2\bin;C:\WINDOWS\SYSTEM32;C:\WINDOWS\WinSxS\amd64_microsoft.windows.common-controls_6595b64144ccf1df_6.0.19041.1110_none_60b5254171f9507e;C:\Users\longq\.jdks\corretto-18.0.2\bin\server;D:\Program Files\JetBrains\IntelliJ IDEA 2023.1\bin

VM Arguments:
jvm_args: -XX:TieredStopAtLevel=1 -Dspring.output.ansi.enabled=always -Dcom.sun.management.jmxremote -Dspring.jmx.enabled=true -Dspring.liveBeansView.mbeanDomain -Dspring.application.admin.enabled=true -Dmanagement.endpoints.jmx.exposure.include=* -javaagent:D:\Program Files\JetBrains\IntelliJ IDEA 2023.1\lib\idea_rt.jar=10787:D:\Program Files\JetBrains\IntelliJ IDEA 2023.1\bin -Dfile.encoding=UTF-8 -Dsun.stdout.encoding=UTF-8 -Dsun.stderr.encoding=UTF-8 
java_command: com.hcmute.bookingevent.BookingEventApplication
java_class_path (initial): D:\LearningCode\ReactJS\BookingEventTicket\backend\booking-event\booking-event\target\classes;C:\Users\longq\.m2\repository\org\springframework\boot\spring-boot-starter-data-mongodb\2.7.3\spring-boot-starter-data-mongodb-2.7.3.jar;C:\Users\longq\.m2\repository\org\springframework\boot\spring-boot-starter\2.7.3\spring-boot-starter-2.7.3.jar;C:\Users\longq\.m2\repository\org\springframework\boot\spring-boot-starter-logging\2.7.3\spring-boot-starter-logging-2.7.3.jar;C:\Users\longq\.m2\repository\ch\qos\logback\logback-classic\1.2.11\logback-classic-1.2.11.jar;C:\Users\longq\.m2\repository\ch\qos\logback\logback-core\1.2.11\logback-core-1.2.11.jar;C:\Users\longq\.m2\repository\org\apache\logging\log4j\log4j-to-slf4j\2.17.2\log4j-to-slf4j-2.17.2.jar;C:\Users\longq\.m2\repository\org\apache\logging\log4j\log4j-api\2.17.2\log4j-api-2.17.2.jar;C:\Users\longq\.m2\repository\org\slf4j\jul-to-slf4j\1.7.36\jul-to-slf4j-1.7.36.jar;C:\Users\longq\.m2\repository\jakarta\annotation\jakarta.annotation-api\1.3.5\jakarta.annotation-api-1.3.5.jar;C:\Users\longq\.m2\repository\org\yaml\snakeyaml\1.30\snakeyaml-1.30.jar;C:\Users\longq\.m2\repository\org\mongodb\mongodb-driver-sync\4.6.1\mongodb-driver-sync-4.6.1.jar;C:\Users\longq\.m2\repository\org\mongodb\bson\4.6.1\bson-4.6.1.jar;C:\Users\longq\.m2\repository\org\mongodb\mongodb-driver-core\4.6.1\mongodb-driver-core-4.6.1.jar;C:\Users\longq\.m2\repository\org\mongodb\bson-record-codec\4.6.1\bson-record-codec-4.6.1.jar;C:\Users\longq\.m2\repository\org\springframework\data\spring-data-mongodb\3.4.2\spring-data-mongodb-3.4.2.jar;C:\Users\longq\.m2\repository\org\springframework\spring-expression\5.3.22\spring-expression-5.3.22.jar;C:\Users\longq\.m2\repository\org\springframework\data\spring-data-commons\2.7.2\spring-data-commons-2.7.2.jar;C:\Users\longq\.m2\repository\org\springframework\boot\spring-boot-starter-mail\2.7.3\spring-boot-starter-mail-2.7.3.jar;C:\Users\longq\.m2\repository\org\springframework\spring-context-support\5.3.22\spring-context-support-5.3.22.jar;C:\Users\longq\.m2\repository\com\sun\mail\jakarta.mail\1.6.7\jakarta.mail-1.6.7.jar;C:\Users\longq\.m2\repository\com\sun\activation\jakarta.activation\1.2.2\jakarta.activation-1.2.2.jar;C:\Users\longq\.m2\repository\org\springframework\boot\spring-boot-starter-oauth2-client\2.7.3\spring-boot-starter-oauth2-client-2.7.3.jar;C:\Users\longq\.m2\repository\org\springframework\security\spring-security-config\5.7.3\spring-security-config-5.7.3.jar;C:\Users\longq\.m2\repository\org\springframework\security\spring-security-core\5.7.3\spring-security-core-5.7.3.jar;C:\Users\longq\.m2\repository\org\springframework\security\spring-security-crypto\5.7.3\spring-security-crypto-5.7.3.jar;C:\Users\longq\.m2\repository\org\springframework\security\spring-security-oauth2-client\5.7.3\spring-security-oauth2-client-5.7.3.jar;C:\Users\longq\.m2\repository\org\springframework\security\spring-security-oauth2-core\5.7.3\spring-security-oauth2-core-5.7.3.jar;C:\Users\longq\.m2\repository\com\nimbusds\oauth2-oidc-sdk\9.35\oauth2-oidc-sdk-9.35.jar;C:\Users\longq\.m2\repository\com\github\stephenc\jcip\jcip-annotations\1.0-1\jcip-annotations-1.0-1.jar;C:\Users\longq\.m2\repository\com\nimbusds\content-type\2.2\content-type-2.2.jar;C:\Users\longq\.m2\repository\com\nimbusds\lang-tag\1.6\lang-tag-1.6.jar;C:\Users\longq\.m2\repository\org\springframework\security\spring-security-oauth2-jose\5.7.3\spring-security-oauth2-jose-5.7.3.jar;C:\Users\longq\.m2\repository\com\nimbusds\nimbus-jose-jwt\9.22\nimbus-jose-jwt-9.22.jar;C:\Users\longq\.m2\repository\org\springframework\boot\spring-boot-starter-security\2.7.3\spring-boot-starter-security-2.7.3.jar;C:\Users\longq\.m2\repository\org\springframework\spring-aop\5.3.22\spring-aop-5.3.22.jar;C:\Users\longq\.m2\repository\org\springframework\security\spring-security-web\5.7.3\spring-security-web-5.7.3.jar;C:\Users\longq\.m2\repository\org\springframework\boot\spring-boot-starter-web\2.7.3\spring-boot-starter-web-2.7.3.jar;C:\Users\longq\.m2\repository\org\springframework\boot\spring-boot-starter-json\2.7.3\spring-boot-starter-json-2.7.3.jar;C:\Users\longq\.m2\repository\com\fasterxml\jackson\datatype\jackson-datatype-jdk8\2.13.3\jackson-datatype-jdk8-2.13.3.jar;C:\Users\longq\.m2\repository\com\fasterxml\jackson\datatype\jackson-datatype-jsr310\2.13.3\jackson-datatype-jsr310-2.13.3.jar;C:\Users\longq\.m2\repository\com\fasterxml\jackson\module\jackson-module-parameter-names\2.13.3\jackson-module-parameter-names-2.13.3.jar;C:\Users\longq\.m2\repository\org\springframework\boot\spring-boot-starter-tomcat\2.7.3\spring-boot-starter-tomcat-2.7.3.jar;C:\Users\longq\.m2\repository\org\apache\tomcat\embed\tomcat-embed-core\9.0.65\tomcat-embed-core-9.0.65.jar;C:\Users\longq\.m2\repository\org\apache\tomcat\embed\tomcat-embed-el\9.0.65\tomcat-embed-el-9.0.65.jar;C:\Users\longq\.m2\repository\org\apache\tomcat\embed\tomcat-embed-websocket\9.0.65\tomcat-embed-websocket-9.0.65.jar;C:\Users\longq\.m2\repository\org\springframework\spring-web\5.3.22\spring-web-5.3.22.jar;C:\Users\longq\.m2\repository\org\springframework\spring-webmvc\5.3.22\spring-webmvc-5.3.22.jar;C:\Users\longq\.m2\repository\org\springframework\security\oauth\spring-security-oauth2\2.5.0.RELEASE\spring-security-oauth2-2.5.0.RELEASE.jar;C:\Users\longq\.m2\repository\org\springframework\spring-beans\5.3.22\spring-beans-5.3.22.jar;C:\Users\longq\.m2\repository\org\springframework\spring-core\5.3.22\spring-core-5.3.22.jar;C:\Users\longq\.m2\repository\org\springframework\spring-jcl\5.3.22\spring-jcl-5.3.22.jar;C:\Users\longq\.m2\repository\org\springframework\spring-context\5.3.22\spring-context-5.3.22.jar;C:\Users\longq\.m2\repository\commons-codec\commons-codec\1.15\commons-codec-1.15.jar;C:\Users\longq\.m2\repository\io\jsonwebtoken\jjwt\0.9.1\jjwt-0.9.1.jar;C:\Users\longq\.m2\repository\com\fasterxml\jackson\core\jackson-databind\2.13.3\jackson-databind-2.13.3.jar;C:\Users\longq\.m2\repository\com\fasterxml\jackson\core\jackson-annotations\2.13.3\jackson-annotations-2.13.3.jar;C:\Users\longq\.m2\repository\com\fasterxml\jackson\core\jackson-core\2.13.3\jackson-core-2.13.3.jar;C:\Users\longq\.m2\repository\org\springframework\boot\spring-boot-devtools\2.7.3\spring-boot-devtools-2.7.3.jar;C:\Users\longq\.m2\repository\org\springframework\boot\spring-boot\2.7.3\spring-boot-2.7.3.jar;C:\Users\longq\.m2\repository\org\springframework\boot\spring-boot-autoconfigure\2.7.3\spring-boot-autoconfigure-2.7.3.jar;C:\Users\longq\.m2\repository\org\projectlombok\lombok\1.18.24\lombok-1.18.24.jar;C:\Users\longq\.m2\repository\net\minidev\json-smart\2.4.8\json-smart-2.4.8.jar;C:\Users\longq\.m2\repository\net\minidev\accessors-smart\2.4.8\accessors-smart-2.4.8.jar;C:\Users\longq\.m2\repository\org\ow2\asm\asm\9.1\asm-9.1.jar;C:\Users\longq\.m2\repository\jakarta\xml\bind\jakarta.xml.bind-api\2.3.3\jakarta.xml.bind-api-2.3.3.jar;C:\Users\longq\.m2\repository\jakarta\activation\jakarta.activation-api\1.2.2\jakarta.activation-api-1.2.2.jar;C:\Users\longq\.m2\repository\net\bytebuddy\byte-buddy\1.12.13\byte-buddy-1.12.13.jar;C:\Users\longq\.m2\repository\io\springfox\springfox-boot-starter\3.0.0\springfox-boot-starter-3.0.0.jar;C:\Users\longq\.m2\repository\io\springfox\springfox-oas\3.0.0\springfox-oas-3.0.0.jar;C:\Users\longq\.m2\repository\io\swagger\core\v3\swagger-annotations\2.1.2\swagger-annotations-2.1.2.jar;C:\Users\longq\.m2\repository\io\swagger\core\v3\swagger-models\2.1.2\swagger-models-2.1.2.jar;C:\Users\longq\.m2\repository\io\springfox\springfox-spi\3.0.0\springfox-spi-3.0.0.jar;C:\Users\longq\.m2\repository\io\springfox\springfox-schema\3.0.0\springfox-schema-3.0.0.jar;C:\Users\longq\.m2\repository\io\springfox\springfox-core\3.0.0\springfox-core-3.0.0.jar;C:\Users\longq\.m2\repository\io\springfox\springfox-spring-web\3.0.0\springfox-spring-web-3.0.0.jar;C:\Users\longq\.m2\repository\io\github\classgraph\classgraph\4.8.83\classgraph-4.8.83.jar;C:\Users\longq\.m2\repository\io\springfox\springfox-spring-webmvc\3.0.0\springfox-spring-webmvc-3.0.0.jar;C:\Users\longq\.m2\repository\io\springfox\springfox-spring-webflux\3.0.0\springfox-spring-webflux-3.0.0.jar;C:\Users\longq\.m2\repository\io\springfox\springfox-swagger-common\3.0.0\springfox-swagger-common-3.0.0.jar;C:\Users\longq\.m2\repository\org\mapstruct\mapstruct\1.3.1.Final\mapstruct-1.3.1.Final.jar;C:\Users\longq\.m2\repository\io\springfox\springfox-data-rest\3.0.0\springfox-data-rest-3.0.0.jar;C:\Users\longq\.m2\repository\io\springfox\springfox-bean-validators\3.0.0\springfox-bean-validators-3.0.0.jar;C:\Users\longq\.m2\repository\io\springfox\springfox-swagger2\3.0.0\springfox-swagger2-3.0.0.jar;C:\Users\longq\.m2\repository\io\swagger\swagger-annotations\1.5.20\swagger-annotations-1.5.20.jar;C:\Users\longq\.m2\repository\io\swagger\swagger-models\1.5.20\swagger-models-1.5.20.jar;C:\Users\longq\.m2\repository\io\springfox\springfox-swagger-ui\3.0.0\springfox-swagger-ui-3.0.0.jar;C:\Users\longq\.m2\repository\com\fasterxml\classmate\1.5.1\classmate-1.5.1.jar;C:\Users\longq\.m2\repository\org\slf4j\slf4j-api\1.7.36\slf4j-api-1.7.36.jar;C:\Users\longq\.m2\repository\org\springframework\plugin\spring-plugin-core\2.0.0.RELEASE\spring-plugin-core-2.0.0.RELEASE.jar;C:\Users\longq\.m2\repository\org\springframework\plugin\spring-plugin-metadata\2.0.0.RELEASE\spring-plugin-metadata-2.0.0.RELEASE.jar;C:\Users\longq\.m2\repository\com\cloudinary\cloudinary-http44\1.32.2\cloudinary-http44-1.32.2.jar;C:\Users\longq\.m2\repository\com\cloudinary\cloudinary-core\1.32.2\cloudinary-core-1.32.2.jar;C:\Users\longq\.m2\repository\org\apache\commons\commons-lang3\3.12.0\commons-lang3-3.12.0.jar;C:\Users\longq\.m2\repository\org\apache\httpcomponents\httpclient\4.5.13\httpclient-4.5.13.jar;C:\Users\longq\.m2\repository\org\apache\httpcomponents\httpcore\4.4.15\httpcore-4.4.15.jar;C:\Users\longq\.m2\repository\org\apache\httpcomponents\httpmime\4.5.13\httpmime-4.5.13.jar;C:\Users\longq\.m2\repository\commons-fileupload\commons-fileupload\1.4\commons-fileupload-1.4.jar;C:\Users\longq\.m2\repository\commons-io\commons-io\2.11.0\commons-io-2.11.0.jar;C:\Users\longq\.m2\repository\org\springdoc\springdoc-openapi-common\1.6.9\springdoc-openapi-common-1.6.9.jar;C:\Users\longq\.m2\repository\io\swagger\core\v3\swagger-core\2.2.0\swagger-core-2.2.0.jar;C:\Users\longq\.m2\repository\com\fasterxml\jackson\dataformat\jackson-dataformat-yaml\2.13.3\jackson-dataformat-yaml-2.13.3.jar;C:\Users\longq\.m2\repository\jakarta\validation\jakarta.validation-api\2.0.2\jakarta.validation-api-2.0.2.jar;C:\Users\longq\.m2\repository\org\freemarker\freemarker\2.3.31\freemarker-2.3.31.jar;C:\Users\longq\.m2\repository\com\paypal\sdk\rest-api-sdk\1.14.0\rest-api-sdk-1.14.0.jar;C:\Users\longq\.m2\repository\com\google\code\gson\gson\2.9.1\gson-2.9.1.jar;C:\Users\longq\.m2\repository\org\springframework\spring-orm\5.3.18\spring-orm-5.3.18.jar;C:\Users\longq\.m2\repository\org\springframework\spring-jdbc\5.3.22\spring-jdbc-5.3.22.jar;C:\Users\longq\.m2\repository\org\springframework\spring-tx\5.3.22\spring-tx-5.3.22.jar;C:\Users\longq\.m2\repository\com\github\javafaker\javafaker\1.0.2\javafaker-1.0.2.jar;C:\Users\longq\.m2\repository\org\yaml\snakeyaml\1.23\snakeyaml-1.23-android.jar;C:\Users\longq\.m2\repository\com\github\mifmif\generex\1.0.2\generex-1.0.2.jar;C:\Users\longq\.m2\repository\dk\brics\automaton\automaton\1.11-8\automaton-1.11-8.jar;C:\Users\longq\.m2\repository\org\apache\commons\commons-text\1.10.0\commons-text-1.10.0.jar
Launcher Type: SUN_STANDARD

[Global flags]
     intx CICompilerCount                          = 4                                         {product} {ergonomic}
     uint ConcGCThreads                            = 2                                         {product} {ergonomic}
     uint G1ConcRefinementThreads                  = 8                                         {product} {ergonomic}
   size_t G1HeapRegionSize                         = 1048576                                   {product} {ergonomic}
    uintx GCDrainStackTargetSize                   = 64                                        {product} {ergonomic}
   size_t InitialHeapSize                          = 134217728                                 {product} {ergonomic}
     bool ManagementServer                         = true                                      {product} {command line}
   size_t MarkStackSize                            = 4194304                                   {product} {ergonomic}
   size_t MaxHeapSize                              = 2120220672                                {product} {ergonomic}
   size_t MaxNewSize                               = 1271922688                                {product} {ergonomic}
   size_t MinHeapDeltaBytes                        = 1048576                                   {product} {ergonomic}
   size_t MinHeapSize                              = 8388608                                   {product} {ergonomic}
    uintx NonProfiledCodeHeapSize                  = 0                                      {pd product} {ergonomic}
     bool ProfileInterpreter                       = false                                  {pd product} {command line}
    uintx ProfiledCodeHeapSize                     = 0                                      {pd product} {ergonomic}
   size_t SoftMaxHeapSize                          = 2120220672                             {manageable} {ergonomic}
     intx TieredStopAtLevel                        = 1                                         {product} {command line}
     bool UseCompressedClassPointers               = true                           {product lp64_product} {ergonomic}
     bool UseCompressedOops                        = true                           {product lp64_product} {ergonomic}
     bool UseG1GC                                  = true                                      {product} {ergonomic}
     bool UseLargePagesIndividualAllocation        = false                                  {pd product} {ergonomic}

Logging:
Log output configuration:
 #0: stdout all=warning uptime,level,tags foldmultilines=false
 #1: stderr all=off uptime,level,tags foldmultilines=false

Environment Variables:
JAVA_HOME=C:\Program Files\Microsoft\jdk-11.0.18.10-hotspot\
PATH=C:\Program Files\Microsoft\jdk-11.0.18.10-hotspot\bin;C:\WINDOWS\system32;C:\WINDOWS;C:\WINDOWS\System32\Wbem;C:\WINDOWS\System32\WindowsPowerShell\v1.0\;C:\WINDOWS\System32\OpenSSH\;C:\Program Files\Git\cmd;C:\Program Files\TortoiseGit\bin;C:\Program Files\nodejs\;C:\ProgramData\chocolatey\bin;C:\Users\longq\AppData\Local\Microsoft\WindowsApps;C:\Users\longq\AppData\Local\GitHubDesktop\bin;C:\Users\longq\AppData\Local\spicetify;C:\Users\longq\AppData\Local\Programs\Microsoft VS Code\bin;C:\Program Files\heroku\bin;C:\Users\longq\AppData\Roaming\npm
USERNAME=longq
OS=Windows_NT
PROCESSOR_IDENTIFIER=Intel64 Family 6 Model 142 Stepping 10, GenuineIntel



---------------  S Y S T E M  ---------------

OS:
 Windows 10 , 64 bit Build 19041 (10.0.19041.2913)
OS uptime: 0 days 9:29 hours

CPU: total 8 (initial active 8) (4 cores per cpu, 2 threads per core) family 6 model 142 stepping 10 microcode 0xf0, cx8, cmov, fxsr, ht, mmx, 3dnowpref, sse, sse2, sse3, ssse3, sse4.1, sse4.2, popcnt, lzcnt, tsc, tscinvbit, avx, avx2, aes, erms, clmul, bmi1, bmi2, adx, fma, vzeroupper, clflush, clflushopt

Memory: 4k page, system-wide physical 8086M (421M free)
TotalPageFile size 20540M (AvailPageFile size 243M)
current process WorkingSet (physical memory assigned to process): 48M, peak: 213M
current process commit charge ("private bytes"): 296M, peak: 325M

vm_info: OpenJDK 64-Bit Server VM (18.0.2+9-FR) for windows-amd64 JRE (18.0.2+9-FR), built on Jul 15 2022 20:03:03 by "Administrator" with MS VC++ 15.9 (VS2017)

END.
