#
# There is insufficient memory for the Java Runtime Environment to continue.
# Native memory allocation (mmap) failed to map 32505856 bytes for G1 virtual space
# Possible reasons:
#   The system is out of physical RAM or swap space
#   The process is running with CompressedOops enabled, and the Java Heap may be blocking the growth of the native heap
# Possible solutions:
#   Reduce memory load on the system
#   Increase physical memory or swap space
#   Check if swap backing store is full
#   Decrease Java heap size (-Xmx/-Xms)
#   Decrease number of Java threads
#   Decrease Java thread stack sizes (-Xss)
#   Set larger code cache with -XX:ReservedCodeCacheSize=
#   JVM is running with Unscaled Compressed Oops mode in which the Java heap is
#     placed in the first 4GB address space. The Java Heap base address is the
#     maximum limit for the native heap growth. Please use -XX:HeapBaseMinAddress
#     to set the Java Heap base and to place the Java Heap above 4GB virtual address.
# This output file may be truncated or incomplete.
#
#  Out of Memory Error (os_windows.cpp:3530), pid=11512, tid=16468
#
# JRE version: OpenJDK Runtime Environment Corretto-18.0.2.9.1 (18.0.2+9) (build 18.0.2+9-FR)
# Java VM: OpenJDK 64-Bit Server VM Corretto-18.0.2.9.1 (18.0.2+9-FR, mixed mode, emulated-client, sharing, tiered, compressed oops, compressed class ptrs, g1 gc, windows-amd64)
# No core dump will be written. Minidumps are not enabled by default on client versions of Windows
#

---------------  S U M M A R Y ------------

Command Line: -XX:TieredStopAtLevel=1 -Dspring.output.ansi.enabled=always -Dcom.sun.management.jmxremote -Dspring.jmx.enabled=true -Dspring.liveBeansView.mbeanDomain -Dspring.application.admin.enabled=true -Dmanagement.endpoints.jmx.exposure.include=* -javaagent:D:\Program Files\JetBrains\IntelliJ IDEA 2022.3\lib\idea_rt.jar=1772:D:\Program Files\JetBrains\IntelliJ IDEA 2022.3\bin -Dfile.encoding=UTF-8 -Dsun.stdout.encoding=UTF-8 -Dsun.stderr.encoding=UTF-8 com.hcmute.bookingevent.BookingEventApplication

Host: Intel(R) Core(TM) i5-8250U CPU @ 1.60GHz, 8 cores, 7G,  Windows 10 , 64 bit Build 19041 (10.0.19041.2546)
Time: Sat Apr  8 17:26:40 2023 SE Asia Standard Time elapsed time: 450.145461 seconds (0d 0h 7m 30s)

---------------  T H R E A D  ---------------

Current thread (0x00000245d038aa50):  VMThread "VM Thread" [stack: 0x0000004709200000,0x0000004709300000] [id=16468]

Stack: [0x0000004709200000,0x0000004709300000]
Native frames: (J=compiled Java code, j=interpreted, Vv=VM code, C=native code)
V  [jvm.dll+0x685a2a]
V  [jvm.dll+0x82ae8d]
V  [jvm.dll+0x82c75e]
V  [jvm.dll+0x82ce03]
V  [jvm.dll+0x25ef4b]
V  [jvm.dll+0x6828ca]
V  [jvm.dll+0x67745a]
V  [jvm.dll+0x3243f9]
V  [jvm.dll+0x32ba86]
V  [jvm.dll+0x37e00a]
V  [jvm.dll+0x37e24f]
V  [jvm.dll+0x2fb50a]
V  [jvm.dll+0x2fb5b7]
V  [jvm.dll+0x33f162]
V  [jvm.dll+0x33d8f0]
V  [jvm.dll+0x2fad70]
V  [jvm.dll+0x33cecb]
V  [jvm.dll+0x831b3b]
V  [jvm.dll+0x8328c8]
V  [jvm.dll+0x832e15]
V  [jvm.dll+0x833254]
V  [jvm.dll+0x833315]
V  [jvm.dll+0x7d9cba]
V  [jvm.dll+0x6848a5]
C  [ucrtbase.dll+0x21bb2]
C  [KERNEL32.DLL+0x17614]
C  [ntdll.dll+0x526a1]

VM_Operation (0x000000470b4fdfa0): G1CollectForAllocation, mode: safepoint, requested by thread 0x00000245d4fa1e60


---------------  P R O C E S S  ---------------

Threads class SMR info:
_java_thread_list=0x00000245d65f9270, length=42, elements={
0x00000245d038e100, 0x00000245d038f410, 0x00000245d03a7990, 0x00000245d03a8500,
0x00000245d03aa560, 0x00000245d03aae10, 0x00000245d03ade70, 0x00000245d03aff10,
0x00000245d0375270, 0x00000245d4d62f60, 0x00000245d4d63830, 0x00000245d4ee73b0,
0x00000245d5063b60, 0x00000245d5150a30, 0x00000245d5150560, 0x00000245d514f6f0,
0x00000245d514fbc0, 0x00000245d4fa1990, 0x00000245d4fa1e60, 0x00000245d4f9b950,
0x00000245d4f9d630, 0x00000245d4f9cc90, 0x00000245d4f9f7e0, 0x00000245d4f9db00,
0x00000245d4f9fcb0, 0x00000245d4fa2330, 0x00000245d4fa2800, 0x00000245d4f9c2f0,
0x00000245d4f9dfd0, 0x00000245d4fa2cd0, 0x00000245d4f9be20, 0x00000245d4f9b480,
0x00000245d4fa0180, 0x00000245d4fa0650, 0x00000245d4fa0b20, 0x00000245d4f9c7c0,
0x00000245d4f9e970, 0x00000245d4f9ee40, 0x00000245d4f9f310, 0x00000245d4fa0ff0,
0x00000245d4fa14c0, 0x00000245d6deb4c0
}

Java Threads: ( => current thread )
  0x00000245d038e100 JavaThread "Reference Handler" daemon [_thread_blocked, id=23476, stack(0x0000004709300000,0x0000004709400000)]
  0x00000245d038f410 JavaThread "Finalizer" daemon [_thread_blocked, id=18676, stack(0x0000004709400000,0x0000004709500000)]
  0x00000245d03a7990 JavaThread "Signal Dispatcher" daemon [_thread_blocked, id=21052, stack(0x0000004709500000,0x0000004709600000)]
  0x00000245d03a8500 JavaThread "Attach Listener" daemon [_thread_blocked, id=1404, stack(0x0000004709600000,0x0000004709700000)]
  0x00000245d03aa560 JavaThread "Service Thread" daemon [_thread_blocked, id=16120, stack(0x0000004709700000,0x0000004709800000)]
  0x00000245d03aae10 JavaThread "Monitor Deflation Thread" daemon [_thread_blocked, id=28804, stack(0x0000004709800000,0x0000004709900000)]
  0x00000245d03ade70 JavaThread "C1 CompilerThread0" daemon [_thread_blocked, id=21048, stack(0x0000004709900000,0x0000004709a00000)]
  0x00000245d03aff10 JavaThread "Sweeper thread" daemon [_thread_blocked, id=21220, stack(0x0000004709a00000,0x0000004709b00000)]
  0x00000245d0375270 JavaThread "Common-Cleaner" daemon [_thread_blocked, id=28448, stack(0x0000004709b00000,0x0000004709c00000)]
  0x00000245d4d62f60 JavaThread "Monitor Ctrl-Break" daemon [_thread_in_native, id=1100, stack(0x0000004709d00000,0x0000004709e00000)]
  0x00000245d4d63830 JavaThread "Notification Thread" daemon [_thread_blocked, id=30732, stack(0x0000004709e00000,0x0000004709f00000)]
  0x00000245d4ee73b0 JavaThread "RMI TCP Accept-0" daemon [_thread_in_native, id=2792, stack(0x0000004709f00000,0x000000470a000000)]
  0x00000245d5063b60 JavaThread "RMI Scheduler(0)" daemon [_thread_blocked, id=11276, stack(0x000000470a400000,0x000000470a500000)]
  0x00000245d5150a30 JavaThread "Thread-4" daemon [_thread_in_native, id=10508, stack(0x000000470a100000,0x000000470a200000)]
  0x00000245d5150560 JavaThread "BufferPoolPruner-1-thread-1" daemon [_thread_blocked, id=23328, stack(0x000000470af00000,0x000000470b000000)]
  0x00000245d514f6f0 JavaThread "cluster-ClusterId{value='64313fac869f261f0f9815e8', description='null'}-ac-t6cd1ni-shard-00-01.gf6kkyp.mongodb.net:27017" daemon [_thread_in_native, id=31020, stack(0x000000470b100000,0x000000470b200000)]
  0x00000245d514fbc0 JavaThread "cluster-rtt-ClusterId{value='64313fac869f261f0f9815e8', description='null'}-ac-t6cd1ni-shard-00-01.gf6kkyp.mongodb.net:27017" daemon [_thread_blocked, id=8596, stack(0x000000470b200000,0x000000470b300000)]
  0x00000245d4fa1990 JavaThread "cluster-ClusterId{value='64313fac869f261f0f9815e8', description='null'}-ac-t6cd1ni-shard-00-02.gf6kkyp.mongodb.net:27017" daemon [_thread_in_native, id=25412, stack(0x000000470b300000,0x000000470b400000)]
  0x00000245d4fa1e60 JavaThread "cluster-rtt-ClusterId{value='64313fac869f261f0f9815e8', description='null'}-ac-t6cd1ni-shard-00-02.gf6kkyp.mongodb.net:27017" daemon [_thread_blocked, id=18412, stack(0x000000470b400000,0x000000470b500000)]
  0x00000245d4f9b950 JavaThread "cluster-ClusterId{value='64313fac869f261f0f9815e8', description='null'}-ac-t6cd1ni-shard-00-00.gf6kkyp.mongodb.net:27017" daemon [_thread_in_native, id=28736, stack(0x000000470b500000,0x000000470b600000)]
  0x00000245d4f9d630 JavaThread "cluster-rtt-ClusterId{value='64313fac869f261f0f9815e8', description='null'}-ac-t6cd1ni-shard-00-00.gf6kkyp.mongodb.net:27017" daemon [_thread_blocked, id=6392, stack(0x000000470b600000,0x000000470b700000)]
  0x00000245d4f9cc90 JavaThread "MaintenanceTimer-4-thread-1" daemon [_thread_blocked, id=24376, stack(0x000000470b900000,0x000000470ba00000)]
  0x00000245d4f9f7e0 JavaThread "MaintenanceTimer-2-thread-1" daemon [_thread_blocked, id=24296, stack(0x000000470ba00000,0x000000470bb00000)]
  0x00000245d4f9db00 JavaThread "MaintenanceTimer-3-thread-1" daemon [_thread_blocked, id=11700, stack(0x000000470bb00000,0x000000470bc00000)]
  0x00000245d4f9fcb0 JavaThread "Catalina-utility-1" [_thread_blocked, id=22512, stack(0x000000470bc00000,0x000000470bd00000)]
  0x00000245d4fa2330 JavaThread "Catalina-utility-2" [_thread_blocked, id=9136, stack(0x000000470bd00000,0x000000470be00000)]
  0x00000245d4fa2800 JavaThread "container-0" [_thread_blocked, id=23456, stack(0x000000470be00000,0x000000470bf00000)]
  0x00000245d4f9c2f0 JavaThread "Live Reload Server" daemon [_thread_in_native, id=21060, stack(0x000000470c000000,0x000000470c100000)]
  0x00000245d4f9dfd0 JavaThread "File Watcher" daemon [_thread_blocked, id=16720, stack(0x000000470c100000,0x000000470c200000)]
  0x00000245d4fa2cd0 JavaThread "http-nio-8080-exec-1" daemon [_thread_blocked, id=11468, stack(0x000000470c300000,0x000000470c400000)]
  0x00000245d4f9be20 JavaThread "http-nio-8080-exec-2" daemon [_thread_blocked, id=30700, stack(0x000000470c400000,0x000000470c500000)]
  0x00000245d4f9b480 JavaThread "http-nio-8080-exec-3" daemon [_thread_blocked, id=13476, stack(0x000000470c500000,0x000000470c600000)]
  0x00000245d4fa0180 JavaThread "http-nio-8080-exec-4" daemon [_thread_blocked, id=24996, stack(0x000000470c600000,0x000000470c700000)]
  0x00000245d4fa0650 JavaThread "http-nio-8080-exec-5" daemon [_thread_blocked, id=21144, stack(0x000000470c700000,0x000000470c800000)]
  0x00000245d4fa0b20 JavaThread "http-nio-8080-exec-6" daemon [_thread_blocked, id=11364, stack(0x000000470c800000,0x000000470c900000)]
  0x00000245d4f9c7c0 JavaThread "http-nio-8080-exec-7" daemon [_thread_blocked, id=9604, stack(0x000000470c900000,0x000000470ca00000)]
  0x00000245d4f9e970 JavaThread "http-nio-8080-exec-8" daemon [_thread_blocked, id=10288, stack(0x000000470ca00000,0x000000470cb00000)]
  0x00000245d4f9ee40 JavaThread "http-nio-8080-exec-9" daemon [_thread_blocked, id=19336, stack(0x000000470cb00000,0x000000470cc00000)]
  0x00000245d4f9f310 JavaThread "http-nio-8080-exec-10" daemon [_thread_blocked, id=27420, stack(0x000000470cc00000,0x000000470cd00000)]
  0x00000245d4fa0ff0 JavaThread "http-nio-8080-Poller" daemon [_thread_blocked, id=7728, stack(0x000000470cd00000,0x000000470ce00000)]
  0x00000245d4fa14c0 JavaThread "http-nio-8080-Acceptor" daemon [_thread_in_native, id=22276, stack(0x000000470ce00000,0x000000470cf00000)]
  0x00000245d6deb4c0 JavaThread "DestroyJavaVM" [_thread_blocked, id=12708, stack(0x0000004708c00000,0x0000004708d00000)]

Other Threads:
=>0x00000245d038aa50 VMThread "VM Thread" [stack: 0x0000004709200000,0x0000004709300000] [id=16468]
  0x00000245bc181700 WatcherThread "VM Periodic Task Thread" [stack: 0x000000470a000000,0x000000470a100000] [id=21816]
  0x00000245bc1dfa90 WorkerThread "GC Thread#0" [stack: 0x0000004708d00000,0x0000004708e00000] [id=12124]
  0x00000245d53a1e20 WorkerThread "GC Thread#1" [stack: 0x000000470a500000,0x000000470a600000] [id=18644]
  0x00000245d53a20c0 WorkerThread "GC Thread#2" [stack: 0x000000470a600000,0x000000470a700000] [id=12092]
  0x00000245d53d1910 WorkerThread "GC Thread#3" [stack: 0x000000470a700000,0x000000470a800000] [id=20736]
  0x00000245d53d1bb0 WorkerThread "GC Thread#4" [stack: 0x000000470a800000,0x000000470a900000] [id=8756]
  0x00000245d53d2e60 WorkerThread "GC Thread#5" [stack: 0x000000470a900000,0x000000470aa00000] [id=28652]
  0x00000245d53d3100 WorkerThread "GC Thread#6" [stack: 0x000000470aa00000,0x000000470ab00000] [id=18788]
  0x00000245d53d3bb0 WorkerThread "GC Thread#7" [stack: 0x000000470ab00000,0x000000470ac00000] [id=9948]
  0x00000245bc1f0590 ConcurrentGCThread "G1 Main Marker" [stack: 0x0000004708e00000,0x0000004708f00000] [id=11496]
  0x00000245bc1f0e90 WorkerThread "G1 Conc#0" [stack: 0x0000004708f00000,0x0000004709000000] [id=18292]
  0x00000245d5ec66d0 WorkerThread "G1 Conc#1" [stack: 0x000000470a200000,0x000000470a300000] [id=12736]
  0x00000245bc23eae0 ConcurrentGCThread "G1 Refine#0" [stack: 0x0000004709000000,0x0000004709100000] [id=24116]
  0x00000245d53a2b70 ConcurrentGCThread "G1 Refine#1" [stack: 0x000000470ac00000,0x000000470ad00000] [id=20432]
  0x00000245d6ddb340 ConcurrentGCThread "G1 Refine#2" [stack: 0x0000004708900000,0x0000004708a00000] [id=12660]
  0x00000245d0240470 ConcurrentGCThread "G1 Service" [stack: 0x0000004709100000,0x0000004709200000] [id=29904]

Threads with active compile tasks:

VM state: at safepoint (normal execution)

VM Mutex/Monitor currently owned by a thread:  ([mutex/lock_event])
[0x00000245bc17dd60] Threads_lock - owner thread: 0x00000245d038aa50
[0x00000245bc17da90] Heap_lock - owner thread: 0x00000245d4fa1e60

Heap address: 0x0000000081a00000, size: 2022 MB, Compressed Oops mode: 32-bit

CDS archive(s) mapped at: [0x0000000800000000-0x0000000800ba0000-0x0000000800ba0000), size 12189696, SharedBaseAddress: 0x0000000800000000, ArchiveRelocationMode: 0.
Compressed class space mapped at: 0x0000000800c00000-0x0000000840c00000, reserved size: 1073741824
Narrow klass base: 0x0000000800000000, Narrow klass shift: 0, Narrow klass range: 0x100000000

GC Precious Log:
 CardTable entry size: 512
 Card Set container configuration: InlinePtr #cards 5 size 8 Array Of Cards #cards 12 size 40 Howl #buckets 4 coarsen threshold 1843 Howl Bitmap #cards 512 size 80 coarsen threshold 460 Card regions per heap region 1 cards per card region 2048
 CPUs: 8 total, 8 available
 Memory: 8086M
 Large Page Support: Disabled
 NUMA Support: Disabled
 Compressed Oops: Enabled (32-bit)
 Heap Region Size: 1M
 Heap Min Capacity: 8M
 Heap Initial Capacity: 128M
 Heap Max Capacity: 2022M
 Pre-touch: Disabled
 Parallel Workers: 8
 Concurrent Workers: 2
 Concurrent Refinement Workers: 8
 Periodic GC: Disabled

Heap:
 garbage-first heap   total 100352K, used 35204K [0x0000000081a00000, 0x0000000100000000)
  region size 1024K, 1 young (1024K), 1 survivors (1024K)
 Metaspace       used 56904K, committed 58048K, reserved 1114112K
  class space    used 7756K, committed 8192K, reserved 1048576K

Heap Regions: E=young(eden), S=young(survivor), O=old, HS=humongous(starts), HC=humongous(continues), CS=collection set, F=free, OA=open archive, CA=closed archive, TAMS=top-at-mark-start (previous, next)
|   0|0x0000000081a00000, 0x0000000081b00000, 0x0000000081b00000|100%| O|  |TAMS 0x0000000081b00000, 0x0000000081a00000| Untracked 
|   1|0x0000000081b00000, 0x0000000081c00000, 0x0000000081c00000|100%| O|  |TAMS 0x0000000081c00000, 0x0000000081b00000| Untracked 
|   2|0x0000000081c00000, 0x0000000081d00000, 0x0000000081d00000|100%| O|  |TAMS 0x0000000081d00000, 0x0000000081c00000| Untracked 
|   3|0x0000000081d00000, 0x0000000081e00000, 0x0000000081e00000|100%| O|  |TAMS 0x0000000081e00000, 0x0000000081d00000| Untracked 
|   4|0x0000000081e00000, 0x0000000081f00000, 0x0000000081f00000|100%| O|  |TAMS 0x0000000081f00000, 0x0000000081e00000| Untracked 
|   5|0x0000000081f00000, 0x0000000082000000, 0x0000000082000000|100%| O|  |TAMS 0x0000000082000000, 0x0000000081f00000| Untracked 
|   6|0x0000000082000000, 0x0000000082100000, 0x0000000082100000|100%| O|  |TAMS 0x0000000082100000, 0x0000000082000000| Untracked 
|   7|0x0000000082100000, 0x0000000082200000, 0x0000000082200000|100%| O|  |TAMS 0x0000000082100000, 0x0000000082100000| Untracked 
|   8|0x0000000082200000, 0x0000000082300000, 0x0000000082300000|100%| O|  |TAMS 0x0000000082300000, 0x0000000082200000| Untracked 
|   9|0x0000000082300000, 0x0000000082400000, 0x0000000082400000|100%| O|  |TAMS 0x0000000082400000, 0x0000000082300000| Untracked 
|  10|0x0000000082400000, 0x0000000082500000, 0x0000000082500000|100%| O|  |TAMS 0x0000000082500000, 0x0000000082400000| Untracked 
|  11|0x0000000082500000, 0x0000000082600000, 0x0000000082600000|100%| O|  |TAMS 0x0000000082600000, 0x0000000082500000| Untracked 
|  12|0x0000000082600000, 0x0000000082700000, 0x0000000082700000|100%| O|  |TAMS 0x0000000082700000, 0x0000000082600000| Untracked 
|  13|0x0000000082700000, 0x0000000082800000, 0x0000000082800000|100%| O|  |TAMS 0x0000000082700000, 0x0000000082700000| Untracked 
|  14|0x0000000082800000, 0x0000000082800000, 0x0000000082900000|  0%| F|  |TAMS 0x0000000082800000, 0x0000000082800000| Untracked 
|  15|0x0000000082900000, 0x0000000082a00000, 0x0000000082a00000|100%| O|  |TAMS 0x000000008297ca00, 0x0000000082900000| Untracked 
|  16|0x0000000082a00000, 0x0000000082b00000, 0x0000000082b00000|100%| O|  |TAMS 0x0000000082b00000, 0x0000000082a00000| Untracked 
|  17|0x0000000082b00000, 0x0000000082c00000, 0x0000000082c00000|100%| O|  |TAMS 0x0000000082b00000, 0x0000000082b00000| Untracked 
|  18|0x0000000082c00000, 0x0000000082d00000, 0x0000000082d00000|100%| O|  |TAMS 0x0000000082d00000, 0x0000000082c00000| Untracked 
|  19|0x0000000082d00000, 0x0000000082e00000, 0x0000000082e00000|100%| O|  |TAMS 0x0000000082d00000, 0x0000000082d00000| Untracked 
|  20|0x0000000082e00000, 0x0000000082e55200, 0x0000000082f00000| 33%| O|  |TAMS 0x0000000082e00000, 0x0000000082e00000| Untracked 
|  21|0x0000000082f00000, 0x0000000083000000, 0x0000000083000000|100%| O|  |TAMS 0x0000000082f00000, 0x0000000082f00000| Untracked 
|  22|0x0000000083000000, 0x0000000083100000, 0x0000000083100000|100%| O|  |TAMS 0x0000000083100000, 0x0000000083000000| Untracked 
|  23|0x0000000083100000, 0x0000000083200000, 0x0000000083200000|100%| O|  |TAMS 0x0000000083200000, 0x0000000083100000| Untracked 
|  24|0x0000000083200000, 0x0000000083200000, 0x0000000083300000|  0%| F|  |TAMS 0x0000000083200000, 0x0000000083200000| Untracked 
|  25|0x0000000083300000, 0x0000000083400000, 0x0000000083400000|100%| O|  |TAMS 0x0000000083300000, 0x0000000083300000| Untracked 
|  26|0x0000000083400000, 0x0000000083500000, 0x0000000083500000|100%| O|  |TAMS 0x0000000083400000, 0x0000000083400000| Untracked 
|  27|0x0000000083500000, 0x0000000083600000, 0x0000000083600000|100%| O|  |TAMS 0x0000000083500000, 0x0000000083500000| Untracked 
|  28|0x0000000083600000, 0x0000000083700000, 0x0000000083700000|100%| O|  |TAMS 0x0000000083700000, 0x0000000083600000| Untracked 
|  29|0x0000000083700000, 0x0000000083800000, 0x0000000083800000|100%| O|  |TAMS 0x0000000083700000, 0x0000000083700000| Untracked 
|  30|0x0000000083800000, 0x0000000083900000, 0x0000000083900000|100%| O|  |TAMS 0x0000000083900000, 0x0000000083800000| Untracked 
|  31|0x0000000083900000, 0x0000000083900000, 0x0000000083a00000|  0%| F|  |TAMS 0x0000000083900000, 0x0000000083900000| Untracked 
|  32|0x0000000083a00000, 0x0000000083b00000, 0x0000000083b00000|100%| O|  |TAMS 0x0000000083a00000, 0x0000000083a00000| Untracked 
|  33|0x0000000083b00000, 0x0000000083c00000, 0x0000000083c00000|100%| O|  |TAMS 0x0000000083c00000, 0x0000000083b00000| Untracked 
|  34|0x0000000083c00000, 0x0000000083d00000, 0x0000000083d00000|100%| O|  |TAMS 0x0000000083d00000, 0x0000000083c00000| Untracked 
|  35|0x0000000083d00000, 0x0000000083d00000, 0x0000000083e00000|  0%| F|  |TAMS 0x0000000083d00000, 0x0000000083d00000| Untracked 
|  36|0x0000000083e00000, 0x0000000083f00000, 0x0000000083f00000|100%| O|  |TAMS 0x0000000083e00000, 0x0000000083e00000| Untracked 
|  37|0x0000000083f00000, 0x0000000084000000, 0x0000000084000000|100%| O|  |TAMS 0x0000000083f00000, 0x0000000083f00000| Untracked 
|  38|0x0000000084000000, 0x0000000084000000, 0x0000000084100000|  0%| F|  |TAMS 0x0000000084000000, 0x0000000084000000| Untracked 
|  39|0x0000000084100000, 0x0000000084100000, 0x0000000084200000|  0%| F|  |TAMS 0x0000000084100000, 0x0000000084100000| Untracked 
|  40|0x0000000084200000, 0x0000000084200000, 0x0000000084300000|  0%| F|  |TAMS 0x0000000084200000, 0x0000000084200000| Untracked 
|  41|0x0000000084300000, 0x0000000084300000, 0x0000000084400000|  0%| F|  |TAMS 0x0000000084300000, 0x0000000084300000| Untracked 
|  42|0x0000000084400000, 0x0000000084400000, 0x0000000084500000|  0%| F|  |TAMS 0x0000000084400000, 0x0000000084400000| Untracked 
|  43|0x0000000084500000, 0x0000000084500000, 0x0000000084600000|  0%| F|  |TAMS 0x0000000084500000, 0x0000000084500000| Untracked 
|  44|0x0000000084600000, 0x0000000084600000, 0x0000000084700000|  0%| F|  |TAMS 0x0000000084600000, 0x0000000084600000| Untracked 
|  45|0x0000000084700000, 0x0000000084700000, 0x0000000084800000|  0%| F|  |TAMS 0x0000000084700000, 0x0000000084700000| Untracked 
|  46|0x0000000084800000, 0x0000000084800000, 0x0000000084900000|  0%| F|  |TAMS 0x0000000084800000, 0x0000000084800000| Untracked 
|  47|0x0000000084900000, 0x0000000084900000, 0x0000000084a00000|  0%| F|  |TAMS 0x0000000084900000, 0x0000000084900000| Untracked 
|  48|0x0000000084a00000, 0x0000000084a00000, 0x0000000084b00000|  0%| F|  |TAMS 0x0000000084a00000, 0x0000000084a00000| Untracked 
|  49|0x0000000084b00000, 0x0000000084b00000, 0x0000000084c00000|  0%| F|  |TAMS 0x0000000084b00000, 0x0000000084b00000| Untracked 
|  50|0x0000000084c00000, 0x0000000084c00000, 0x0000000084d00000|  0%| F|  |TAMS 0x0000000084c00000, 0x0000000084c00000| Untracked 
|  51|0x0000000084d00000, 0x0000000084d00000, 0x0000000084e00000|  0%| F|  |TAMS 0x0000000084d00000, 0x0000000084d00000| Untracked 
|  52|0x0000000084e00000, 0x0000000084e00000, 0x0000000084f00000|  0%| F|  |TAMS 0x0000000084e00000, 0x0000000084e00000| Untracked 
|  53|0x0000000084f00000, 0x0000000084f00000, 0x0000000085000000|  0%| F|  |TAMS 0x0000000084f00000, 0x0000000084f00000| Untracked 
|  54|0x0000000085000000, 0x0000000085000000, 0x0000000085100000|  0%| F|  |TAMS 0x0000000085000000, 0x0000000085000000| Untracked 
|  55|0x0000000085100000, 0x0000000085100000, 0x0000000085200000|  0%| F|  |TAMS 0x0000000085100000, 0x0000000085100000| Untracked 
|  56|0x0000000085200000, 0x0000000085200000, 0x0000000085300000|  0%| F|  |TAMS 0x0000000085200000, 0x0000000085200000| Untracked 
|  57|0x0000000085300000, 0x0000000085300000, 0x0000000085400000|  0%| F|  |TAMS 0x0000000085300000, 0x0000000085300000| Untracked 
|  58|0x0000000085400000, 0x0000000085400000, 0x0000000085500000|  0%| F|  |TAMS 0x0000000085400000, 0x0000000085400000| Untracked 
|  59|0x0000000085500000, 0x0000000085500000, 0x0000000085600000|  0%| F|  |TAMS 0x0000000085500000, 0x0000000085500000| Untracked 
|  60|0x0000000085600000, 0x0000000085600000, 0x0000000085700000|  0%| F|  |TAMS 0x0000000085600000, 0x0000000085600000| Untracked 
|  61|0x0000000085700000, 0x0000000085700000, 0x0000000085800000|  0%| F|  |TAMS 0x0000000085700000, 0x0000000085700000| Untracked 
|  62|0x0000000085800000, 0x0000000085800000, 0x0000000085900000|  0%| F|  |TAMS 0x0000000085800000, 0x0000000085800000| Untracked 
|  63|0x0000000085900000, 0x0000000085900000, 0x0000000085a00000|  0%| F|  |TAMS 0x0000000085900000, 0x0000000085900000| Untracked 
|  64|0x0000000085a00000, 0x0000000085a00000, 0x0000000085b00000|  0%| F|  |TAMS 0x0000000085a00000, 0x0000000085a00000| Untracked 
|  65|0x0000000085b00000, 0x0000000085b00000, 0x0000000085c00000|  0%| F|  |TAMS 0x0000000085b00000, 0x0000000085b00000| Untracked 
|  66|0x0000000085c00000, 0x0000000085c00000, 0x0000000085d00000|  0%| F|  |TAMS 0x0000000085c00000, 0x0000000085c00000| Untracked 
|  67|0x0000000085d00000, 0x0000000085d00000, 0x0000000085e00000|  0%| F|  |TAMS 0x0000000085d00000, 0x0000000085d00000| Untracked 
|  68|0x0000000085e00000, 0x0000000085e00000, 0x0000000085f00000|  0%| F|  |TAMS 0x0000000085e00000, 0x0000000085e00000| Untracked 
|  69|0x0000000085f00000, 0x0000000085f00000, 0x0000000086000000|  0%| F|  |TAMS 0x0000000085f00000, 0x0000000085f00000| Untracked 
|  70|0x0000000086000000, 0x0000000086000000, 0x0000000086100000|  0%| F|  |TAMS 0x0000000086000000, 0x0000000086000000| Untracked 
|  71|0x0000000086100000, 0x0000000086100000, 0x0000000086200000|  0%| F|  |TAMS 0x0000000086100000, 0x0000000086100000| Untracked 
|  72|0x0000000086200000, 0x0000000086200000, 0x0000000086300000|  0%| F|  |TAMS 0x0000000086200000, 0x0000000086200000| Untracked 
|  73|0x0000000086300000, 0x0000000086300000, 0x0000000086400000|  0%| F|  |TAMS 0x0000000086300000, 0x0000000086300000| Untracked 
|  74|0x0000000086400000, 0x0000000086400000, 0x0000000086500000|  0%| F|  |TAMS 0x0000000086400000, 0x0000000086400000| Untracked 
|  75|0x0000000086500000, 0x0000000086500000, 0x0000000086600000|  0%| F|  |TAMS 0x0000000086500000, 0x0000000086500000| Untracked 
|  76|0x0000000086600000, 0x0000000086600000, 0x0000000086700000|  0%| F|  |TAMS 0x0000000086600000, 0x0000000086600000| Untracked 
|  77|0x0000000086700000, 0x0000000086700000, 0x0000000086800000|  0%| F|  |TAMS 0x0000000086700000, 0x0000000086700000| Untracked 
|  78|0x0000000086800000, 0x0000000086800000, 0x0000000086900000|  0%| F|  |TAMS 0x0000000086800000, 0x0000000086800000| Untracked 
|  79|0x0000000086900000, 0x0000000086900000, 0x0000000086a00000|  0%| F|  |TAMS 0x0000000086900000, 0x0000000086900000| Untracked 
|  80|0x0000000086a00000, 0x0000000086a00000, 0x0000000086b00000|  0%| F|  |TAMS 0x0000000086a00000, 0x0000000086a00000| Untracked 
|  81|0x0000000086b00000, 0x0000000086b00000, 0x0000000086c00000|  0%| F|  |TAMS 0x0000000086b00000, 0x0000000086b00000| Untracked 
|  82|0x0000000086c00000, 0x0000000086c00000, 0x0000000086d00000|  0%| F|  |TAMS 0x0000000086c00000, 0x0000000086c00000| Untracked 
|  83|0x0000000086d00000, 0x0000000086d00000, 0x0000000086e00000|  0%| F|  |TAMS 0x0000000086d00000, 0x0000000086d00000| Untracked 
|  84|0x0000000086e00000, 0x0000000086e00000, 0x0000000086f00000|  0%| F|  |TAMS 0x0000000086e00000, 0x0000000086e00000| Untracked 
|  85|0x0000000086f00000, 0x0000000086f00000, 0x0000000087000000|  0%| F|  |TAMS 0x0000000086f00000, 0x0000000086f00000| Untracked 
|  86|0x0000000087000000, 0x0000000087000000, 0x0000000087100000|  0%| F|  |TAMS 0x0000000087000000, 0x0000000087000000| Untracked 
|  87|0x0000000087100000, 0x0000000087100000, 0x0000000087200000|  0%| F|  |TAMS 0x0000000087100000, 0x0000000087100000| Untracked 
|  88|0x0000000087200000, 0x0000000087200000, 0x0000000087300000|  0%| F|  |TAMS 0x0000000087200000, 0x0000000087200000| Untracked 
|  89|0x0000000087300000, 0x0000000087300000, 0x0000000087400000|  0%| F|  |TAMS 0x0000000087300000, 0x0000000087300000| Untracked 
|  90|0x0000000087400000, 0x0000000087400000, 0x0000000087500000|  0%| F|  |TAMS 0x0000000087400000, 0x0000000087400000| Untracked 
|  91|0x0000000087500000, 0x0000000087500000, 0x0000000087600000|  0%| F|  |TAMS 0x0000000087500000, 0x0000000087500000| Untracked 
|  92|0x0000000087600000, 0x0000000087600000, 0x0000000087700000|  0%| F|  |TAMS 0x0000000087600000, 0x0000000087600000| Untracked 
|  93|0x0000000087700000, 0x000000008770c180, 0x0000000087800000|  4%| S|CS|TAMS 0x0000000087700000, 0x0000000087700000| Complete 
|  94|0x0000000087800000, 0x0000000087800000, 0x0000000087900000|  0%| F|  |TAMS 0x0000000087800000, 0x0000000087800000| Untracked 
|  95|0x0000000087900000, 0x0000000087900000, 0x0000000087a00000|  0%| F|  |TAMS 0x0000000087900000, 0x0000000087900000| Untracked 
| 127|0x0000000089900000, 0x0000000089900000, 0x0000000089a00000|  0%| F|  |TAMS 0x0000000089900000, 0x0000000089900000| Untracked 
|2021|0x00000000fff00000, 0x0000000100000000, 0x0000000100000000|100%| O|  |TAMS 0x0000000100000000, 0x00000000fff00000| Untracked 

Card table byte_map: [0x00000245c91f0000,0x00000245c95f0000] _byte_map_base: 0x00000245c8de3000

Marking Bits (Prev, Next): (CMBitMap*) 0x00000245bc1dffe0, (CMBitMap*) 0x00000245bc1dffa0
 Prev Bits: [0x00000245cb990000, 0x00000245cd928000)
 Next Bits: [0x00000245c99f0000, 0x00000245cb988000)

Polling page: 0x00000245c54f0000

Metaspace:

Usage:
  Non-class:     48.00 MB used.
      Class:      7.57 MB used.
       Both:     55.57 MB used.

Virtual space:
  Non-class space:       64.00 MB reserved,      48.69 MB ( 76%) committed,  1 nodes.
      Class space:        1.00 GB reserved,       8.00 MB ( <1%) committed,  1 nodes.
             Both:        1.06 GB reserved,      56.69 MB (  5%) committed. 

Chunk freelists:
   Non-Class:  2.92 MB
       Class:  4.08 MB
        Both:  7.00 MB

MaxMetaspaceSize: unlimited
CompressedClassSpaceSize: 1.00 GB
Initial GC threshold: 21.00 MB
Current GC threshold: 94.50 MB
CDS: on
MetaspaceReclaimPolicy: balanced
 - commit_granule_bytes: 65536.
 - commit_granule_words: 8192.
 - virtual_space_node_default_size: 8388608.
 - enlarge_chunks_in_place: 1.
 - new_chunks_are_fully_committed: 0.
 - uncommit_free_chunks: 1.
 - use_allocation_guard: 0.


Internal statistics:

num_allocs_failed_limit: 6.
num_arena_births: 1108.
num_arena_deaths: 450.
num_vsnodes_births: 2.
num_vsnodes_deaths: 0.
num_space_committed: 907.
num_space_uncommitted: 0.
num_chunks_returned_to_freelist: 508.
num_chunks_taken_from_freelist: 3206.
num_chunk_merges: 170.
num_chunk_splits: 2123.
num_chunks_enlarged: 1566.
num_inconsistent_stats: 0.

CodeCache: size=49152Kb used=16027Kb max_used=16564Kb free=33124Kb
 bounds [0x00000245c5510000, 0x00000245c6570000, 0x00000245c8510000]
 total_blobs=9958 nmethods=9316 adapters=569
 compilation: enabled
              stopped_count=0, restarted_count=0
 full_count=0

Compilation events (20 events):
Event: 439.540 Thread 0x00000245d03ade70 9508       1       com.mongodb.internal.connection.NoOpSessionContext::notifyMessageSent (2 bytes)
Event: 439.540 Thread 0x00000245d03ade70 nmethod 9508 0x00000245c6444210 code [0x00000245c64443a0, 0x00000245c6444478]
Event: 439.540 Thread 0x00000245d03ade70 9509       1       com.mongodb.internal.connection.NoOpSessionContext::isSnapshot (2 bytes)
Event: 439.540 Thread 0x00000245d03ade70 nmethod 9509 0x00000245c6443f10 code [0x00000245c64440a0, 0x00000245c6444178]
Event: 439.585 Thread 0x00000245d03ade70 9510       1       com.mongodb.internal.connection.NoOpSessionContext::advanceOperationTime (1 bytes)
Event: 439.585 Thread 0x00000245d03ade70 nmethod 9510 0x00000245c6443c10 code [0x00000245c6443da0, 0x00000245c6443e58]
Event: 439.585 Thread 0x00000245d03ade70 9511       1       com.mongodb.connection.ServerSettings::getHeartbeatFrequency (12 bytes)
Event: 439.697 Thread 0x00000245d03ade70 nmethod 9511 0x00000245c6443890 code [0x00000245c6443a20, 0x00000245c6443b28]
Event: 439.697 Thread 0x00000245d03ade70 9512       1       org.bson.codecs.BsonArrayCodec::decode (7 bytes)
Event: 439.697 Thread 0x00000245d03ade70 nmethod 9512 0x00000245c6443590 code [0x00000245c6443720, 0x00000245c6443808]
Event: 447.308 Thread 0x00000245d03ade70 9513       1       org.bson.codecs.BsonArrayCodec::decode (57 bytes)
Event: 447.559 Thread 0x00000245d03ade70 nmethod 9513 0x00000245c6442890 code [0x00000245c6442ae0, 0x00000245c64431c8]
Event: 447.573 Thread 0x00000245d03ade70 9515       1       com.mongodb.connection.TopologyVersion::equals (55 bytes)
Event: 447.589 Thread 0x00000245d03ade70 nmethod 9515 0x00000245c6442390 code [0x00000245c6442540, 0x00000245c6442768]
Event: 447.589 Thread 0x00000245d03ade70 9514       1       com.mongodb.internal.connection.DefaultServerMonitor::access$300 (5 bytes)
Event: 447.595 Thread 0x00000245d03ade70 nmethod 9514 0x00000245c6442090 code [0x00000245c6442220, 0x00000245c64422d8]
Event: 449.595 Thread 0x00000245d03ade70 9516       1       com.mongodb.internal.connection.DefaultServerMonitor::access$1200 (5 bytes)
Event: 449.612 Thread 0x00000245d03ade70 nmethod 9516 0x00000245c6441d90 code [0x00000245c6441f20, 0x00000245c6441fd8]
Event: 449.612 Thread 0x00000245d03ade70 9517       1       com.mongodb.internal.connection.DefaultServerMonitor::access$1100 (5 bytes)
Event: 449.612 Thread 0x00000245d03ade70 nmethod 9517 0x00000245c6441a90 code [0x00000245c6441c20, 0x00000245c6441cd8]

GC Heap History (20 events):
Event: 139.793 GC heap after
{Heap after GC invocations=31 (full 0):
 garbage-first heap   total 70656K, used 37469K [0x0000000081a00000, 0x0000000100000000)
  region size 1024K, 2 young (2048K), 2 survivors (2048K)
 Metaspace       used 56105K, committed 56768K, reserved 1114112K
  class space    used 7663K, committed 8000K, reserved 1048576K
}
Event: 161.919 GC heap before
{Heap before GC invocations=31 (full 0):
 garbage-first heap   total 70656K, used 58973K [0x0000000081a00000, 0x0000000100000000)
  region size 1024K, 23 young (23552K), 2 survivors (2048K)
 Metaspace       used 57263K, committed 58048K, reserved 1114112K
  class space    used 7840K, committed 8192K, reserved 1048576K
}
Event: 162.041 GC heap after
{Heap after GC invocations=32 (full 0):
 garbage-first heap   total 70656K, used 38640K [0x0000000081a00000, 0x0000000100000000)
  region size 1024K, 3 young (3072K), 3 survivors (3072K)
 Metaspace       used 57263K, committed 58048K, reserved 1114112K
  class space    used 7840K, committed 8192K, reserved 1048576K
}
Event: 233.214 GC heap before
{Heap before GC invocations=32 (full 0):
 garbage-first heap   total 70656K, used 59120K [0x0000000081a00000, 0x0000000100000000)
  region size 1024K, 23 young (23552K), 3 survivors (3072K)
 Metaspace       used 57284K, committed 58048K, reserved 1114112K
  class space    used 7845K, committed 8192K, reserved 1048576K
}
Event: 233.250 GC heap after
{Heap after GC invocations=33 (full 0):
 garbage-first heap   total 70656K, used 38746K [0x0000000081a00000, 0x0000000100000000)
  region size 1024K, 2 young (2048K), 2 survivors (2048K)
 Metaspace       used 57284K, committed 58048K, reserved 1114112K
  class space    used 7845K, committed 8192K, reserved 1048576K
}
Event: 337.455 GC heap before
{Heap before GC invocations=34 (full 0):
 garbage-first heap   total 70656K, used 59226K [0x0000000081a00000, 0x0000000100000000)
  region size 1024K, 22 young (22528K), 2 survivors (2048K)
 Metaspace       used 56904K, committed 58048K, reserved 1114112K
  class space    used 7756K, committed 8192K, reserved 1048576K
}
Event: 339.151 GC heap after
{Heap after GC invocations=35 (full 0):
 garbage-first heap   total 70656K, used 38582K [0x0000000081a00000, 0x0000000100000000)
  region size 1024K, 2 young (2048K), 2 survivors (2048K)
 Metaspace       used 56904K, committed 58048K, reserved 1114112K
  class space    used 7756K, committed 8192K, reserved 1048576K
}
Event: 343.482 GC heap before
{Heap before GC invocations=35 (full 0):
 garbage-first heap   total 70656K, used 39606K [0x0000000081a00000, 0x0000000100000000)
  region size 1024K, 3 young (3072K), 2 survivors (2048K)
 Metaspace       used 56904K, committed 58048K, reserved 1114112K
  class space    used 7756K, committed 8192K, reserved 1048576K
}
Event: 343.723 GC heap after
{Heap after GC invocations=36 (full 0):
 garbage-first heap   total 70656K, used 37950K [0x0000000081a00000, 0x0000000100000000)
  region size 1024K, 1 young (1024K), 1 survivors (1024K)
 Metaspace       used 56904K, committed 58048K, reserved 1114112K
  class space    used 7756K, committed 8192K, reserved 1048576K
}
Event: 354.158 GC heap before
{Heap before GC invocations=36 (full 0):
 garbage-first heap   total 70656K, used 39998K [0x0000000081a00000, 0x0000000100000000)
  region size 1024K, 3 young (3072K), 1 survivors (1024K)
 Metaspace       used 56904K, committed 58048K, reserved 1114112K
  class space    used 7756K, committed 8192K, reserved 1048576K
}
Event: 354.233 GC heap after
{Heap after GC invocations=37 (full 0):
 garbage-first heap   total 100352K, used 37317K [0x0000000081a00000, 0x0000000100000000)
  region size 1024K, 1 young (1024K), 1 survivors (1024K)
 Metaspace       used 56904K, committed 58048K, reserved 1114112K
  class space    used 7756K, committed 8192K, reserved 1048576K
}
Event: 370.258 GC heap before
{Heap before GC invocations=37 (full 0):
 garbage-first heap   total 100352K, used 40389K [0x0000000081a00000, 0x0000000100000000)
  region size 1024K, 4 young (4096K), 1 survivors (1024K)
 Metaspace       used 56904K, committed 58048K, reserved 1114112K
  class space    used 7756K, committed 8192K, reserved 1048576K
}
Event: 371.073 GC heap after
{Heap after GC invocations=38 (full 0):
 garbage-first heap   total 100352K, used 36746K [0x0000000081a00000, 0x0000000100000000)
  region size 1024K, 1 young (1024K), 1 survivors (1024K)
 Metaspace       used 56904K, committed 58048K, reserved 1114112K
  class space    used 7756K, committed 8192K, reserved 1048576K
}
Event: 386.707 GC heap before
{Heap before GC invocations=38 (full 0):
 garbage-first heap   total 100352K, used 39818K [0x0000000081a00000, 0x0000000100000000)
  region size 1024K, 4 young (4096K), 1 survivors (1024K)
 Metaspace       used 56904K, committed 58048K, reserved 1114112K
  class space    used 7756K, committed 8192K, reserved 1048576K
}
Event: 390.246 GC heap after
{Heap after GC invocations=39 (full 0):
 garbage-first heap   total 100352K, used 36049K [0x0000000081a00000, 0x0000000100000000)
  region size 1024K, 1 young (1024K), 1 survivors (1024K)
 Metaspace       used 56904K, committed 58048K, reserved 1114112K
  class space    used 7756K, committed 8192K, reserved 1048576K
}
Event: 405.829 GC heap before
{Heap before GC invocations=39 (full 0):
 garbage-first heap   total 100352K, used 39121K [0x0000000081a00000, 0x0000000100000000)
  region size 1024K, 4 young (4096K), 1 survivors (1024K)
 Metaspace       used 56904K, committed 58048K, reserved 1114112K
  class space    used 7756K, committed 8192K, reserved 1048576K
}
Event: 419.422 GC heap after
{Heap after GC invocations=40 (full 0):
 garbage-first heap   total 100352K, used 35619K [0x0000000081a00000, 0x0000000100000000)
  region size 1024K, 1 young (1024K), 1 survivors (1024K)
 Metaspace       used 56904K, committed 58048K, reserved 1114112K
  class space    used 7756K, committed 8192K, reserved 1048576K
}
Event: 433.696 GC heap before
{Heap before GC invocations=40 (full 0):
 garbage-first heap   total 100352K, used 38691K [0x0000000081a00000, 0x0000000100000000)
  region size 1024K, 4 young (4096K), 1 survivors (1024K)
 Metaspace       used 56904K, committed 58048K, reserved 1114112K
  class space    used 7756K, committed 8192K, reserved 1048576K
}
Event: 434.041 GC heap after
{Heap after GC invocations=41 (full 0):
 garbage-first heap   total 100352K, used 35302K [0x0000000081a00000, 0x0000000100000000)
  region size 1024K, 1 young (1024K), 1 survivors (1024K)
 Metaspace       used 56904K, committed 58048K, reserved 1114112K
  class space    used 7756K, committed 8192K, reserved 1048576K
}
Event: 449.643 GC heap before
{Heap before GC invocations=41 (full 0):
 garbage-first heap   total 100352K, used 38374K [0x0000000081a00000, 0x0000000100000000)
  region size 1024K, 4 young (4096K), 1 survivors (1024K)
 Metaspace       used 56904K, committed 58048K, reserved 1114112K
  class space    used 7756K, committed 8192K, reserved 1048576K
}

Deoptimization events (16 events):
Event: 2.476 Thread 0x00000245d57463b0 DEOPT PACKING pc=0x00000245c5afdb99 sp=0x000000470aefd3b0
Event: 2.476 Thread 0x00000245d57463b0 DEOPT UNPACKING pc=0x00000245c5562b43 sp=0x000000470aefc890 mode 3
Event: 2.803 Thread 0x00000245d57463b0 DEOPT PACKING pc=0x00000245c5a0029d sp=0x000000470aefdf90
Event: 2.803 Thread 0x00000245d57463b0 DEOPT UNPACKING pc=0x00000245c5562b43 sp=0x000000470aefd4f8 mode 3
Event: 6.160 Thread 0x00000245d57463b0 DEOPT PACKING pc=0x00000245c5b201a4 sp=0x000000470aefd8d0
Event: 6.160 Thread 0x00000245d57463b0 DEOPT UNPACKING pc=0x00000245c5562b43 sp=0x000000470aefce28 mode 0
Event: 6.971 Thread 0x00000245d57463b0 DEOPT PACKING pc=0x00000245c5d68c99 sp=0x000000470aefdeb0
Event: 6.971 Thread 0x00000245d57463b0 DEOPT UNPACKING pc=0x00000245c5562b43 sp=0x000000470aefd390 mode 3
Event: 14.524 Thread 0x00000245d502fc50 DEOPT PACKING pc=0x00000245c58a28cc sp=0x000000470a3fea60
Event: 14.524 Thread 0x00000245d502fc50 DEOPT UNPACKING pc=0x00000245c5562b43 sp=0x000000470a3fdf88 mode 0
Event: 25.911 Thread 0x00000245d57463b0 DEOPT PACKING pc=0x00000245c617f74c sp=0x000000470aefda80
Event: 25.911 Thread 0x00000245d57463b0 DEOPT UNPACKING pc=0x00000245c5562b43 sp=0x000000470aefce88 mode 0
Event: 25.911 Thread 0x00000245d57463b0 DEOPT PACKING pc=0x00000245c5edb30c sp=0x000000470aefdec0
Event: 25.911 Thread 0x00000245d57463b0 DEOPT UNPACKING pc=0x00000245c5562b43 sp=0x000000470aefd538 mode 0
Event: 182.685 Thread 0x00000245d4f9ee40 DEOPT PACKING pc=0x00000245c649f87e sp=0x000000470cbfb650
Event: 182.685 Thread 0x00000245d4f9ee40 DEOPT UNPACKING pc=0x00000245c5562b43 sp=0x000000470cbfab58 mode 3

Classes loaded (20 events):
Event: 140.080 Loading class org/w3c/dom/Document
Event: 140.084 Loading class org/w3c/dom/Document done
Event: 144.629 Loading class java/time/format/DateTimeParseContext
Event: 144.639 Loading class java/time/format/DateTimeParseContext done
Event: 144.639 Loading class java/time/format/Parsed
Event: 144.645 Loading class java/time/format/Parsed done
Event: 145.094 Loading class java/util/function/LongUnaryOperator
Event: 145.095 Loading class java/util/function/LongUnaryOperator done
Event: 145.281 Loading class java/util/stream/SliceOps
Event: 145.607 Loading class java/util/stream/SliceOps done
Event: 145.620 Loading class java/util/stream/SliceOps$1
Event: 145.730 Loading class java/util/stream/SliceOps$1 done
Event: 145.733 Loading class java/util/stream/SliceOps$1$1
Event: 145.826 Loading class java/util/stream/SliceOps$1$1 done
Event: 148.536 Loading class java/time/DayOfWeek
Event: 148.758 Loading class java/time/DayOfWeek done
Event: 148.759 Loading class java/time/temporal/TemporalAdjusters
Event: 148.765 Loading class java/time/temporal/TemporalAdjusters done
Event: 151.485 Loading class jdk/internal/ValueBased
Event: 151.486 Loading class jdk/internal/ValueBased done

Classes unloaded (20 events):
Event: 233.419 Thread 0x00000245d038aa50 Unloading class 0x0000000800ce8400 'java/lang/invoke/LambdaForm$MH+0x0000000800ce8400'
Event: 233.419 Thread 0x00000245d038aa50 Unloading class 0x0000000800ce8000 'java/lang/invoke/LambdaForm$MH+0x0000000800ce8000'
Event: 233.419 Thread 0x00000245d038aa50 Unloading class 0x0000000800ce3000 'java/lang/invoke/LambdaForm$MH+0x0000000800ce3000'
Event: 233.419 Thread 0x00000245d038aa50 Unloading class 0x0000000800ce2800 'jdk/internal/reflect/GeneratedSerializationConstructorAccessor9'
Event: 233.419 Thread 0x00000245d038aa50 Unloading class 0x0000000800ce2000 'jdk/internal/reflect/GeneratedSerializationConstructorAccessor8'
Event: 233.419 Thread 0x00000245d038aa50 Unloading class 0x0000000800cdcc00 'jdk/internal/reflect/GeneratedSerializationConstructorAccessor7'
Event: 233.419 Thread 0x00000245d038aa50 Unloading class 0x0000000800cdc800 'jdk/internal/reflect/GeneratedSerializationConstructorAccessor6'
Event: 233.420 Thread 0x00000245d038aa50 Unloading class 0x0000000800cdc400 'jdk/internal/reflect/GeneratedSerializationConstructorAccessor5'
Event: 233.420 Thread 0x00000245d038aa50 Unloading class 0x0000000800cdc000 'jdk/internal/reflect/GeneratedSerializationConstructorAccessor4'
Event: 233.420 Thread 0x00000245d038aa50 Unloading class 0x0000000800cd0c00 'java/lang/invoke/LambdaForm$MH+0x0000000800cd0c00'
Event: 233.420 Thread 0x00000245d038aa50 Unloading class 0x0000000800cc1800 'java/lang/invoke/LambdaForm$MH+0x0000000800cc1800'
Event: 233.420 Thread 0x00000245d038aa50 Unloading class 0x0000000800cc0c00 'jdk/internal/reflect/GeneratedSerializationConstructorAccessor2'
Event: 233.420 Thread 0x00000245d038aa50 Unloading class 0x0000000800cc0800 'jdk/internal/reflect/GeneratedSerializationConstructorAccessor1'
Event: 233.420 Thread 0x00000245d038aa50 Unloading class 0x0000000800c08400 'java/lang/invoke/LambdaForm$MH+0x0000000800c08400'
Event: 233.420 Thread 0x00000245d038aa50 Unloading class 0x0000000800c06c00 'java/lang/invoke/LambdaForm$MH+0x0000000800c06c00'
Event: 233.420 Thread 0x00000245d038aa50 Unloading class 0x0000000800c06400 'java/lang/invoke/LambdaForm$MH+0x0000000800c06400'
Event: 233.420 Thread 0x00000245d038aa50 Unloading class 0x0000000800c05c00 'java/lang/invoke/LambdaForm$MH+0x0000000800c05c00'
Event: 233.420 Thread 0x00000245d038aa50 Unloading class 0x0000000800c05400 'java/lang/invoke/LambdaForm$MH+0x0000000800c05400'
Event: 233.420 Thread 0x00000245d038aa50 Unloading class 0x0000000800c04c00 'java/lang/invoke/LambdaForm$MH+0x0000000800c04c00'
Event: 233.420 Thread 0x00000245d038aa50 Unloading class 0x0000000800c04400 'java/lang/invoke/LambdaForm$MH+0x0000000800c04400'

Classes redefined (0 events):
No events

Internal exceptions (20 events):
Event: 30.387 Thread 0x00000245d57463b0 Exception <a 'java/lang/NoSuchMethodError'{0x0000000086144f90}: 'java.lang.Object java.lang.invoke.DirectMethodHandle$Holder.invokeVirtual(java.lang.Object, java.lang.Object, java.lang.Object, java.lang.Object, java.lang.Object, java.lang.Object, java.lang.Object, java.lang.Object, java.lang.Object)'> (0x0000000086144f90) 
thrown [s\src\hotspot\share\interpreter\linkResolver.cpp, line 759]
Event: 30.444 Thread 0x00000245d57463b0 Exception <a 'java/lang/NoSuchMethodError'{0x0000000086066810}: 'java.lang.Object java.lang.invoke.DirectMethodHandle$Holder.invokeVirtual(java.lang.Object, java.lang.Object, java.lang.Object, java.lang.Object, java.lang.Object, java.lang.Object)'> (0x0000000086066810) 
thrown [s\src\hotspot\share\interpreter\linkResolver.cpp, line 759]
Event: 30.455 Thread 0x00000245d57463b0 Exception <a 'java/lang/NoSuchMethodError'{0x00000000860a21b8}: 'java.lang.Object java.lang.invoke.DirectMethodHandle$Holder.invokeVirtual(java.lang.Object, java.lang.Object, java.lang.Object, java.lang.Object, java.lang.Object, java.lang.Object, java.lang.Object)'> (0x00000000860a21b8) 
thrown [s\src\hotspot\share\interpreter\linkResolver.cpp, line 759]
Event: 30.472 Thread 0x00000245d57463b0 Exception <a 'java/lang/NoSuchMethodError'{0x0000000085f19568}: 'java.lang.Object java.lang.invoke.DirectMethodHandle$Holder.invokeVirtual(java.lang.Object, java.lang.Object, java.lang.Object, java.lang.Object, java.lang.Object, java.lang.Object, java.lang.Object, java.lang.Object, java.lang.Object, java.lang.Object)'> (0x0000000085f19568) 
thrown [s\src\hotspot\share\interpreter\linkResolver.cpp, line 759]
Event: 30.761 Thread 0x00000245d57463b0 Exception <a 'java/lang/NoSuchMethodError'{0x00000000899fb910}: 'java.lang.Object java.lang.invoke.DirectMethodHandle$Holder.newInvokeSpecial(java.lang.Object, java.lang.Object, int, java.lang.Object, java.lang.Object)'> (0x00000000899fb910) 
thrown [s\src\hotspot\share\interpreter\linkResolver.cpp, line 759]
Event: 30.762 Thread 0x00000245d57463b0 Exception <a 'java/lang/NoSuchMethodError'{0x0000000086408c30}: 'java.lang.Object java.lang.invoke.DirectMethodHandle$Holder.invokeSpecial(java.lang.Object, java.lang.Object, int, java.lang.Object, int, java.lang.Object)'> (0x0000000086408c30) 
thrown [s\src\hotspot\share\interpreter\linkResolver.cpp, line 759]
Event: 30.763 Thread 0x00000245d57463b0 Exception <a 'java/lang/NoSuchMethodError'{0x0000000086410a28}: 'java.lang.Object java.lang.invoke.DirectMethodHandle$Holder.newInvokeSpecial(java.lang.Object, java.lang.Object, int, java.lang.Object, int)'> (0x0000000086410a28) 
thrown [s\src\hotspot\share\interpreter\linkResolver.cpp, line 759]
Event: 30.763 Thread 0x00000245d57463b0 Exception <a 'java/lang/NoSuchMethodError'{0x0000000086414b30}: 'java.lang.Object java.lang.invoke.DirectMethodHandle$Holder.invokeSpecial(java.lang.Object, java.lang.Object, java.lang.Object, int, java.lang.Object, int)'> (0x0000000086414b30) 
thrown [s\src\hotspot\share\interpreter\linkResolver.cpp, line 759]
Event: 31.087 Thread 0x00000245d57463b0 Exception <a 'java/lang/NoSuchMethodError'{0x00000000848a7120}: 'java.lang.Object java.lang.invoke.DirectMethodHandle$Holder.newInvokeSpecial(java.lang.Object, java.lang.Object, java.lang.Object, int)'> (0x00000000848a7120) 
thrown [s\src\hotspot\share\interpreter\linkResolver.cpp, line 759]
Event: 31.087 Thread 0x00000245d57463b0 Exception <a 'java/lang/NoSuchMethodError'{0x00000000848ab230}: 'java.lang.Object java.lang.invoke.DirectMethodHandle$Holder.invokeSpecial(java.lang.Object, java.lang.Object, java.lang.Object, java.lang.Object, int)'> (0x00000000848ab230) 
thrown [s\src\hotspot\share\interpreter\linkResolver.cpp, line 759]
Event: 31.088 Thread 0x00000245d57463b0 Exception <a 'java/lang/NoSuchMethodError'{0x00000000848ae938}: 'java.lang.Object java.lang.invoke.Invokers$Holder.linkToTargetMethod(java.lang.Object, java.lang.Object, int, java.lang.Object)'> (0x00000000848ae938) 
thrown [s\src\hotspot\share\interpreter\linkResolver.cpp, line 759]
Event: 31.372 Thread 0x00000245d57463b0 Exception <a 'java/lang/NoSuchMethodError'{0x00000000861633f0}: 'java.lang.Object java.lang.invoke.DirectMethodHandle$Holder.invokeStatic(java.lang.Object, int, java.lang.Object)'> (0x00000000861633f0) 
thrown [s\src\hotspot\share\interpreter\linkResolver.cpp, line 759]
Event: 34.319 Thread 0x00000245d502fc50 Exception <a 'java/lang/NoSuchMethodError'{0x0000000085536d18}: 'java.lang.Object java.lang.invoke.DirectMethodHandle$Holder.invokeInterface(java.lang.Object, java.lang.Object, java.lang.Object, java.lang.Object, java.lang.Object, java.lang.Object, java.lang.Object)'> (0x0000000085536d18) 
thrown [s\src\hotspot\share\interpreter\linkResolver.cpp, line 759]
Event: 139.390 Thread 0x00000245d4f9b480 Exception <a 'java/lang/NoSuchMethodError'{0x0000000084ab2c10}: 'java.lang.Object java.lang.invoke.DirectMethodHandle$Holder.invokeInterface(java.lang.Object, java.lang.Object, int)'> (0x0000000084ab2c10) 
thrown [s\src\hotspot\share\interpreter\linkResolver.cpp, line 759]
Event: 139.416 Thread 0x00000245d4f9b480 Exception <a 'java/lang/NoSuchMethodError'{0x000000008490a0a8}: 'java.lang.Object java.lang.invoke.DirectMethodHandle$Holder.invokeStatic(java.lang.Object, int, java.lang.Object, java.lang.Object)'> (0x000000008490a0a8) 
thrown [s\src\hotspot\share\interpreter\linkResolver.cpp, line 759]
Event: 139.567 Thread 0x00000245d4f9b480 Exception <a 'java/lang/NoSuchMethodError'{0x000000008487a078}: 'void java.lang.invoke.Invokers$Holder.invoke_MT(java.lang.Object, java.lang.Object, java.lang.Object, java.lang.Object)'> (0x000000008487a078) 
thrown [s\src\hotspot\share\interpreter\linkResolver.cpp, line 759]
Event: 139.570 Thread 0x00000245d4f9b480 Exception <a 'java/lang/IncompatibleClassChangeError'{0x0000000084884fb0}: Found class java.lang.Object, but interface was expected> (0x0000000084884fb0) 
thrown [s\src\hotspot\share\interpreter\linkResolver.cpp, line 826]
Event: 145.096 Thread 0x00000245d4f9be20 Exception <a 'java/lang/NoSuchMethodError'{0x00000000854c43f8}: 'long java.lang.invoke.DirectMethodHandle$Holder.invokeStatic(java.lang.Object, long)'> (0x00000000854c43f8) 
thrown [s\src\hotspot\share\interpreter\linkResolver.cpp, line 759]
Event: 145.255 Thread 0x00000245d4f9be20 Exception <a 'java/lang/NoSuchMethodError'{0x000000008531c400}: 'java.lang.Object java.lang.invoke.DirectMethodHandle$Holder.invokeVirtual(java.lang.Object, java.lang.Object, int)'> (0x000000008531c400) 
thrown [s\src\hotspot\share\interpreter\linkResolver.cpp, line 759]
Event: 146.441 Thread 0x00000245d4f9be20 Exception <a 'java/lang/NoSuchMethodError'{0x00000000852a83c0}: 'java.lang.Object java.lang.invoke.Invokers$Holder.linkToTargetMethod(java.lang.Object, java.lang.Object, java.lang.Object, java.lang.Object, java.lang.Object, java.lang.Object, java.lang.Object, java.lang.Object)'> (0x00000000852a83c0) 
thrown [s\src\hotspot\share\interpreter\linkResolver.cpp, line 759]

VM Operations (20 events):
Event: 340.165 Executing VM operation: Cleanup done
Event: 343.482 Executing VM operation: G1CollectForAllocation
Event: 343.723 Executing VM operation: G1CollectForAllocation done
Event: 354.158 Executing VM operation: G1CollectForAllocation
Event: 354.233 Executing VM operation: G1CollectForAllocation done
Event: 360.300 Executing VM operation: Cleanup
Event: 360.300 Executing VM operation: Cleanup done
Event: 370.188 Executing VM operation: G1CollectForAllocation
Event: 371.092 Executing VM operation: G1CollectForAllocation done
Event: 386.707 Executing VM operation: G1CollectForAllocation
Event: 390.246 Executing VM operation: G1CollectForAllocation done
Event: 405.829 Executing VM operation: G1CollectForAllocation
Event: 419.425 Executing VM operation: G1CollectForAllocation done
Event: 433.696 Executing VM operation: G1CollectForAllocation
Event: 434.041 Executing VM operation: G1CollectForAllocation done
Event: 438.076 Executing VM operation: Cleanup
Event: 438.163 Executing VM operation: Cleanup done
Event: 448.252 Executing VM operation: Cleanup
Event: 448.253 Executing VM operation: Cleanup done
Event: 449.643 Executing VM operation: G1CollectForAllocation

Events (20 events):
Event: 139.441 Thread 0x00000245d03aff10 flushing nmethod 0x00000245c5ff3e90
Event: 139.442 Thread 0x00000245d03aff10 flushing nmethod 0x00000245c6037790
Event: 139.442 Thread 0x00000245d03aff10 flushing nmethod 0x00000245c6037c90
Event: 139.442 Thread 0x00000245d03aff10 flushing nmethod 0x00000245c6038310
Event: 139.442 Thread 0x00000245d03aff10 flushing nmethod 0x00000245c6075410
Event: 139.442 Thread 0x00000245d03aff10 flushing nmethod 0x00000245c6084790
Event: 139.442 Thread 0x00000245d03aff10 flushing nmethod 0x00000245c6097890
Event: 139.443 Thread 0x00000245d03aff10 flushing nmethod 0x00000245c60cff10
Event: 139.443 Thread 0x00000245d03aff10 flushing nmethod 0x00000245c617f490
Event: 139.443 Thread 0x00000245d03aff10 flushing nmethod 0x00000245c6184610
Event: 139.443 Thread 0x00000245d03aff10 flushing nmethod 0x00000245c6189190
Event: 139.444 Thread 0x00000245d03aff10 flushing nmethod 0x00000245c61ac310
Event: 147.987 Thread 0x00000245d6e06960 Thread added: 0x00000245d6e06960
Event: 153.860 Thread 0x00000245d6e06960 Thread exited: 0x00000245d6e06960
Event: 160.780 Thread 0x00000245d6e06960 Thread added: 0x00000245d6e06960
Event: 176.519 Thread 0x00000245d6e06960 Thread exited: 0x00000245d6e06960
Event: 179.214 Thread 0x00000245d6deab20 Thread added: 0x00000245d6deab20
Event: 254.267 Thread 0x00000245d6deab20 Thread exited: 0x00000245d6deab20
Event: 378.236 Thread 0x00000245d5ba8c80 Thread added: 0x00000245d5ba8c80
Event: 385.309 Thread 0x00000245d5ba8c80 Thread exited: 0x00000245d5ba8c80


Dynamic libraries:
0x00007ff7c2190000 - 0x00007ff7c219d000 	C:\Users\Dell 3490\.jdks\corretto-18.0.2\bin\java.exe
0x00007ffca0750000 - 0x00007ffca0948000 	C:\Windows\SYSTEM32\ntdll.dll
0x00007ffca0650000 - 0x00007ffca070f000 	C:\Windows\System32\KERNEL32.DLL
0x00007ffc9de50000 - 0x00007ffc9e122000 	C:\Windows\System32\KERNELBASE.dll
0x00007ffc9e260000 - 0x00007ffc9e360000 	C:\Windows\System32\ucrtbase.dll
0x00007ffc97fd0000 - 0x00007ffc97fe7000 	C:\Users\Dell 3490\.jdks\corretto-18.0.2\bin\jli.dll
0x00007ffc983e0000 - 0x00007ffc983f5000 	C:\Users\Dell 3490\.jdks\corretto-18.0.2\bin\VCRUNTIME140.dll
0x00007ffc9f440000 - 0x00007ffc9f5e1000 	C:\Windows\System32\USER32.dll
0x00007ffc9e5a0000 - 0x00007ffc9e5c2000 	C:\Windows\System32\win32u.dll
0x00007ffc8b680000 - 0x00007ffc8b91a000 	C:\Windows\WinSxS\amd64_microsoft.windows.common-controls_6595b64144ccf1df_6.0.19041.1110_none_60b5254171f9507e\COMCTL32.dll
0x00007ffc9e800000 - 0x00007ffc9e82b000 	C:\Windows\System32\GDI32.dll
0x00007ffca0400000 - 0x00007ffca049e000 	C:\Windows\System32\msvcrt.dll
0x00007ffc9e490000 - 0x00007ffc9e59f000 	C:\Windows\System32\gdi32full.dll
0x00007ffc9e130000 - 0x00007ffc9e1cd000 	C:\Windows\System32\msvcp_win.dll
0x00007ffca04a0000 - 0x00007ffca04d0000 	C:\Windows\System32\IMM32.DLL
0x00007ffc8cd20000 - 0x00007ffc8cdbb000 	C:\Users\Dell 3490\.jdks\corretto-18.0.2\bin\msvcp140.dll
0x00007ffc53ed0000 - 0x00007ffc54b41000 	C:\Users\Dell 3490\.jdks\corretto-18.0.2\bin\server\jvm.dll
0x00007ffc9f960000 - 0x00007ffc9fa0e000 	C:\Windows\System32\ADVAPI32.dll
0x00007ffc9f600000 - 0x00007ffc9f69c000 	C:\Windows\System32\sechost.dll
0x00007ffca0070000 - 0x00007ffca0194000 	C:\Windows\System32\RPCRT4.dll
0x00007ffc9fb30000 - 0x00007ffc9fb38000 	C:\Windows\System32\PSAPI.DLL
0x00007ffc8a0d0000 - 0x00007ffc8a0d9000 	C:\Windows\SYSTEM32\WSOCK32.dll
0x00007ffc8b3f0000 - 0x00007ffc8b417000 	C:\Windows\SYSTEM32\WINMM.dll
0x00007ffc97f50000 - 0x00007ffc97f5a000 	C:\Windows\SYSTEM32\VERSION.dll
0x00007ffc9e830000 - 0x00007ffc9e89b000 	C:\Windows\System32\WS2_32.dll
0x00007ffc9c6f0000 - 0x00007ffc9c702000 	C:\Windows\SYSTEM32\kernel.appcore.dll
0x00007ffc983d0000 - 0x00007ffc983da000 	C:\Users\Dell 3490\.jdks\corretto-18.0.2\bin\jimage.dll
0x00007ffc9bc00000 - 0x00007ffc9bde4000 	C:\Windows\SYSTEM32\DBGHELP.DLL
0x00007ffc814b0000 - 0x00007ffc814e5000 	C:\Windows\SYSTEM32\dbgcore.DLL
0x00007ffc9e1d0000 - 0x00007ffc9e252000 	C:\Windows\System32\bcryptPrimitives.dll
0x00007ffc9b0b0000 - 0x00007ffc9b0be000 	C:\Users\Dell 3490\.jdks\corretto-18.0.2\bin\instrument.dll
0x00007ffc967d0000 - 0x00007ffc967f5000 	C:\Users\Dell 3490\.jdks\corretto-18.0.2\bin\java.dll
0x00007ffc75d80000 - 0x00007ffc75e56000 	C:\Users\Dell 3490\.jdks\corretto-18.0.2\bin\jsvml.dll
0x00007ffc9ecf0000 - 0x00007ffc9f435000 	C:\Windows\System32\SHELL32.dll
0x00007ffc9bdf0000 - 0x00007ffc9c582000 	C:\Windows\SYSTEM32\windows.storage.dll
0x00007ffc9e990000 - 0x00007ffc9ece5000 	C:\Windows\System32\combase.dll
0x00007ffc9d8b0000 - 0x00007ffc9d8e0000 	C:\Windows\SYSTEM32\Wldp.dll
0x00007ffca05a0000 - 0x00007ffca064d000 	C:\Windows\System32\SHCORE.dll
0x00007ffc9fba0000 - 0x00007ffc9fbf5000 	C:\Windows\System32\shlwapi.dll
0x00007ffc9dd90000 - 0x00007ffc9ddaf000 	C:\Windows\SYSTEM32\profapi.dll
0x00007ffc91570000 - 0x00007ffc91588000 	C:\Users\Dell 3490\.jdks\corretto-18.0.2\bin\zip.dll
0x00007ffc967b0000 - 0x00007ffc967c3000 	C:\Users\Dell 3490\.jdks\corretto-18.0.2\bin\net.dll
0x00007ffc95f50000 - 0x00007ffc9605a000 	C:\Windows\SYSTEM32\WINHTTP.dll
0x00007ffc9d610000 - 0x00007ffc9d67a000 	C:\Windows\system32\mswsock.dll
0x00007ffc966f0000 - 0x00007ffc96705000 	C:\Users\Dell 3490\.jdks\corretto-18.0.2\bin\nio.dll
0x00007ffc994f0000 - 0x00007ffc9950a000 	D:\Program Files\JetBrains\IntelliJ IDEA 2022.3\bin\breakgen64.dll
0x00007ffc9d2f0000 - 0x00007ffc9d3bb000 	C:\Windows\SYSTEM32\DNSAPI.dll
0x00007ffc9d2b0000 - 0x00007ffc9d2eb000 	C:\Windows\SYSTEM32\IPHLPAPI.DLL
0x00007ffc9f5f0000 - 0x00007ffc9f5f8000 	C:\Windows\System32\NSI.dll
0x00007ffc8b160000 - 0x00007ffc8b16a000 	C:\Windows\System32\rasadhlp.dll
0x00007ffc8b180000 - 0x00007ffc8b200000 	C:\Windows\System32\fwpuclnt.dll
0x00007ffc9e460000 - 0x00007ffc9e487000 	C:\Windows\System32\bcrypt.dll
0x00007ffc9b0a0000 - 0x00007ffc9b0a9000 	C:\Users\Dell 3490\.jdks\corretto-18.0.2\bin\management.dll
0x00007ffc948d0000 - 0x00007ffc948db000 	C:\Users\Dell 3490\.jdks\corretto-18.0.2\bin\management_ext.dll
0x00007ffc9d800000 - 0x00007ffc9d818000 	C:\Windows\SYSTEM32\CRYPTSP.dll
0x00007ffc9cec0000 - 0x00007ffc9cef4000 	C:\Windows\system32\rsaenh.dll
0x00007ffc9dd50000 - 0x00007ffc9dd7e000 	C:\Windows\SYSTEM32\USERENV.dll
0x00007ffc9d820000 - 0x00007ffc9d82c000 	C:\Windows\SYSTEM32\CRYPTBASE.dll
0x00007ffc96420000 - 0x00007ffc96437000 	C:\Windows\SYSTEM32\dhcpcsvc6.DLL
0x00007ffc975f0000 - 0x00007ffc9760d000 	C:\Windows\SYSTEM32\dhcpcsvc.DLL
0x00007ffc81cc0000 - 0x00007ffc81cd7000 	C:\Windows\system32\napinsp.dll
0x00007ffc81ca0000 - 0x00007ffc81cbb000 	C:\Windows\system32\pnrpnsp.dll
0x00007ffc7ccd0000 - 0x00007ffc7cce5000 	C:\Windows\system32\wshbth.dll
0x00007ffc99190000 - 0x00007ffc991ad000 	C:\Windows\system32\NLAapi.dll
0x00007ffc756d0000 - 0x00007ffc756e2000 	C:\Windows\System32\winrnr.dll
0x00007ffc91540000 - 0x00007ffc91550000 	C:\Users\Dell 3490\.jdks\corretto-18.0.2\bin\verify.dll
0x00007ffc944b0000 - 0x00007ffc944be000 	C:\Users\Dell 3490\.jdks\corretto-18.0.2\bin\sunmscapi.dll
0x00007ffc9e640000 - 0x00007ffc9e796000 	C:\Windows\System32\CRYPT32.dll
0x00007ffc9d920000 - 0x00007ffc9d947000 	C:\Windows\SYSTEM32\ncrypt.dll
0x00007ffc9d8e0000 - 0x00007ffc9d91b000 	C:\Windows\SYSTEM32\NTASN1.dll

dbghelp: loaded successfully - version: 4.0.5 - missing functions: none
symbol engine: initialized successfully - sym options: 0x614 - pdb path: .;C:\Users\Dell 3490\.jdks\corretto-18.0.2\bin;C:\Windows\SYSTEM32;C:\Windows\WinSxS\amd64_microsoft.windows.common-controls_6595b64144ccf1df_6.0.19041.1110_none_60b5254171f9507e;C:\Users\Dell 3490\.jdks\corretto-18.0.2\bin\server;D:\Program Files\JetBrains\IntelliJ IDEA 2022.3\bin

VM Arguments:
jvm_args: -XX:TieredStopAtLevel=1 -Dspring.output.ansi.enabled=always -Dcom.sun.management.jmxremote -Dspring.jmx.enabled=true -Dspring.liveBeansView.mbeanDomain -Dspring.application.admin.enabled=true -Dmanagement.endpoints.jmx.exposure.include=* -javaagent:D:\Program Files\JetBrains\IntelliJ IDEA 2022.3\lib\idea_rt.jar=1772:D:\Program Files\JetBrains\IntelliJ IDEA 2022.3\bin -Dfile.encoding=UTF-8 -Dsun.stdout.encoding=UTF-8 -Dsun.stderr.encoding=UTF-8 
java_command: com.hcmute.bookingevent.BookingEventApplication
java_class_path (initial): D:\Learning\BookingEventTicket\backend\booking-event\booking-event\target\classes;C:\Users\Dell 3490\.m2\repository\org\springframework\boot\spring-boot-starter-data-mongodb\2.7.3\spring-boot-starter-data-mongodb-2.7.3.jar;C:\Users\Dell 3490\.m2\repository\org\springframework\boot\spring-boot-starter\2.7.3\spring-boot-starter-2.7.3.jar;C:\Users\Dell 3490\.m2\repository\org\springframework\boot\spring-boot-starter-logging\2.7.3\spring-boot-starter-logging-2.7.3.jar;C:\Users\Dell 3490\.m2\repository\ch\qos\logback\logback-classic\1.2.11\logback-classic-1.2.11.jar;C:\Users\Dell 3490\.m2\repository\ch\qos\logback\logback-core\1.2.11\logback-core-1.2.11.jar;C:\Users\Dell 3490\.m2\repository\org\apache\logging\log4j\log4j-to-slf4j\2.17.2\log4j-to-slf4j-2.17.2.jar;C:\Users\Dell 3490\.m2\repository\org\apache\logging\log4j\log4j-api\2.17.2\log4j-api-2.17.2.jar;C:\Users\Dell 3490\.m2\repository\org\slf4j\jul-to-slf4j\1.7.36\jul-to-slf4j-1.7.36.jar;C:\Users\Dell 3490\.m2\repository\jakarta\annotation\jakarta.annotation-api\1.3.5\jakarta.annotation-api-1.3.5.jar;C:\Users\Dell 3490\.m2\repository\org\yaml\snakeyaml\1.30\snakeyaml-1.30.jar;C:\Users\Dell 3490\.m2\repository\org\mongodb\mongodb-driver-sync\4.6.1\mongodb-driver-sync-4.6.1.jar;C:\Users\Dell 3490\.m2\repository\org\mongodb\bson\4.6.1\bson-4.6.1.jar;C:\Users\Dell 3490\.m2\repository\org\mongodb\mongodb-driver-core\4.6.1\mongodb-driver-core-4.6.1.jar;C:\Users\Dell 3490\.m2\repository\org\mongodb\bson-record-codec\4.6.1\bson-record-codec-4.6.1.jar;C:\Users\Dell 3490\.m2\repository\org\springframework\data\spring-data-mongodb\3.4.2\spring-data-mongodb-3.4.2.jar;C:\Users\Dell 3490\.m2\repository\org\springframework\spring-expression\5.3.22\spring-expression-5.3.22.jar;C:\Users\Dell 3490\.m2\repository\org\springframework\data\spring-data-commons\2.7.2\spring-data-commons-2.7.2.jar;C:\Users\Dell 3490\.m2\repository\org\springframework\boot\spring-boot-starter-mail\2.7.3\spring-boot-starter-mail-2.7.3.jar;C:\Users\Dell 3490\.m2\repository\org\springframework\spring-context-support\5.3.22\spring-context-support-5.3.22.jar;C:\Users\Dell 3490\.m2\repository\com\sun\mail\jakarta.mail\1.6.7\jakarta.mail-1.6.7.jar;C:\Users\Dell 3490\.m2\repository\com\sun\activation\jakarta.activation\1.2.2\jakarta.activation-1.2.2.jar;C:\Users\Dell 3490\.m2\repository\org\springframework\boot\spring-boot-starter-oauth2-client\2.7.3\spring-boot-starter-oauth2-client-2.7.3.jar;C:\Users\Dell 3490\.m2\repository\org\springframework\security\spring-security-config\5.7.3\spring-security-config-5.7.3.jar;C:\Users\Dell 3490\.m2\repository\org\springframework\security\spring-security-core\5.7.3\spring-security-core-5.7.3.jar;C:\Users\Dell 3490\.m2\repository\org\springframework\security\spring-security-crypto\5.7.3\spring-security-crypto-5.7.3.jar;C:\Users\Dell 3490\.m2\repository\org\springframework\security\spring-security-oauth2-client\5.7.3\spring-security-oauth2-client-5.7.3.jar;C:\Users\Dell 3490\.m2\repository\org\springframework\security\spring-security-oauth2-core\5.7.3\spring-security-oauth2-core-5.7.3.jar;C:\Users\Dell 3490\.m2\repository\com\nimbusds\oauth2-oidc-sdk\9.35\oauth2-oidc-sdk-9.35.jar;C:\Users\Dell 3490\.m2\repository\com\github\stephenc\jcip\jcip-annotations\1.0-1\jcip-annotations-1.0-1.jar;C:\Users\Dell 3490\.m2\repository\com\nimbusds\content-type\2.2\content-type-2.2.jar;C:\Users\Dell 3490\.m2\repository\com\nimbusds\lang-tag\1.6\lang-tag-1.6.jar;C:\Users\Dell 3490\.m2\repository\org\springframework\security\spring-security-oauth2-jose\5.7.3\spring-security-oauth2-jose-5.7.3.jar;C:\Users\Dell 3490\.m2\repository\com\nimbusds\nimbus-jose-jwt\9.22\nimbus-jose-jwt-9.22.jar;C:\Users\Dell 3490\.m2\repository\org\springframework\boot\spring-boot-starter-security\2.7.3\spring-boot-starter-security-2.7.3.jar;C:\Users\Dell 3490\.m2\repository\org\springframework\spring-aop\5.3.22\spring-aop-5.3.22.jar;C:\Users\Dell 3490\.m2\repository\org\springframework\security\spring-security-web\5.7.3\spring-security-web-5.7.3.jar;C:\Users\Dell 3490\.m2\repository\org\springframework\boot\spring-boot-starter-web\2.7.3\spring-boot-starter-web-2.7.3.jar;C:\Users\Dell 3490\.m2\repository\org\springframework\boot\spring-boot-starter-json\2.7.3\spring-boot-starter-json-2.7.3.jar;C:\Users\Dell 3490\.m2\repository\com\fasterxml\jackson\datatype\jackson-datatype-jdk8\2.13.3\jackson-datatype-jdk8-2.13.3.jar;C:\Users\Dell 3490\.m2\repository\com\fasterxml\jackson\datatype\jackson-datatype-jsr310\2.13.3\jackson-datatype-jsr310-2.13.3.jar;C:\Users\Dell 3490\.m2\repository\com\fasterxml\jackson\module\jackson-module-parameter-names\2.13.3\jackson-module-parameter-names-2.13.3.jar;C:\Users\Dell 3490\.m2\repository\org\springframework\boot\spring-boot-starter-tomcat\2.7.3\spring-boot-starter-tomcat-2.7.3.jar;C:\Users\Dell 3490\.m2\repository\org\apache\tomcat\embed\tomcat-embed-core\9.0.65\tomcat-embed-core-9.0.65.jar;C:\Users\Dell 3490\.m2\repository\org\apache\tomcat\embed\tomcat-embed-el\9.0.65\tomcat-embed-el-9.0.65.jar;C:\Users\Dell 3490\.m2\repository\org\apache\tomcat\embed\tomcat-embed-websocket\9.0.65\tomcat-embed-websocket-9.0.65.jar;C:\Users\Dell 3490\.m2\repository\org\springframework\spring-web\5.3.22\spring-web-5.3.22.jar;C:\Users\Dell 3490\.m2\repository\org\springframework\spring-webmvc\5.3.22\spring-webmvc-5.3.22.jar;C:\Users\Dell 3490\.m2\repository\org\springframework\security\oauth\spring-security-oauth2\2.5.0.RELEASE\spring-security-oauth2-2.5.0.RELEASE.jar;C:\Users\Dell 3490\.m2\repository\org\springframework\spring-beans\5.3.22\spring-beans-5.3.22.jar;C:\Users\Dell 3490\.m2\repository\org\springframework\spring-core\5.3.22\spring-core-5.3.22.jar;C:\Users\Dell 3490\.m2\repository\org\springframework\spring-jcl\5.3.22\spring-jcl-5.3.22.jar;C:\Users\Dell 3490\.m2\repository\org\springframework\spring-context\5.3.22\spring-context-5.3.22.jar;C:\Users\Dell 3490\.m2\repository\commons-codec\commons-codec\1.15\commons-codec-1.15.jar;C:\Users\Dell 3490\.m2\repository\io\jsonwebtoken\jjwt\0.9.1\jjwt-0.9.1.jar;C:\Users\Dell 3490\.m2\repository\com\fasterxml\jackson\core\jackson-databind\2.13.3\jackson-databind-2.13.3.jar;C:\Users\Dell 3490\.m2\repository\com\fasterxml\jackson\core\jackson-annotations\2.13.3\jackson-annotations-2.13.3.jar;C:\Users\Dell 3490\.m2\repository\com\fasterxml\jackson\core\jackson-core\2.13.3\jackson-core-2.13.3.jar;C:\Users\Dell 3490\.m2\repository\org\springframework\boot\spring-boot-devtools\2.7.3\spring-boot-devtools-2.7.3.jar;C:\Users\Dell 3490\.m2\repository\org\springframework\boot\spring-boot\2.7.3\spring-boot-2.7.3.jar;C:\Users\Dell 3490\.m2\repository\org\springframework\boot\spring-boot-autoconfigure\2.7.3\spring-boot-autoconfigure-2.7.3.jar;C:\Users\Dell 3490\.m2\repository\org\projectlombok\lombok\1.18.24\lombok-1.18.24.jar;C:\Users\Dell 3490\.m2\repository\net\minidev\json-smart\2.4.8\json-smart-2.4.8.jar;C:\Users\Dell 3490\.m2\repository\net\minidev\accessors-smart\2.4.8\accessors-smart-2.4.8.jar;C:\Users\Dell 3490\.m2\repository\org\ow2\asm\asm\9.1\asm-9.1.jar;C:\Users\Dell 3490\.m2\repository\jakarta\xml\bind\jakarta.xml.bind-api\2.3.3\jakarta.xml.bind-api-2.3.3.jar;C:\Users\Dell 3490\.m2\repository\jakarta\activation\jakarta.activation-api\1.2.2\jakarta.activation-api-1.2.2.jar;C:\Users\Dell 3490\.m2\repository\net\bytebuddy\byte-buddy\1.12.13\byte-buddy-1.12.13.jar;C:\Users\Dell 3490\.m2\repository\io\springfox\springfox-boot-starter\3.0.0\springfox-boot-starter-3.0.0.jar;C:\Users\Dell 3490\.m2\repository\io\springfox\springfox-oas\3.0.0\springfox-oas-3.0.0.jar;C:\Users\Dell 3490\.m2\repository\io\swagger\core\v3\swagger-annotations\2.1.2\swagger-annotations-2.1.2.jar;C:\Users\Dell 3490\.m2\repository\io\swagger\core\v3\swagger-models\2.1.2\swagger-models-2.1.2.jar;C:\Users\Dell 3490\.m2\repository\io\springfox\springfox-spi\3.0.0\springfox-spi-3.0.0.jar;C:\Users\Dell 3490\.m2\repository\io\springfox\springfox-schema\3.0.0\springfox-schema-3.0.0.jar;C:\Users\Dell 3490\.m2\repository\io\springfox\springfox-core\3.0.0\springfox-core-3.0.0.jar;C:\Users\Dell 3490\.m2\repository\io\springfox\springfox-spring-web\3.0.0\springfox-spring-web-3.0.0.jar;C:\Users\Dell 3490\.m2\repository\io\github\classgraph\classgraph\4.8.83\classgraph-4.8.83.jar;C:\Users\Dell 3490\.m2\repository\io\springfox\springfox-spring-webmvc\3.0.0\springfox-spring-webmvc-3.0.0.jar;C:\Users\Dell 3490\.m2\repository\io\springfox\springfox-spring-webflux\3.0.0\springfox-spring-webflux-3.0.0.jar;C:\Users\Dell 3490\.m2\repository\io\springfox\springfox-swagger-common\3.0.0\springfox-swagger-common-3.0.0.jar;C:\Users\Dell 3490\.m2\repository\org\mapstruct\mapstruct\1.3.1.Final\mapstruct-1.3.1.Final.jar;C:\Users\Dell 3490\.m2\repository\io\springfox\springfox-data-rest\3.0.0\springfox-data-rest-3.0.0.jar;C:\Users\Dell 3490\.m2\repository\io\springfox\springfox-bean-validators\3.0.0\springfox-bean-validators-3.0.0.jar;C:\Users\Dell 3490\.m2\repository\io\springfox\springfox-swagger2\3.0.0\springfox-swagger2-3.0.0.jar;C:\Users\Dell 3490\.m2\repository\io\swagger\swagger-annotations\1.5.20\swagger-annotations-1.5.20.jar;C:\Users\Dell 3490\.m2\repository\io\swagger\swagger-models\1.5.20\swagger-models-1.5.20.jar;C:\Users\Dell 3490\.m2\repository\io\springfox\springfox-swagger-ui\3.0.0\springfox-swagger-ui-3.0.0.jar;C:\Users\Dell 3490\.m2\repository\com\fasterxml\classmate\1.5.1\classmate-1.5.1.jar;C:\Users\Dell 3490\.m2\repository\org\slf4j\slf4j-api\1.7.36\slf4j-api-1.7.36.jar;C:\Users\Dell 3490\.m2\repository\org\springframework\plugin\spring-plugin-core\2.0.0.RELEASE\spring-plugin-core-2.0.0.RELEASE.jar;C:\Users\Dell 3490\.m2\repository\org\springframework\plugin\spring-plugin-metadata\2.0.0.RELEASE\spring-plugin-metadata-2.0.0.RELEASE.jar;C:\Users\Dell 3490\.m2\repository\com\cloudinary\cloudinary-http44\1.32.2\cloudinary-http44-1.32.2.jar;C:\Users\Dell 3490\.m2\repository\com\cloudinary\cloudinary-core\1.32.2\cloudinary-core-1.32.2.jar;C:\Users\Dell 3490\.m2\repository\org\apache\commons\commons-lang3\3.12.0\commons-lang3-3.12.0.jar;C:\Users\Dell 3490\.m2\repository\org\apache\httpcomponents\httpclient\4.5.13\httpclient-4.5.13.jar;C:\Users\Dell 3490\.m2\repository\org\apache\httpcomponents\httpcore\4.4.15\httpcore-4.4.15.jar;C:\Users\Dell 3490\.m2\repository\org\apache\httpcomponents\httpmime\4.5.13\httpmime-4.5.13.jar;C:\Users\Dell 3490\.m2\repository\commons-fileupload\commons-fileupload\1.4\commons-fileupload-1.4.jar;C:\Users\Dell 3490\.m2\repository\commons-io\commons-io\2.11.0\commons-io-2.11.0.jar;C:\Users\Dell 3490\.m2\repository\org\springdoc\springdoc-openapi-common\1.6.9\springdoc-openapi-common-1.6.9.jar;C:\Users\Dell 3490\.m2\repository\io\swagger\core\v3\swagger-core\2.2.0\swagger-core-2.2.0.jar;C:\Users\Dell 3490\.m2\repository\com\fasterxml\jackson\dataformat\jackson-dataformat-yaml\2.13.3\jackson-dataformat-yaml-2.13.3.jar;C:\Users\Dell 3490\.m2\repository\jakarta\validation\jakarta.validation-api\2.0.2\jakarta.validation-api-2.0.2.jar;C:\Users\Dell 3490\.m2\repository\org\freemarker\freemarker\2.3.31\freemarker-2.3.31.jar;C:\Users\Dell 3490\.m2\repository\com\paypal\sdk\rest-api-sdk\1.14.0\rest-api-sdk-1.14.0.jar;C:\Users\Dell 3490\.m2\repository\com\google\code\gson\gson\2.9.1\gson-2.9.1.jar;C:\Users\Dell 3490\.m2\repository\org\springframework\spring-orm\5.3.18\spring-orm-5.3.18.jar;C:\Users\Dell 3490\.m2\repository\org\springframework\spring-jdbc\5.3.22\spring-jdbc-5.3.22.jar;C:\Users\Dell 3490\.m2\repository\org\springframework\spring-tx\5.3.22\spring-tx-5.3.22.jar
Launcher Type: SUN_STANDARD

[Global flags]
     intx CICompilerCount                          = 4                                         {product} {ergonomic}
     uint ConcGCThreads                            = 2                                         {product} {ergonomic}
     uint G1ConcRefinementThreads                  = 8                                         {product} {ergonomic}
   size_t G1HeapRegionSize                         = 1048576                                   {product} {ergonomic}
    uintx GCDrainStackTargetSize                   = 64                                        {product} {ergonomic}
   size_t InitialHeapSize                          = 134217728                                 {product} {ergonomic}
     bool ManagementServer                         = true                                      {product} {command line}
   size_t MarkStackSize                            = 4194304                                   {product} {ergonomic}
   size_t MaxHeapSize                              = 2120220672                                {product} {ergonomic}
   size_t MaxNewSize                               = 1271922688                                {product} {ergonomic}
   size_t MinHeapDeltaBytes                        = 1048576                                   {product} {ergonomic}
   size_t MinHeapSize                              = 8388608                                   {product} {ergonomic}
    uintx NonProfiledCodeHeapSize                  = 0                                      {pd product} {ergonomic}
     bool ProfileInterpreter                       = false                                  {pd product} {command line}
    uintx ProfiledCodeHeapSize                     = 0                                      {pd product} {ergonomic}
   size_t SoftMaxHeapSize                          = 2120220672                             {manageable} {ergonomic}
     intx TieredStopAtLevel                        = 1                                         {product} {command line}
     bool UseCompressedClassPointers               = true                           {product lp64_product} {ergonomic}
     bool UseCompressedOops                        = true                           {product lp64_product} {ergonomic}
     bool UseG1GC                                  = true                                      {product} {ergonomic}
     bool UseLargePagesIndividualAllocation        = false                                  {pd product} {ergonomic}

Logging:
Log output configuration:
 #0: stdout all=warning uptime,level,tags foldmultilines=false
 #1: stderr all=off uptime,level,tags foldmultilines=false

Environment Variables:
PATH=C:\Program Files (x86)\Common Files\Intel\Shared Libraries\redist\intel64\compiler;C:\Windows\system32;C:\Windows;C:\Windows\System32\Wbem;C:\Windows\System32\WindowsPowerShell\v1.0\;C:\Windows\System32\OpenSSH\;C:\Program Files\TortoiseGit\bin;C:\Program Files\dotnet\;C:\Program Files\Cloudflare\Cloudflare WARP\;C:\Program Files\Git\cmd;C:\Program Files\nodejs\;C:\Users\Dell 3490\AppData\Local\Microsoft\WindowsApps;C:\Program Files\Heroku\bin;C:\Program Files\JetBrains\WebStorm 2022.2.3\bin;;D:\Program Files\JetBrains\IntelliJ IDEA 2022.3\bin;;D:\Microsoft VS Code\bin;C:\Users\Dell 3490\AppData\Roaming\npm;C:\Users\Dell 3490\AppData\Local\spicetify
USERNAME=QUOC LONG
OS=Windows_NT
PROCESSOR_IDENTIFIER=Intel64 Family 6 Model 142 Stepping 10, GenuineIntel



---------------  S Y S T E M  ---------------

OS:
 Windows 10 , 64 bit Build 19041 (10.0.19041.2546)
OS uptime: 0 days 22:07 hours

CPU: total 8 (initial active 8) (4 cores per cpu, 2 threads per core) family 6 model 142 stepping 10 microcode 0xf0, cx8, cmov, fxsr, ht, mmx, 3dnowpref, sse, sse2, sse3, ssse3, sse4.1, sse4.2, popcnt, lzcnt, tsc, tscinvbit, avx, avx2, aes, erms, clmul, bmi1, bmi2, adx, fma, vzeroupper, clflush, clflushopt

Memory: 4k page, system-wide physical 8086M (140M free)
TotalPageFile size 20540M (AvailPageFile size 38M)
current process WorkingSet (physical memory assigned to process): 86M, peak: 202M
current process commit charge ("private bytes"): 283M, peak: 314M

vm_info: OpenJDK 64-Bit Server VM (18.0.2+9-FR) for windows-amd64 JRE (18.0.2+9-FR), built on Jul 15 2022 20:03:03 by "Administrator" with MS VC++ 15.9 (VS2017)

END.
